<?xml version="1.0" encoding="UTF-8"?>
<robot generator="Robot 7.2.2 (Python 3.11.0 on darwin)" generated="2025-03-20T08:19:06.963429" rpa="false" schemaversion="5">
<suite id="s1" name="Tests" source="/Users/mitran/pythonProject/RobotFramework/tests">
<suite id="s1-s1" name="Testdemo2" source="/Users/mitran/pythonProject/RobotFramework/tests/testdemo2.robot">
<test id="s1-s1-t1" name="Validate UnSuccessful Login" line="16">
<kw name="Open the browser with the Mortgage payment url" owner="generic" type="SETUP">
<kw name="Open Browser" owner="SeleniumLibrary">
<msg time="2025-03-20T08:19:07.273008" level="INFO">Opening browser 'chrome' to base url 'about:blank'.</msg>
<arg>about:blank</arg>
<arg>chrome</arg>
<doc>Opens a new browser instance to the optional ``url``.</doc>
<status status="PASS" start="2025-03-20T08:19:07.272425" elapsed="14.862853"/>
</kw>
<kw name="Go To" owner="SeleniumLibrary">
<msg time="2025-03-20T08:19:22.138550" level="INFO">Opening url 'https://rahulshettyacademy.com/loginpagePractise/'</msg>
<arg>${url}</arg>
<doc>Navigates the current browser window to the provided ``url``.</doc>
<status status="PASS" start="2025-03-20T08:19:22.137554" elapsed="3.268055"/>
</kw>
<status status="PASS" start="2025-03-20T08:19:07.271186" elapsed="18.134805"/>
</kw>
<kw name="Fill the login form">
<kw name="Wait Until Element Is Visible" owner="SeleniumLibrary">
<arg>id:username</arg>
<arg>timeout=5s</arg>
<doc>Waits until the element ``locator`` is visible.</doc>
<status status="PASS" start="2025-03-20T08:19:25.407407" elapsed="0.058087"/>
</kw>
<kw name="Input Text" owner="SeleniumLibrary">
<msg time="2025-03-20T08:19:25.466390" level="INFO">Typing text 'rahulshettyacademy' into text field 'id:username'.</msg>
<arg>id:username</arg>
<arg>${user_name}</arg>
<doc>Types the given ``text`` into the text field identified by ``locator``.</doc>
<status status="PASS" start="2025-03-20T08:19:25.465907" elapsed="1.207852"/>
</kw>
<kw name="Input Password" owner="SeleniumLibrary">
<msg time="2025-03-20T08:19:26.676039" level="INFO">Typing password into text field 'id:password'.</msg>
<msg time="2025-03-20T08:19:26.744019" level="INFO">Temporally setting log level to: NONE</msg>
<arg>id:password</arg>
<arg>${password}</arg>
<doc>Types the given password into the text field identified by ``locator``.</doc>
<status status="PASS" start="2025-03-20T08:19:26.674073" elapsed="0.174275"/>
</kw>
<kw name="Click Button" owner="SeleniumLibrary">
<msg time="2025-03-20T08:19:26.849813" level="INFO">Clicking button 'id:signInBtn'.</msg>
<arg>id:signInBtn</arg>
<doc>Clicks the button identified by ``locator``.</doc>
<status status="PASS" start="2025-03-20T08:19:26.848936" elapsed="0.141736"/>
</kw>
<arg>${username}</arg>
<arg>${invalid_password}</arg>
<status status="PASS" start="2025-03-20T08:19:25.406520" elapsed="1.585207"/>
</kw>
<kw name="Wait for element to appear">
<kw name="Wait Until Element Is Visible" owner="SeleniumLibrary">
<arg>${element}</arg>
<doc>Waits until the element ``locator`` is visible.</doc>
<status status="PASS" start="2025-03-20T08:19:26.994514" elapsed="1.997183"/>
</kw>
<arg>${Error_message_login}</arg>
<status status="PASS" start="2025-03-20T08:19:26.992411" elapsed="1.999388"/>
</kw>
<kw name="Verify error message is correct">
<kw name="Element Text Should Be" owner="SeleniumLibrary">
<msg time="2025-03-20T08:19:28.992565" level="INFO">Verifying element 'css:.alert-danger' contains exact text 'Incorrect username/password.'.</msg>
<arg>${Error_message_login}</arg>
<arg>Incorrect username/password.</arg>
<doc>Verifies that element ``locator`` contains exact the text ``expected``.</doc>
<status status="PASS" start="2025-03-20T08:19:28.992346" elapsed="0.029566"/>
</kw>
<status status="PASS" start="2025-03-20T08:19:28.992054" elapsed="0.029964"/>
</kw>
<kw name="Close browser session" owner="generic" type="TEARDOWN">
<kw name="Close Browser" owner="SeleniumLibrary">
<doc>Closes the current browser.</doc>
<status status="PASS" start="2025-03-20T08:19:29.022517" elapsed="0.090871"/>
</kw>
<status status="PASS" start="2025-03-20T08:19:29.022251" elapsed="0.091255"/>
</kw>
<status status="PASS" start="2025-03-20T08:19:07.270094" elapsed="21.843465"/>
</test>
<test id="s1-s1-t2" name="Validate cards display in the shopping page" line="22">
<kw name="Open the browser with the Mortgage payment url" owner="generic" type="SETUP">
<kw name="Open Browser" owner="SeleniumLibrary">
<msg time="2025-03-20T08:19:29.114612" level="INFO">Opening browser 'chrome' to base url 'about:blank'.</msg>
<arg>about:blank</arg>
<arg>chrome</arg>
<doc>Opens a new browser instance to the optional ``url``.</doc>
<status status="PASS" start="2025-03-20T08:19:29.114438" elapsed="2.246869"/>
</kw>
<kw name="Go To" owner="SeleniumLibrary">
<msg time="2025-03-20T08:19:31.367591" level="INFO">Opening url 'https://rahulshettyacademy.com/loginpagePractise/'</msg>
<arg>${url}</arg>
<doc>Navigates the current browser window to the provided ``url``.</doc>
<status status="PASS" start="2025-03-20T08:19:31.365266" elapsed="1.963509"/>
</kw>
<status status="PASS" start="2025-03-20T08:19:29.114179" elapsed="4.214844"/>
</kw>
<kw name="Fill the login form">
<kw name="Wait Until Element Is Visible" owner="SeleniumLibrary">
<arg>id:username</arg>
<arg>timeout=5s</arg>
<doc>Waits until the element ``locator`` is visible.</doc>
<status status="PASS" start="2025-03-20T08:19:33.336075" elapsed="0.097354"/>
</kw>
<kw name="Input Text" owner="SeleniumLibrary">
<msg time="2025-03-20T08:19:33.435313" level="INFO">Typing text 'rahulshettyacademy' into text field 'id:username'.</msg>
<arg>id:username</arg>
<arg>${user_name}</arg>
<doc>Types the given ``text`` into the text field identified by ``locator``.</doc>
<status status="PASS" start="2025-03-20T08:19:33.434320" elapsed="0.343009"/>
</kw>
<kw name="Input Password" owner="SeleniumLibrary">
<msg time="2025-03-20T08:19:33.778003" level="INFO">Typing password into text field 'id:password'.</msg>
<msg time="2025-03-20T08:19:33.833328" level="INFO">Temporally setting log level to: NONE</msg>
<arg>id:password</arg>
<arg>${password}</arg>
<doc>Types the given password into the text field identified by ``locator``.</doc>
<status status="PASS" start="2025-03-20T08:19:33.777623" elapsed="0.116627"/>
</kw>
<kw name="Click Button" owner="SeleniumLibrary">
<msg time="2025-03-20T08:19:33.894935" level="INFO">Clicking button 'id:signInBtn'.</msg>
<arg>id:signInBtn</arg>
<doc>Clicks the button identified by ``locator``.</doc>
<status status="PASS" start="2025-03-20T08:19:33.894499" elapsed="0.096655"/>
</kw>
<arg>${username}</arg>
<arg>${valid_password}</arg>
<status status="PASS" start="2025-03-20T08:19:33.330639" elapsed="0.660801"/>
</kw>
<kw name="Wait for element to appear">
<kw name="Wait Until Element Is Visible" owner="SeleniumLibrary">
<arg>${element}</arg>
<doc>Waits until the element ``locator`` is visible.</doc>
<status status="PASS" start="2025-03-20T08:19:33.992783" elapsed="3.349751"/>
</kw>
<arg>${Shop_page_load}</arg>
<status status="PASS" start="2025-03-20T08:19:33.991711" elapsed="3.350926"/>
</kw>
<kw name="Verify Card titles in the Shop page">
<kw name="Create List" owner="BuiltIn">
<msg time="2025-03-20T08:19:37.343342" level="INFO">@{expected_list} = [ iphone X | Samsung Note 8 | Nokia Edge | Blackberry ]</msg>
<var>@{expected_list}</var>
<arg>iphone X</arg>
<arg>Samsung Note 8</arg>
<arg>Nokia Edge</arg>
<arg>Blackberry</arg>
<doc>Returns a list containing given items.</doc>
<status status="PASS" start="2025-03-20T08:19:37.343131" elapsed="0.000283"/>
</kw>
<kw name="Get WebElements" owner="SeleniumLibrary">
<msg time="2025-03-20T08:19:37.369832" level="INFO">${product_elements} = [&lt;selenium.webdriver.remote.webelement.WebElement (session="6f75e25fa05058a4876580dbbe919bfc", element="f.9B1021D25E8A7CB1DA7DBB2F3AA57924.d.834B17F7F77CC29AD5A56C4785A5CB3A.e.70")&gt;, &lt;selenium.webdriv...</msg>
<var>${product_elements}</var>
<arg>css:.card-title</arg>
<doc>Returns a list of WebElement objects matching the ``locator``.</doc>
<status status="PASS" start="2025-03-20T08:19:37.343594" elapsed="0.026282"/>
</kw>
<kw name="Create List" owner="BuiltIn">
<msg time="2025-03-20T08:19:37.370358" level="INFO">@{actual_list} = [ ]</msg>
<var>@{actual_list}</var>
<doc>Returns a list containing given items.</doc>
<status status="PASS" start="2025-03-20T08:19:37.370078" elapsed="0.000304"/>
</kw>
<for flavor="IN">
<iter>
<kw name="Log" owner="BuiltIn">
<msg time="2025-03-20T08:19:37.382188" level="INFO">iphone X</msg>
<arg>${element.text}</arg>
<doc>Logs the given message with the given level.</doc>
<status status="PASS" start="2025-03-20T08:19:37.370779" elapsed="0.011486"/>
</kw>
<kw name="Append To List" owner="Collections">
<arg>${actual_list}</arg>
<arg>${element.text}</arg>
<doc>Adds ``values`` to the end of ``list``.</doc>
<status status="PASS" start="2025-03-20T08:19:37.382418" elapsed="0.007315"/>
</kw>
<var name="${element}">&lt;selenium.webdriver.remote.webelement.WebElement (session="6f75e25fa05058a4876580dbbe919bfc", element="f.9B1021D25E8A7CB1DA7DBB2F3AA57924.d.834B17F7F77CC29AD5A56C4785A5CB3A.e.70")&gt;</var>
<status status="PASS" start="2025-03-20T08:19:37.370667" elapsed="0.019137"/>
</iter>
<iter>
<kw name="Log" owner="BuiltIn">
<msg time="2025-03-20T08:19:37.395877" level="INFO">Samsung Note 8</msg>
<arg>${element.text}</arg>
<doc>Logs the given message with the given level.</doc>
<status status="PASS" start="2025-03-20T08:19:37.390080" elapsed="0.005856"/>
</kw>
<kw name="Append To List" owner="Collections">
<arg>${actual_list}</arg>
<arg>${element.text}</arg>
<doc>Adds ``values`` to the end of ``list``.</doc>
<status status="PASS" start="2025-03-20T08:19:37.396065" elapsed="0.006191"/>
</kw>
<var name="${element}">&lt;selenium.webdriver.remote.webelement.WebElement (session="6f75e25fa05058a4876580dbbe919bfc", element="f.9B1021D25E8A7CB1DA7DBB2F3AA57924.d.834B17F7F77CC29AD5A56C4785A5CB3A.e.71")&gt;</var>
<status status="PASS" start="2025-03-20T08:19:37.389935" elapsed="0.012398"/>
</iter>
<iter>
<kw name="Log" owner="BuiltIn">
<msg time="2025-03-20T08:19:37.408314" level="INFO">Nokia Edge</msg>
<arg>${element.text}</arg>
<doc>Logs the given message with the given level.</doc>
<status status="PASS" start="2025-03-20T08:19:37.402617" elapsed="0.005754"/>
</kw>
<kw name="Append To List" owner="Collections">
<arg>${actual_list}</arg>
<arg>${element.text}</arg>
<doc>Adds ``values`` to the end of ``list``.</doc>
<status status="PASS" start="2025-03-20T08:19:37.408500" elapsed="0.006495"/>
</kw>
<var name="${element}">&lt;selenium.webdriver.remote.webelement.WebElement (session="6f75e25fa05058a4876580dbbe919bfc", element="f.9B1021D25E8A7CB1DA7DBB2F3AA57924.d.834B17F7F77CC29AD5A56C4785A5CB3A.e.72")&gt;</var>
<status status="PASS" start="2025-03-20T08:19:37.402467" elapsed="0.012599"/>
</iter>
<iter>
<kw name="Log" owner="BuiltIn">
<msg time="2025-03-20T08:19:37.421160" level="INFO">Blackberry</msg>
<arg>${element.text}</arg>
<doc>Logs the given message with the given level.</doc>
<status status="PASS" start="2025-03-20T08:19:37.415336" elapsed="0.005880"/>
</kw>
<kw name="Append To List" owner="Collections">
<arg>${actual_list}</arg>
<arg>${element.text}</arg>
<doc>Adds ``values`` to the end of ``list``.</doc>
<status status="PASS" start="2025-03-20T08:19:37.421344" elapsed="0.006517"/>
</kw>
<var name="${element}">&lt;selenium.webdriver.remote.webelement.WebElement (session="6f75e25fa05058a4876580dbbe919bfc", element="f.9B1021D25E8A7CB1DA7DBB2F3AA57924.d.834B17F7F77CC29AD5A56C4785A5CB3A.e.73")&gt;</var>
<status status="PASS" start="2025-03-20T08:19:37.415190" elapsed="0.012742"/>
</iter>
<var>${element}</var>
<value>@{product_elements}</value>
<status status="PASS" start="2025-03-20T08:19:37.370483" elapsed="0.057501"/>
</for>
<kw name="Lists Should Be Equal" owner="Collections">
<arg>${actual_list}</arg>
<arg>${expected_list}</arg>
<doc>Fails if given lists are unequal.</doc>
<status status="PASS" start="2025-03-20T08:19:37.428108" elapsed="0.000234"/>
</kw>
<status status="PASS" start="2025-03-20T08:19:37.342868" elapsed="0.085536"/>
</kw>
<kw name="Select the Card">
<kw name="Get WebElements" owner="SeleniumLibrary">
<msg time="2025-03-20T08:19:37.433022" level="INFO">${elements} = [&lt;selenium.webdriver.remote.webelement.WebElement (session="6f75e25fa05058a4876580dbbe919bfc", element="f.9B1021D25E8A7CB1DA7DBB2F3AA57924.d.834B17F7F77CC29AD5A56C4785A5CB3A.e.70")&gt;, &lt;selenium.webdriv...</msg>
<var>${elements}</var>
<arg>css:.card-title</arg>
<doc>Returns a list of WebElement objects matching the ``locator``.</doc>
<status status="PASS" start="2025-03-20T08:19:37.428743" elapsed="0.004317"/>
</kw>
<kw name="Set Variable" owner="BuiltIn">
<msg time="2025-03-20T08:19:37.433332" level="INFO">${index} = 0</msg>
<var>${index}</var>
<arg>0</arg>
<doc>Returns the given values which can then be assigned to a variables.</doc>
<status status="PASS" start="2025-03-20T08:19:37.433182" elapsed="0.000170"/>
</kw>
<for flavor="IN">
<iter>
<kw name="Get Text" owner="SeleniumLibrary">
<msg time="2025-03-20T08:19:37.439802" level="INFO">${text} = iphone X</msg>
<var>${text}</var>
<arg>${element}</arg>
<doc>Returns the text value of the element identified by ``locator``.</doc>
<status status="PASS" start="2025-03-20T08:19:37.433658" elapsed="0.006181"/>
</kw>
<kw name="Exit For Loop If" owner="BuiltIn">
<arg>'${text}' == '${Cardname}'</arg>
<doc>Stops executing the enclosing FOR loop if the ``condition`` is true.</doc>
<status status="PASS" start="2025-03-20T08:19:37.439967" elapsed="0.000285"/>
</kw>
<kw name="Evaluate" owner="BuiltIn">
<msg time="2025-03-20T08:19:37.440504" level="INFO">${index} = 1</msg>
<var>${index}</var>
<arg>${index}+1</arg>
<doc>Evaluates the given expression in Python and returns the result.</doc>
<status status="PASS" start="2025-03-20T08:19:37.440348" elapsed="0.000177"/>
</kw>
<var name="${element}">&lt;selenium.webdriver.remote.webelement.WebElement (session="6f75e25fa05058a4876580dbbe919bfc", element="f.9B1021D25E8A7CB1DA7DBB2F3AA57924.d.834B17F7F77CC29AD5A56C4785A5CB3A.e.70")&gt;</var>
<status status="PASS" start="2025-03-20T08:19:37.433533" elapsed="0.007026"/>
</iter>
<iter>
<kw name="Get Text" owner="SeleniumLibrary">
<msg time="2025-03-20T08:19:37.446054" level="INFO">${text} = Samsung Note 8</msg>
<var>${text}</var>
<arg>${element}</arg>
<doc>Returns the text value of the element identified by ``locator``.</doc>
<status status="PASS" start="2025-03-20T08:19:37.440740" elapsed="0.005349"/>
</kw>
<kw name="Exit For Loop If" owner="BuiltIn">
<arg>'${text}' == '${Cardname}'</arg>
<doc>Stops executing the enclosing FOR loop if the ``condition`` is true.</doc>
<status status="PASS" start="2025-03-20T08:19:37.446215" elapsed="0.000242"/>
</kw>
<kw name="Evaluate" owner="BuiltIn">
<msg time="2025-03-20T08:19:37.446673" level="INFO">${index} = 2</msg>
<var>${index}</var>
<arg>${index}+1</arg>
<doc>Evaluates the given expression in Python and returns the result.</doc>
<status status="PASS" start="2025-03-20T08:19:37.446538" elapsed="0.000155"/>
</kw>
<var name="${element}">&lt;selenium.webdriver.remote.webelement.WebElement (session="6f75e25fa05058a4876580dbbe919bfc", element="f.9B1021D25E8A7CB1DA7DBB2F3AA57924.d.834B17F7F77CC29AD5A56C4785A5CB3A.e.71")&gt;</var>
<status status="PASS" start="2025-03-20T08:19:37.440656" elapsed="0.006071"/>
</iter>
<iter>
<kw name="Get Text" owner="SeleniumLibrary">
<msg time="2025-03-20T08:19:37.452268" level="INFO">${text} = Nokia Edge</msg>
<var>${text}</var>
<arg>${element}</arg>
<doc>Returns the text value of the element identified by ``locator``.</doc>
<status status="PASS" start="2025-03-20T08:19:37.446909" elapsed="0.005394"/>
</kw>
<kw name="Exit For Loop If" owner="BuiltIn">
<msg time="2025-03-20T08:19:37.452663" level="INFO">Exiting for loop altogether.</msg>
<arg>'${text}' == '${Cardname}'</arg>
<doc>Stops executing the enclosing FOR loop if the ``condition`` is true.</doc>
<status status="PASS" start="2025-03-20T08:19:37.452422" elapsed="0.000334"/>
</kw>
<kw name="Evaluate" owner="BuiltIn">
<var>${index}</var>
<arg>${index}+1</arg>
<doc>Evaluates the given expression in Python and returns the result.</doc>
<status status="NOT RUN" start="2025-03-20T08:19:37.452844" elapsed="0.000033"/>
</kw>
<var name="${element}">&lt;selenium.webdriver.remote.webelement.WebElement (session="6f75e25fa05058a4876580dbbe919bfc", element="f.9B1021D25E8A7CB1DA7DBB2F3AA57924.d.834B17F7F77CC29AD5A56C4785A5CB3A.e.72")&gt;</var>
<status status="PASS" start="2025-03-20T08:19:37.446822" elapsed="0.006144"/>
</iter>
<var>${element}</var>
<value>@{elements}</value>
<status status="PASS" start="2025-03-20T08:19:37.433402" elapsed="0.019617"/>
</for>
<kw name="Get WebElements" owner="SeleniumLibrary">
<msg time="2025-03-20T08:19:37.460220" level="INFO">${buttons} = [&lt;selenium.webdriver.remote.webelement.WebElement (session="6f75e25fa05058a4876580dbbe919bfc", element="f.9B1021D25E8A7CB1DA7DBB2F3AA57924.d.834B17F7F77CC29AD5A56C4785A5CB3A.e.74")&gt;, &lt;selenium.webdriv...</msg>
<var>${buttons}</var>
<arg>css:.btn-info</arg>
<doc>Returns a list of WebElement objects matching the ``locator``.</doc>
<status status="PASS" start="2025-03-20T08:19:37.453108" elapsed="0.007149"/>
</kw>
<kw name="Click Button" owner="SeleniumLibrary">
<msg time="2025-03-20T08:19:37.460590" level="INFO">Clicking button '&lt;selenium.webdriver.remote.webelement.WebElement (session="6f75e25fa05058a4876580dbbe919bfc", element="f.9B1021D25E8A7CB1DA7DBB2F3AA57924.d.834B17F7F77CC29AD5A56C4785A5CB3A.e.76")&gt;'.</msg>
<arg>${buttons}[${index}]</arg>
<doc>Clicks the button identified by ``locator``.</doc>
<status status="PASS" start="2025-03-20T08:19:37.460374" elapsed="0.036997"/>
</kw>
<kw name="Sleep" owner="BuiltIn">
<msg time="2025-03-20T08:19:42.498575" level="INFO">Slept 5 seconds.</msg>
<arg>5s</arg>
<doc>Pauses the test executed for the given time.</doc>
<status status="PASS" start="2025-03-20T08:19:37.497512" elapsed="5.001177"/>
</kw>
<arg>Nokia Edge</arg>
<status status="PASS" start="2025-03-20T08:19:37.428544" elapsed="5.070252"/>
</kw>
<kw name="Close browser session" owner="generic" type="TEARDOWN">
<kw name="Close Browser" owner="SeleniumLibrary">
<doc>Closes the current browser.</doc>
<status status="PASS" start="2025-03-20T08:19:42.499362" elapsed="0.085774"/>
</kw>
<status status="PASS" start="2025-03-20T08:19:42.499055" elapsed="0.086184"/>
</kw>
<status status="PASS" start="2025-03-20T08:19:29.113854" elapsed="13.471435"/>
</test>
<test id="s1-s1-t3" name="Log in with selected drop-down value" line="28">
<kw name="Open the browser with the Mortgage payment url" owner="generic" type="SETUP">
<kw name="Open Browser" owner="SeleniumLibrary">
<msg time="2025-03-20T08:19:42.586422" level="INFO">Opening browser 'chrome' to base url 'about:blank'.</msg>
<arg>about:blank</arg>
<arg>chrome</arg>
<doc>Opens a new browser instance to the optional ``url``.</doc>
<status status="PASS" start="2025-03-20T08:19:42.586275" elapsed="0.866796"/>
</kw>
<kw name="Go To" owner="SeleniumLibrary">
<msg time="2025-03-20T08:19:43.453830" level="INFO">Opening url 'https://rahulshettyacademy.com/loginpagePractise/'</msg>
<arg>${url}</arg>
<doc>Navigates the current browser window to the provided ``url``.</doc>
<status status="PASS" start="2025-03-20T08:19:43.453475" elapsed="2.328797"/>
</kw>
<status status="PASS" start="2025-03-20T08:19:42.586011" elapsed="3.196633"/>
</kw>
<kw name="Fill the login details and login page">
<kw name="Input Text" owner="SeleniumLibrary">
<msg time="2025-03-20T08:19:45.787510" level="INFO">Typing text 'rahulshettyacademy' into text field 'id:username'.</msg>
<msg time="2025-03-20T08:19:46.639817" level="INFO" html="true">&lt;/td&gt;&lt;/tr&gt;&lt;tr&gt;&lt;td colspan="3"&gt;&lt;a href="selenium-screenshot-1.png"&gt;&lt;img src="selenium-screenshot-1.png" width="800px"&gt;&lt;/a&gt;</msg>
<msg time="2025-03-20T08:19:46.640008" level="FAIL">Element with locator 'id:username' not found.</msg>
<arg>id:username</arg>
<arg>${user_name}</arg>
<doc>Types the given ``text`` into the text field identified by ``locator``.</doc>
<status status="FAIL" start="2025-03-20T08:19:45.786506" elapsed="0.856717">Element with locator 'id:username' not found.</status>
</kw>
<kw name="Input Password" owner="SeleniumLibrary">
<arg>id:password</arg>
<arg>learning</arg>
<doc>Types the given password into the text field identified by ``locator``.</doc>
<status status="NOT RUN" start="2025-03-20T08:19:46.643448" elapsed="0.000059"/>
</kw>
<kw name="Click Element" owner="SeleniumLibrary">
<arg>css:input[value="user"] + .checkmark</arg>
<doc>Click the element identified by ``locator``.</doc>
<status status="NOT RUN" start="2025-03-20T08:19:46.643590" elapsed="0.000031"/>
</kw>
<kw name="Wait Until Element Is Visible" owner="SeleniumLibrary">
<arg>css:.modal-body</arg>
<doc>Waits until the element ``locator`` is visible.</doc>
<status status="NOT RUN" start="2025-03-20T08:19:46.643689" elapsed="0.000028"/>
</kw>
<kw name="Sleep" owner="BuiltIn">
<arg>1s</arg>
<doc>Pauses the test executed for the given time.</doc>
<status status="NOT RUN" start="2025-03-20T08:19:46.643784" elapsed="0.000029"/>
</kw>
<kw name="Click Element" owner="SeleniumLibrary">
<arg>id:okayBtn</arg>
<doc>Click the element identified by ``locator``.</doc>
<status status="NOT RUN" start="2025-03-20T08:19:46.643871" elapsed="0.000026"/>
</kw>
<kw name="Wait Until Element Is Not Visible" owner="SeleniumLibrary">
<arg>css:.modal-body</arg>
<doc>Waits until the element ``locator`` is not visible.</doc>
<status status="NOT RUN" start="2025-03-20T08:19:46.643959" elapsed="0.000026"/>
</kw>
<kw name="Select From List By Value" owner="SeleniumLibrary">
<arg>css:select.form-control</arg>
<arg>teach</arg>
<doc>Selects options from selection list ``locator`` by ``values``.</doc>
<status status="NOT RUN" start="2025-03-20T08:19:46.644052" elapsed="0.000027"/>
</kw>
<kw name="Select Checkbox" owner="SeleniumLibrary">
<arg>id:terms</arg>
<doc>Selects the checkbox identified by ``locator``.</doc>
<status status="NOT RUN" start="2025-03-20T08:19:46.644135" elapsed="0.000036"/>
</kw>
<kw name="Checkbox Should Be Selected" owner="SeleniumLibrary">
<arg>id:terms</arg>
<doc>Verifies checkbox ``locator`` is selected/checked.</doc>
<status status="NOT RUN" start="2025-03-20T08:19:46.644231" elapsed="0.000033"/>
</kw>
<status status="FAIL" start="2025-03-20T08:19:45.784647" elapsed="0.859730">Element with locator 'id:username' not found.</status>
</kw>
<kw name="Close browser session" owner="generic" type="TEARDOWN">
<kw name="Close Browser" owner="SeleniumLibrary">
<doc>Closes the current browser.</doc>
<status status="PASS" start="2025-03-20T08:19:46.644967" elapsed="0.069890"/>
</kw>
<status status="PASS" start="2025-03-20T08:19:46.644577" elapsed="0.070379"/>
</kw>
<status status="FAIL" start="2025-03-20T08:19:42.585579" elapsed="4.129423">Element with locator 'id:username' not found.</status>
</test>
<doc>To validate the Login form</doc>
<status status="FAIL" start="2025-03-20T08:19:07.006932" elapsed="39.708513"/>
</suite>
<status status="FAIL" start="2025-03-20T08:19:06.976312" elapsed="39.739566"/>
</suite>
<statistics>
<total>
<stat pass="2" fail="1" skip="0">All Tests</stat>
</total>
<tag>
</tag>
<suite>
<stat name="Tests" id="s1" pass="2" fail="1" skip="0">Tests</stat>
<stat name="Testdemo2" id="s1-s1" pass="2" fail="1" skip="0">Tests.Testdemo2</stat>
</suite>
</statistics>
<errors>
</errors>
</robot>
