<?xml version="1.0" encoding="UTF-8"?>
<robot generator="Rebot 7.2.2 (Python 3.11.0 on darwin)" generated="2025-03-20T08:27:30.106843" rpa="false" schemaversion="5">
<suite id="s1" name="Tests" source="/Users/mitran/pythonProject/RobotFramework/tests">
<suite id="s1-s1" name="Testdemo1" source="/Users/mitran/pythonProject/RobotFramework/tests/testdemo1.robot">
<test id="s1-s1-t1" name="Validate UnSuccesful Login" line="10">
<kw name="open the browser with the Mortgage payment url">
<kw name="Open Browser" owner="SeleniumLibrary">
<msg time="2025-03-20T08:27:00.538137" level="INFO">Opening browser 'chrome' to base url 'about:blank'.</msg>
<arg>about:blank</arg>
<arg>chrome</arg>
<doc>Opens a new browser instance to the optional ``url``.</doc>
<status status="PASS" start="2025-03-20T08:27:00.537807" elapsed="3.892912"/>
</kw>
<kw name="Go To" owner="SeleniumLibrary">
<msg time="2025-03-20T08:27:04.431888" level="INFO">Opening url 'https://rahulshettyacademy.com/loginpagePractise/'</msg>
<arg>https://rahulshettyacademy.com/loginpagePractise/</arg>
<doc>Navigates the current browser window to the provided ``url``.</doc>
<status status="PASS" start="2025-03-20T08:27:04.431429" elapsed="2.954171"/>
</kw>
<status status="PASS" start="2025-03-20T08:27:00.536714" elapsed="6.849144"/>
</kw>
<kw name="Fill the login form">
<kw name="Wait Until Element Is Visible" owner="SeleniumLibrary">
<arg>id:username</arg>
<arg>5s</arg>
<doc>Waits until the element ``locator`` is visible.</doc>
<status status="PASS" start="2025-03-20T08:27:07.396827" elapsed="0.054049"/>
</kw>
<kw name="Input Text" owner="SeleniumLibrary">
<msg time="2025-03-20T08:27:07.451383" level="INFO">Typing text 'mimitesttest' into text field 'id:username'.</msg>
<arg>id:username</arg>
<arg>${user_name}</arg>
<doc>Types the given ``text`` into the text field identified by ``locator``.</doc>
<status status="PASS" start="2025-03-20T08:27:07.451091" elapsed="0.356257"/>
</kw>
<kw name="Input Password" owner="SeleniumLibrary">
<msg time="2025-03-20T08:27:07.810091" level="INFO">Typing password into text field 'id:password'.</msg>
<msg time="2025-03-20T08:27:07.848504" level="INFO">Temporally setting log level to: NONE</msg>
<arg>id:password</arg>
<arg>${password}</arg>
<doc>Types the given password into the text field identified by ``locator``.</doc>
<status status="PASS" start="2025-03-20T08:27:07.808736" elapsed="0.102944"/>
</kw>
<kw name="Click Button" owner="SeleniumLibrary">
<msg time="2025-03-20T08:27:07.912127" level="INFO">Clicking button 'id:signInBtn'.</msg>
<arg>id:signInBtn</arg>
<doc>Clicks the button identified by ``locator``.</doc>
<status status="PASS" start="2025-03-20T08:27:07.911900" elapsed="0.178143"/>
</kw>
<status status="PASS" start="2025-03-20T08:27:07.392065" elapsed="0.698292"/>
</kw>
<kw name="wait until it checks and display error message">
<kw name="Wait Until Element Is Visible" owner="SeleniumLibrary">
<arg>${Error_message_login}</arg>
<arg>timeout=5s</arg>
<doc>Waits until the element ``locator`` is visible.</doc>
<status status="PASS" start="2025-03-20T08:27:08.091913" elapsed="2.192000"/>
</kw>
<status status="PASS" start="2025-03-20T08:27:08.090705" elapsed="2.193326"/>
</kw>
<kw name="verify error message is correct">
<kw name="Element Text Should Be" owner="SeleniumLibrary">
<msg time="2025-03-20T08:27:10.284658" level="INFO">Verifying element 'css:.alert-danger' contains exact text 'Incorrect username/password.'.</msg>
<arg>${Error_message_login}</arg>
<arg>Incorrect username/password.</arg>
<doc>Verifies that element ``locator`` contains exact the text ``expected``.</doc>
<status status="PASS" start="2025-03-20T08:27:10.284458" elapsed="0.014318"/>
</kw>
<status status="PASS" start="2025-03-20T08:27:10.284181" elapsed="0.014699"/>
</kw>
<kw name="Close Browser" owner="SeleniumLibrary" type="TEARDOWN">
<doc>Closes the current browser.</doc>
<status status="PASS" start="2025-03-20T08:27:10.299062" elapsed="0.081992"/>
</kw>
<status status="PASS" start="2025-03-20T08:27:00.535713" elapsed="9.845433"/>
</test>
<doc>To validate the Login form</doc>
<status status="PASS" start="2025-03-20T08:27:00.273000" elapsed="9.846000"/>
</suite>
<suite id="s1-s2" name="Testdemo2" source="/Users/mitran/pythonProject/RobotFramework/tests/testdemo2.robot">
<test id="s1-s2-t1" name="Validate UnSuccessful Login" line="16">
<kw name="Open the browser with the Mortgage payment url" owner="generic" type="SETUP">
<kw name="Open Browser" owner="SeleniumLibrary">
<msg time="2025-03-20T08:27:00.548750" level="INFO">Opening browser 'chrome' to base url 'about:blank'.</msg>
<arg>about:blank</arg>
<arg>chrome</arg>
<doc>Opens a new browser instance to the optional ``url``.</doc>
<status status="PASS" start="2025-03-20T08:27:00.548348" elapsed="3.872700"/>
</kw>
<kw name="Go To" owner="SeleniumLibrary">
<msg time="2025-03-20T08:27:04.426782" level="INFO">Opening url 'https://rahulshettyacademy.com/loginpagePractise/'</msg>
<arg>${url}</arg>
<doc>Navigates the current browser window to the provided ``url``.</doc>
<status status="PASS" start="2025-03-20T08:27:04.424952" elapsed="2.906455"/>
</kw>
<status status="PASS" start="2025-03-20T08:27:00.546870" elapsed="6.784697"/>
</kw>
<kw name="Fill the login form">
<kw name="Set Selenium Timeout" owner="SeleniumLibrary">
<arg>10s</arg>
<doc>Sets the timeout that is used by various keywords.</doc>
<status status="PASS" start="2025-03-20T08:27:07.336457" elapsed="0.021801"/>
</kw>
<kw name="Wait Until Element Is Visible" owner="SeleniumLibrary">
<arg>id:username</arg>
<arg>timeout=10s</arg>
<doc>Waits until the element ``locator`` is visible.</doc>
<status status="PASS" start="2025-03-20T08:27:07.360275" elapsed="0.087843"/>
</kw>
<kw name="Input Text" owner="SeleniumLibrary">
<msg time="2025-03-20T08:27:07.448656" level="INFO">Typing text 'rahulshettyacademy' into text field 'id:username'.</msg>
<arg>id:username</arg>
<arg>${user_name}</arg>
<doc>Types the given ``text`` into the text field identified by ``locator``.</doc>
<status status="PASS" start="2025-03-20T08:27:07.448336" elapsed="0.363588"/>
</kw>
<kw name="Input Password" owner="SeleniumLibrary">
<msg time="2025-03-20T08:27:07.812520" level="INFO">Typing password into text field 'id:password'.</msg>
<msg time="2025-03-20T08:27:07.848161" level="INFO">Temporally setting log level to: NONE</msg>
<arg>id:password</arg>
<arg>${password}</arg>
<doc>Types the given password into the text field identified by ``locator``.</doc>
<status status="PASS" start="2025-03-20T08:27:07.812219" elapsed="0.097954"/>
</kw>
<kw name="Click Button" owner="SeleniumLibrary">
<msg time="2025-03-20T08:27:07.911172" level="INFO">Clicking button 'id:signInBtn'.</msg>
<arg>id:signInBtn</arg>
<doc>Clicks the button identified by ``locator``.</doc>
<status status="PASS" start="2025-03-20T08:27:07.910633" elapsed="0.155215"/>
</kw>
<arg>${username}</arg>
<arg>${invalid_password}</arg>
<status status="PASS" start="2025-03-20T08:27:07.331968" elapsed="0.734088"/>
</kw>
<kw name="Wait for element to appear">
<kw name="Wait Until Element Is Visible" owner="SeleniumLibrary">
<arg>${element}</arg>
<doc>Waits until the element ``locator`` is visible.</doc>
<status status="PASS" start="2025-03-20T08:27:08.066724" elapsed="2.004669"/>
</kw>
<arg>${Error_message_login}</arg>
<status status="PASS" start="2025-03-20T08:27:08.066367" elapsed="2.005138"/>
</kw>
<kw name="Verify error message is correct">
<kw name="Element Text Should Be" owner="SeleniumLibrary">
<msg time="2025-03-20T08:27:10.072119" level="INFO">Verifying element 'css:.alert-danger' contains exact text 'Incorrect username/password.'.</msg>
<arg>${Error_message_login}</arg>
<arg>Incorrect username/password.</arg>
<doc>Verifies that element ``locator`` contains exact the text ``expected``.</doc>
<status status="PASS" start="2025-03-20T08:27:10.071934" elapsed="0.019509"/>
</kw>
<status status="PASS" start="2025-03-20T08:27:10.071647" elapsed="0.019913"/>
</kw>
<kw name="Close browser session" owner="generic" type="TEARDOWN">
<kw name="Close Browser" owner="SeleniumLibrary">
<doc>Closes the current browser.</doc>
<status status="PASS" start="2025-03-20T08:27:10.092096" elapsed="0.080202"/>
</kw>
<status status="PASS" start="2025-03-20T08:27:10.091794" elapsed="0.080606"/>
</kw>
<status status="PASS" start="2025-03-20T08:27:00.545504" elapsed="9.626944"/>
</test>
<test id="s1-s2-t2" name="Validate cards display in the shopping page" line="22">
<kw name="Open the browser with the Mortgage payment url" owner="generic" type="SETUP">
<kw name="Open Browser" owner="SeleniumLibrary">
<msg time="2025-03-20T08:27:10.173453" level="INFO">Opening browser 'chrome' to base url 'about:blank'.</msg>
<arg>about:blank</arg>
<arg>chrome</arg>
<doc>Opens a new browser instance to the optional ``url``.</doc>
<status status="PASS" start="2025-03-20T08:27:10.173291" elapsed="1.559209"/>
</kw>
<kw name="Go To" owner="SeleniumLibrary">
<msg time="2025-03-20T08:27:11.735019" level="INFO">Opening url 'https://rahulshettyacademy.com/loginpagePractise/'</msg>
<arg>${url}</arg>
<doc>Navigates the current browser window to the provided ``url``.</doc>
<status status="PASS" start="2025-03-20T08:27:11.733673" elapsed="2.371988"/>
</kw>
<status status="PASS" start="2025-03-20T08:27:10.173040" elapsed="3.932987"/>
</kw>
<kw name="Fill the login form">
<kw name="Set Selenium Timeout" owner="SeleniumLibrary">
<arg>10s</arg>
<doc>Sets the timeout that is used by various keywords.</doc>
<status status="PASS" start="2025-03-20T08:27:14.108087" elapsed="0.002069"/>
</kw>
<kw name="Wait Until Element Is Visible" owner="SeleniumLibrary">
<arg>id:username</arg>
<arg>timeout=10s</arg>
<doc>Waits until the element ``locator`` is visible.</doc>
<status status="PASS" start="2025-03-20T08:27:14.110521" elapsed="0.702687"/>
</kw>
<kw name="Input Text" owner="SeleniumLibrary">
<msg time="2025-03-20T08:27:14.813654" level="INFO">Typing text 'rahulshettyacademy' into text field 'id:username'.</msg>
<arg>id:username</arg>
<arg>${user_name}</arg>
<doc>Types the given ``text`` into the text field identified by ``locator``.</doc>
<status status="PASS" start="2025-03-20T08:27:14.813385" elapsed="0.193156"/>
</kw>
<kw name="Input Password" owner="SeleniumLibrary">
<msg time="2025-03-20T08:27:15.008108" level="INFO">Typing password into text field 'id:password'.</msg>
<msg time="2025-03-20T08:27:15.043960" level="INFO">Temporally setting log level to: NONE</msg>
<arg>id:password</arg>
<arg>${password}</arg>
<doc>Types the given password into the text field identified by ``locator``.</doc>
<status status="PASS" start="2025-03-20T08:27:15.006782" elapsed="0.084993"/>
</kw>
<kw name="Click Button" owner="SeleniumLibrary">
<msg time="2025-03-20T08:27:15.092168" level="INFO">Clicking button 'id:signInBtn'.</msg>
<arg>id:signInBtn</arg>
<doc>Clicks the button identified by ``locator``.</doc>
<status status="PASS" start="2025-03-20T08:27:15.091937" elapsed="0.066764"/>
</kw>
<arg>${username}</arg>
<arg>${valid_password}</arg>
<status status="PASS" start="2025-03-20T08:27:14.106691" elapsed="1.052382"/>
</kw>
<kw name="Wait for element to appear">
<kw name="Wait Until Element Is Visible" owner="SeleniumLibrary">
<arg>${element}</arg>
<doc>Waits until the element ``locator`` is visible.</doc>
<status status="PASS" start="2025-03-20T08:27:15.162682" elapsed="3.205093"/>
</kw>
<arg>${Shop_page_load}</arg>
<status status="PASS" start="2025-03-20T08:27:15.159244" elapsed="3.208630"/>
</kw>
<kw name="Verify Card titles in the Shop page">
<kw name="Create List" owner="BuiltIn">
<msg time="2025-03-20T08:27:18.368543" level="INFO">@{expected_list} = [ iphone X | Samsung Note 8 | Nokia Edge | Blackberry ]</msg>
<var>@{expected_list}</var>
<arg>iphone X</arg>
<arg>Samsung Note 8</arg>
<arg>Nokia Edge</arg>
<arg>Blackberry</arg>
<doc>Returns a list containing given items.</doc>
<status status="PASS" start="2025-03-20T08:27:18.368359" elapsed="0.000211"/>
</kw>
<kw name="Get WebElements" owner="SeleniumLibrary">
<msg time="2025-03-20T08:27:18.376482" level="INFO">${product_elements} = [&lt;selenium.webdriver.remote.webelement.WebElement (session="6c8e4ac4d2198721193cb92b396dd786", element="f.C43E44C3A752B4A30A2AA434DB3F4906.d.D61E3BDA0A86336A6220396A67D2BC83.e.72")&gt;, &lt;selenium.webdriv...</msg>
<var>${product_elements}</var>
<arg>css:.card-title</arg>
<doc>Returns a list of WebElement objects matching the ``locator``.</doc>
<status status="PASS" start="2025-03-20T08:27:18.368660" elapsed="0.007962"/>
</kw>
<kw name="Create List" owner="BuiltIn">
<msg time="2025-03-20T08:27:18.376936" level="INFO">@{actual_list} = [ ]</msg>
<var>@{actual_list}</var>
<doc>Returns a list containing given items.</doc>
<status status="PASS" start="2025-03-20T08:27:18.376760" elapsed="0.000198"/>
</kw>
<for flavor="IN">
<iter>
<kw name="Log" owner="BuiltIn">
<msg time="2025-03-20T08:27:18.386951" level="INFO">iphone X</msg>
<arg>${element.text}</arg>
<doc>Logs the given message with the given level.</doc>
<status status="PASS" start="2025-03-20T08:27:18.377362" elapsed="0.010102"/>
</kw>
<kw name="Append To List" owner="Collections">
<arg>${actual_list}</arg>
<arg>${element.text}</arg>
<doc>Adds ``values`` to the end of ``list``.</doc>
<status status="PASS" start="2025-03-20T08:27:18.387640" elapsed="0.005907"/>
</kw>
<var name="${element}">&lt;selenium.webdriver.remote.webelement.WebElement (session="6c8e4ac4d2198721193cb92b396dd786", element="f.C43E44C3A752B4A30A2AA434DB3F4906.d.D61E3BDA0A86336A6220396A67D2BC83.e.72")&gt;</var>
<status status="PASS" start="2025-03-20T08:27:18.377244" elapsed="0.016374"/>
</iter>
<iter>
<kw name="Log" owner="BuiltIn">
<msg time="2025-03-20T08:27:18.399323" level="INFO">Samsung Note 8</msg>
<arg>${element.text}</arg>
<doc>Logs the given message with the given level.</doc>
<status status="PASS" start="2025-03-20T08:27:18.393904" elapsed="0.005473"/>
</kw>
<kw name="Append To List" owner="Collections">
<arg>${actual_list}</arg>
<arg>${element.text}</arg>
<doc>Adds ``values`` to the end of ``list``.</doc>
<status status="PASS" start="2025-03-20T08:27:18.399490" elapsed="0.006566"/>
</kw>
<var name="${element}">&lt;selenium.webdriver.remote.webelement.WebElement (session="6c8e4ac4d2198721193cb92b396dd786", element="f.C43E44C3A752B4A30A2AA434DB3F4906.d.D61E3BDA0A86336A6220396A67D2BC83.e.73")&gt;</var>
<status status="PASS" start="2025-03-20T08:27:18.393746" elapsed="0.012385"/>
</iter>
<iter>
<kw name="Log" owner="BuiltIn">
<msg time="2025-03-20T08:27:18.411903" level="INFO">Nokia Edge</msg>
<arg>${element.text}</arg>
<doc>Logs the given message with the given level.</doc>
<status status="PASS" start="2025-03-20T08:27:18.406410" elapsed="0.005542"/>
</kw>
<kw name="Append To List" owner="Collections">
<arg>${actual_list}</arg>
<arg>${element.text}</arg>
<doc>Adds ``values`` to the end of ``list``.</doc>
<status status="PASS" start="2025-03-20T08:27:18.412063" elapsed="0.006230"/>
</kw>
<var name="${element}">&lt;selenium.webdriver.remote.webelement.WebElement (session="6c8e4ac4d2198721193cb92b396dd786", element="f.C43E44C3A752B4A30A2AA434DB3F4906.d.D61E3BDA0A86336A6220396A67D2BC83.e.74")&gt;</var>
<status status="PASS" start="2025-03-20T08:27:18.406256" elapsed="0.012104"/>
</iter>
<iter>
<kw name="Log" owner="BuiltIn">
<msg time="2025-03-20T08:27:18.423805" level="INFO">Blackberry</msg>
<arg>${element.text}</arg>
<doc>Logs the given message with the given level.</doc>
<status status="PASS" start="2025-03-20T08:27:18.418633" elapsed="0.005217"/>
</kw>
<kw name="Append To List" owner="Collections">
<arg>${actual_list}</arg>
<arg>${element.text}</arg>
<doc>Adds ``values`` to the end of ``list``.</doc>
<status status="PASS" start="2025-03-20T08:27:18.423950" elapsed="0.005543"/>
</kw>
<var name="${element}">&lt;selenium.webdriver.remote.webelement.WebElement (session="6c8e4ac4d2198721193cb92b396dd786", element="f.C43E44C3A752B4A30A2AA434DB3F4906.d.D61E3BDA0A86336A6220396A67D2BC83.e.75")&gt;</var>
<status status="PASS" start="2025-03-20T08:27:18.418486" elapsed="0.011073"/>
</iter>
<var>${element}</var>
<value>@{product_elements}</value>
<status status="PASS" start="2025-03-20T08:27:18.377054" elapsed="0.052557"/>
</for>
<kw name="Lists Should Be Equal" owner="Collections">
<arg>${actual_list}</arg>
<arg>${expected_list}</arg>
<doc>Fails if given lists are unequal.</doc>
<status status="PASS" start="2025-03-20T08:27:18.429734" elapsed="0.000226"/>
</kw>
<status status="PASS" start="2025-03-20T08:27:18.368084" elapsed="0.061933"/>
</kw>
<kw name="Select the Card">
<kw name="Get WebElements" owner="SeleniumLibrary">
<msg time="2025-03-20T08:27:18.434587" level="INFO">${elements} = [&lt;selenium.webdriver.remote.webelement.WebElement (session="6c8e4ac4d2198721193cb92b396dd786", element="f.C43E44C3A752B4A30A2AA434DB3F4906.d.D61E3BDA0A86336A6220396A67D2BC83.e.72")&gt;, &lt;selenium.webdriv...</msg>
<var>${elements}</var>
<arg>css:.card-title</arg>
<doc>Returns a list of WebElement objects matching the ``locator``.</doc>
<status status="PASS" start="2025-03-20T08:27:18.430342" elapsed="0.004277"/>
</kw>
<kw name="Set Variable" owner="BuiltIn">
<msg time="2025-03-20T08:27:18.434858" level="INFO">${index} = 0</msg>
<var>${index}</var>
<arg>0</arg>
<doc>Returns the given values which can then be assigned to a variables.</doc>
<status status="PASS" start="2025-03-20T08:27:18.434726" elapsed="0.000153"/>
</kw>
<for flavor="IN">
<iter>
<kw name="Get Text" owner="SeleniumLibrary">
<msg time="2025-03-20T08:27:18.439984" level="INFO">${text} = iphone X</msg>
<var>${text}</var>
<arg>${element}</arg>
<doc>Returns the text value of the element identified by ``locator``.</doc>
<status status="PASS" start="2025-03-20T08:27:18.435127" elapsed="0.004884"/>
</kw>
<kw name="Exit For Loop If" owner="BuiltIn">
<arg>'${text}' == '${Cardname}'</arg>
<doc>Stops executing the enclosing FOR loop if the ``condition`` is true.</doc>
<status status="PASS" start="2025-03-20T08:27:18.440107" elapsed="0.000897"/>
</kw>
<kw name="Evaluate" owner="BuiltIn">
<msg time="2025-03-20T08:27:18.441372" level="INFO">${index} = 1</msg>
<var>${index}</var>
<arg>${index}+1</arg>
<doc>Evaluates the given expression in Python and returns the result.</doc>
<status status="PASS" start="2025-03-20T08:27:18.441151" elapsed="0.000246"/>
</kw>
<var name="${element}">&lt;selenium.webdriver.remote.webelement.WebElement (session="6c8e4ac4d2198721193cb92b396dd786", element="f.C43E44C3A752B4A30A2AA434DB3F4906.d.D61E3BDA0A86336A6220396A67D2BC83.e.72")&gt;</var>
<status status="PASS" start="2025-03-20T08:27:18.435047" elapsed="0.006389"/>
</iter>
<iter>
<kw name="Get Text" owner="SeleniumLibrary">
<msg time="2025-03-20T08:27:18.446857" level="INFO">${text} = Samsung Note 8</msg>
<var>${text}</var>
<arg>${element}</arg>
<doc>Returns the text value of the element identified by ``locator``.</doc>
<status status="PASS" start="2025-03-20T08:27:18.441648" elapsed="0.005239"/>
</kw>
<kw name="Exit For Loop If" owner="BuiltIn">
<arg>'${text}' == '${Cardname}'</arg>
<doc>Stops executing the enclosing FOR loop if the ``condition`` is true.</doc>
<status status="PASS" start="2025-03-20T08:27:18.446991" elapsed="0.000219"/>
</kw>
<kw name="Evaluate" owner="BuiltIn">
<msg time="2025-03-20T08:27:18.447428" level="INFO">${index} = 2</msg>
<var>${index}</var>
<arg>${index}+1</arg>
<doc>Evaluates the given expression in Python and returns the result.</doc>
<status status="PASS" start="2025-03-20T08:27:18.447290" elapsed="0.000159"/>
</kw>
<var name="${element}">&lt;selenium.webdriver.remote.webelement.WebElement (session="6c8e4ac4d2198721193cb92b396dd786", element="f.C43E44C3A752B4A30A2AA434DB3F4906.d.D61E3BDA0A86336A6220396A67D2BC83.e.73")&gt;</var>
<status status="PASS" start="2025-03-20T08:27:18.441540" elapsed="0.005941"/>
</iter>
<iter>
<kw name="Get Text" owner="SeleniumLibrary">
<msg time="2025-03-20T08:27:18.452711" level="INFO">${text} = Nokia Edge</msg>
<var>${text}</var>
<arg>${element}</arg>
<doc>Returns the text value of the element identified by ``locator``.</doc>
<status status="PASS" start="2025-03-20T08:27:18.447656" elapsed="0.005089"/>
</kw>
<kw name="Exit For Loop If" owner="BuiltIn">
<msg time="2025-03-20T08:27:18.453091" level="INFO">Exiting for loop altogether.</msg>
<arg>'${text}' == '${Cardname}'</arg>
<doc>Stops executing the enclosing FOR loop if the ``condition`` is true.</doc>
<status status="PASS" start="2025-03-20T08:27:18.452860" elapsed="0.000382"/>
</kw>
<kw name="Evaluate" owner="BuiltIn">
<var>${index}</var>
<arg>${index}+1</arg>
<doc>Evaluates the given expression in Python and returns the result.</doc>
<status status="NOT RUN" start="2025-03-20T08:27:18.453330" elapsed="0.000036"/>
</kw>
<var name="${element}">&lt;selenium.webdriver.remote.webelement.WebElement (session="6c8e4ac4d2198721193cb92b396dd786", element="f.C43E44C3A752B4A30A2AA434DB3F4906.d.D61E3BDA0A86336A6220396A67D2BC83.e.74")&gt;</var>
<status status="PASS" start="2025-03-20T08:27:18.447572" elapsed="0.005830"/>
</iter>
<var>${element}</var>
<value>@{elements}</value>
<status status="PASS" start="2025-03-20T08:27:18.434929" elapsed="0.018519"/>
</for>
<kw name="Get WebElements" owner="SeleniumLibrary">
<msg time="2025-03-20T08:27:18.461872" level="INFO">${buttons} = [&lt;selenium.webdriver.remote.webelement.WebElement (session="6c8e4ac4d2198721193cb92b396dd786", element="f.C43E44C3A752B4A30A2AA434DB3F4906.d.D61E3BDA0A86336A6220396A67D2BC83.e.76")&gt;, &lt;selenium.webdriv...</msg>
<var>${buttons}</var>
<arg>css:.btn-info</arg>
<doc>Returns a list of WebElement objects matching the ``locator``.</doc>
<status status="PASS" start="2025-03-20T08:27:18.453537" elapsed="0.008379"/>
</kw>
<kw name="Click Button" owner="SeleniumLibrary">
<msg time="2025-03-20T08:27:18.462313" level="INFO">Clicking button '&lt;selenium.webdriver.remote.webelement.WebElement (session="6c8e4ac4d2198721193cb92b396dd786", element="f.C43E44C3A752B4A30A2AA434DB3F4906.d.D61E3BDA0A86336A6220396A67D2BC83.e.78")&gt;'.</msg>
<arg>${buttons}[${index}]</arg>
<doc>Clicks the button identified by ``locator``.</doc>
<status status="PASS" start="2025-03-20T08:27:18.462044" elapsed="0.035785"/>
</kw>
<kw name="Sleep" owner="BuiltIn">
<msg time="2025-03-20T08:27:23.498259" level="INFO">Slept 5 seconds.</msg>
<arg>5s</arg>
<doc>Pauses the test executed for the given time.</doc>
<status status="PASS" start="2025-03-20T08:27:18.497972" elapsed="5.000385"/>
</kw>
<arg>Nokia Edge</arg>
<status status="PASS" start="2025-03-20T08:27:18.430154" elapsed="5.068296"/>
</kw>
<kw name="Close browser session" owner="generic" type="TEARDOWN">
<kw name="Close Browser" owner="SeleniumLibrary">
<doc>Closes the current browser.</doc>
<status status="PASS" start="2025-03-20T08:27:23.498928" elapsed="0.087285"/>
</kw>
<status status="PASS" start="2025-03-20T08:27:23.498685" elapsed="0.087639"/>
</kw>
<status status="PASS" start="2025-03-20T08:27:10.172727" elapsed="13.413651"/>
</test>
<test id="s1-s2-t3" name="Log in with selected drop-down value" line="28">
<kw name="Open the browser with the Mortgage payment url" owner="generic" type="SETUP">
<kw name="Open Browser" owner="SeleniumLibrary">
<msg time="2025-03-20T08:27:23.587605" level="INFO">Opening browser 'chrome' to base url 'about:blank'.</msg>
<arg>about:blank</arg>
<arg>chrome</arg>
<doc>Opens a new browser instance to the optional ``url``.</doc>
<status status="PASS" start="2025-03-20T08:27:23.587409" elapsed="1.403534"/>
</kw>
<kw name="Go To" owner="SeleniumLibrary">
<msg time="2025-03-20T08:27:24.993223" level="INFO">Opening url 'https://rahulshettyacademy.com/loginpagePractise/'</msg>
<arg>${url}</arg>
<doc>Navigates the current browser window to the provided ``url``.</doc>
<status status="PASS" start="2025-03-20T08:27:24.992142" elapsed="2.819935"/>
</kw>
<status status="PASS" start="2025-03-20T08:27:23.587092" elapsed="4.225179"/>
</kw>
<kw name="Fill the login details and login page">
<kw name="Input Text" owner="SeleniumLibrary">
<msg time="2025-03-20T08:27:27.814045" level="INFO">Typing text 'rahulshettyacademy' into text field 'id:username'.</msg>
<arg>id:username</arg>
<arg>${user_name}</arg>
<doc>Types the given ``text`` into the text field identified by ``locator``.</doc>
<status status="PASS" start="2025-03-20T08:27:27.813316" elapsed="0.158658"/>
</kw>
<kw name="Input Password" owner="SeleniumLibrary">
<msg time="2025-03-20T08:27:27.972349" level="INFO">Typing password into text field 'id:password'.</msg>
<msg time="2025-03-20T08:27:28.003299" level="INFO">Temporally setting log level to: NONE</msg>
<arg>id:password</arg>
<arg>learning</arg>
<doc>Types the given password into the text field identified by ``locator``.</doc>
<status status="PASS" start="2025-03-20T08:27:27.972126" elapsed="0.066668"/>
</kw>
<kw name="Click Element" owner="SeleniumLibrary">
<msg time="2025-03-20T08:27:28.039197" level="INFO">Clicking element 'css:input[value="user"] + .checkmark'.</msg>
<arg>css:input[value="user"] + .checkmark</arg>
<doc>Click the element identified by ``locator``.</doc>
<status status="PASS" start="2025-03-20T08:27:28.038964" elapsed="0.052247"/>
</kw>
<kw name="Wait Until Element Is Visible" owner="SeleniumLibrary">
<arg>css:.modal-body</arg>
<doc>Waits until the element ``locator`` is visible.</doc>
<status status="PASS" start="2025-03-20T08:27:28.091382" elapsed="0.233064"/>
</kw>
<kw name="Sleep" owner="BuiltIn">
<msg time="2025-03-20T08:27:29.325677" level="INFO">Slept 1 second.</msg>
<arg>1s</arg>
<doc>Pauses the test executed for the given time.</doc>
<status status="PASS" start="2025-03-20T08:27:28.324632" elapsed="1.001144"/>
</kw>
<kw name="Click Element" owner="SeleniumLibrary">
<msg time="2025-03-20T08:27:29.326116" level="INFO">Clicking element 'id:okayBtn'.</msg>
<arg>id:okayBtn</arg>
<doc>Click the element identified by ``locator``.</doc>
<status status="PASS" start="2025-03-20T08:27:29.325923" elapsed="0.040557"/>
</kw>
<kw name="Wait Until Element Is Not Visible" owner="SeleniumLibrary">
<arg>css:.modal-body</arg>
<doc>Waits until the element ``locator`` is not visible.</doc>
<status status="PASS" start="2025-03-20T08:27:29.366633" elapsed="0.222850"/>
</kw>
<kw name="Select From List By Value" owner="SeleniumLibrary">
<msg time="2025-03-20T08:27:29.589864" level="INFO">Selecting options from selection list 'css:select.form-control' by value teach.</msg>
<arg>css:select.form-control</arg>
<arg>teach</arg>
<doc>Selects options from selection list ``locator`` by ``values``.</doc>
<status status="PASS" start="2025-03-20T08:27:29.589647" elapsed="0.048088"/>
</kw>
<kw name="Select Checkbox" owner="SeleniumLibrary">
<msg time="2025-03-20T08:27:29.638098" level="INFO">Selecting checkbox 'id:terms'.</msg>
<arg>id:terms</arg>
<doc>Selects the checkbox identified by ``locator``.</doc>
<status status="PASS" start="2025-03-20T08:27:29.637892" elapsed="0.058729"/>
</kw>
<kw name="Checkbox Should Be Selected" owner="SeleniumLibrary">
<msg time="2025-03-20T08:27:29.696976" level="INFO">Verifying checkbox 'id:terms' is selected.</msg>
<arg>id:terms</arg>
<doc>Verifies checkbox ``locator`` is selected/checked.</doc>
<status status="PASS" start="2025-03-20T08:27:29.696769" elapsed="0.013789"/>
</kw>
<status status="PASS" start="2025-03-20T08:27:27.812558" elapsed="1.898092"/>
</kw>
<kw name="Close browser session" owner="generic" type="TEARDOWN">
<kw name="Close Browser" owner="SeleniumLibrary">
<doc>Closes the current browser.</doc>
<status status="PASS" start="2025-03-20T08:27:29.711087" elapsed="0.081453"/>
</kw>
<status status="PASS" start="2025-03-20T08:27:29.710841" elapsed="0.081846"/>
</kw>
<status status="PASS" start="2025-03-20T08:27:23.586692" elapsed="6.206052"/>
</test>
<doc>To validate the Login form</doc>
<status status="PASS" start="2025-03-20T08:27:00.272443" elapsed="29.521000"/>
</suite>
<suite id="s1-s3" name="Testdemo3" source="/Users/mitran/pythonProject/RobotFramework/tests/testdemo3.robot">
<test id="s1-s3-t1" name="Valivate child windown functionality" line="16">
<kw name="Open the browser with the Mortgage payment url" owner="generic" type="SETUP">
<kw name="Open Browser" owner="SeleniumLibrary">
<msg time="2025-03-20T08:27:00.558812" level="INFO">Opening browser 'chrome' to base url 'about:blank'.</msg>
<arg>about:blank</arg>
<arg>chrome</arg>
<doc>Opens a new browser instance to the optional ``url``.</doc>
<status status="PASS" start="2025-03-20T08:27:00.558122" elapsed="3.859444"/>
</kw>
<kw name="Go To" owner="SeleniumLibrary">
<msg time="2025-03-20T08:27:04.431342" level="INFO">Opening url 'https://rahulshettyacademy.com/loginpagePractise/'</msg>
<arg>${url}</arg>
<doc>Navigates the current browser window to the provided ``url``.</doc>
<status status="PASS" start="2025-03-20T08:27:04.422219" elapsed="1.982865"/>
</kw>
<status status="PASS" start="2025-03-20T08:27:00.556564" elapsed="5.848667"/>
</kw>
<kw name="Select the link of child windown">
<kw name="Click Element" owner="SeleniumLibrary">
<msg time="2025-03-20T08:27:06.406540" level="INFO">Clicking element 'css:.blinkingText'.</msg>
<arg>css:.blinkingText</arg>
<doc>Click the element identified by ``locator``.</doc>
<status status="PASS" start="2025-03-20T08:27:06.405906" elapsed="0.091221"/>
</kw>
<kw name="Sleep" owner="BuiltIn">
<msg time="2025-03-20T08:27:11.516413" level="INFO">Slept 5 seconds.</msg>
<arg>5s</arg>
<doc>Pauses the test executed for the given time.</doc>
<status status="PASS" start="2025-03-20T08:27:06.497696" elapsed="5.018954"/>
</kw>
<status status="PASS" start="2025-03-20T08:27:06.405487" elapsed="5.111393"/>
</kw>
<kw name="Verify the user is switched to the child windown">
<kw name="Switch Window" owner="SeleniumLibrary">
<arg>NEW</arg>
<doc>Switches to browser window matching ``locator``.</doc>
<status status="PASS" start="2025-03-20T08:27:11.518041" elapsed="1.341213"/>
</kw>
<kw name="Element Text Should Be" owner="SeleniumLibrary">
<msg time="2025-03-20T08:27:12.859812" level="INFO">Verifying element 'css:h1' contains exact text 'DOCUMENTS REQUEST'.</msg>
<arg>css:h1</arg>
<arg>DOCUMENTS REQUEST</arg>
<doc>Verifies that element ``locator`` contains exact the text ``expected``.</doc>
<status status="PASS" start="2025-03-20T08:27:12.859506" elapsed="0.032160"/>
</kw>
<status status="PASS" start="2025-03-20T08:27:11.517463" elapsed="1.374346"/>
</kw>
<kw name="Grab the email id in the child windown">
<kw name="Get Text" owner="SeleniumLibrary">
<msg time="2025-03-20T08:27:12.909650" level="INFO">${full_header_text} = Please email us at mentor@rahulshettyacademy.com with below template to receive response</msg>
<var>${full_header_text}</var>
<arg>css:.red</arg>
<doc>Returns the text value of the element identified by ``locator``.</doc>
<status status="PASS" start="2025-03-20T08:27:12.892292" elapsed="0.017406"/>
</kw>
<kw name="Split String" owner="String">
<msg time="2025-03-20T08:27:12.910128" level="INFO">@{word} = [ Please email us  |  mentor@rahulshettyacademy.com with below templ | e to receive response ]</msg>
<var>@{word}</var>
<arg>${full_header_text}</arg>
<arg>at</arg>
<doc>Splits the ``string`` using ``separator`` as a delimiter string.</doc>
<status status="PASS" start="2025-03-20T08:27:12.909854" elapsed="0.000299"/>
</kw>
<kw name="Get From List" owner="Collections">
<msg time="2025-03-20T08:27:12.910379" level="INFO">${text_split} =  mentor@rahulshettyacademy.com with below templ</msg>
<var>${text_split}</var>
<arg>${word}</arg>
<arg>1</arg>
<doc>Returns the value specified with an ``index`` from ``list``.</doc>
<status status="PASS" start="2025-03-20T08:27:12.910247" elapsed="0.000154"/>
</kw>
<kw name="Log" owner="BuiltIn">
<msg time="2025-03-20T08:27:12.910596" level="INFO"> mentor@rahulshettyacademy.com with below templ</msg>
<arg>${text_split}</arg>
<doc>Logs the given message with the given level.</doc>
<status status="PASS" start="2025-03-20T08:27:12.910483" elapsed="0.000146"/>
</kw>
<kw name="Split String" owner="String">
<msg time="2025-03-20T08:27:12.910821" level="INFO">@{words_2} = [ mentor@rahulshettyacademy.com | with | below | templ ]</msg>
<var>@{words_2}</var>
<arg>${text_split}</arg>
<doc>Splits the ``string`` using ``separator`` as a delimiter string.</doc>
<status status="PASS" start="2025-03-20T08:27:12.910699" elapsed="0.000143"/>
</kw>
<kw name="Get From List" owner="Collections">
<msg time="2025-03-20T08:27:12.911020" level="INFO">${selected_email} = mentor@rahulshettyacademy.com</msg>
<var>${selected_email}</var>
<arg>${words_2}</arg>
<arg>0</arg>
<doc>Returns the value specified with an ``index`` from ``list``.</doc>
<status status="PASS" start="2025-03-20T08:27:12.910911" elapsed="0.000129"/>
</kw>
<kw name="Log" owner="BuiltIn">
<msg time="2025-03-20T08:27:12.911202" level="INFO">mentor@rahulshettyacademy.com</msg>
<arg>${selected_email}</arg>
<doc>Logs the given message with the given level.</doc>
<status status="PASS" start="2025-03-20T08:27:12.911110" elapsed="0.000123"/>
</kw>
<kw name="Set Global Variable" owner="BuiltIn">
<msg time="2025-03-20T08:27:12.911478" level="INFO">${selected_email} = mentor@rahulshettyacademy.com</msg>
<arg>${selected_email}</arg>
<doc>Makes a variable available globally in all tests and suites.</doc>
<status status="PASS" start="2025-03-20T08:27:12.911315" elapsed="0.000194"/>
</kw>
<status status="PASS" start="2025-03-20T08:27:12.891996" elapsed="0.019568"/>
</kw>
<kw name="Switch to parent windown and enter the email">
<kw name="Switch Window" owner="SeleniumLibrary">
<arg>MAIN</arg>
<doc>Switches to browser window matching ``locator``.</doc>
<status status="PASS" start="2025-03-20T08:27:12.911859" elapsed="0.009662"/>
</kw>
<kw name="Title Should Be" owner="SeleniumLibrary">
<msg time="2025-03-20T08:27:12.929019" level="INFO">Page title is 'LoginPage Practise | Rahul Shetty Academy'.</msg>
<arg>LoginPage Practise | Rahul Shetty Academy</arg>
<doc>Verifies that the current page title equals ``title``.</doc>
<status status="PASS" start="2025-03-20T08:27:12.922510" elapsed="0.006769"/>
</kw>
<kw name="Input Text" owner="SeleniumLibrary">
<msg time="2025-03-20T08:27:12.930047" level="INFO">Typing text 'mentor@rahulshettyacademy.com' into text field 'id:username'.</msg>
<arg>id:username</arg>
<arg>${selected_email}</arg>
<doc>Types the given ``text`` into the text field identified by ``locator``.</doc>
<status status="PASS" start="2025-03-20T08:27:12.929727" elapsed="0.148608"/>
</kw>
<kw name="Sleep" owner="BuiltIn">
<msg time="2025-03-20T08:27:18.081257" level="INFO">Slept 5 seconds.</msg>
<arg>5s</arg>
<doc>Pauses the test executed for the given time.</doc>
<status status="PASS" start="2025-03-20T08:27:13.078553" elapsed="5.003322"/>
</kw>
<status status="PASS" start="2025-03-20T08:27:12.911679" elapsed="5.170673"/>
</kw>
<kw name="Close browser session" owner="generic" type="TEARDOWN">
<kw name="Close Browser" owner="SeleniumLibrary">
<doc>Closes the current browser.</doc>
<status status="PASS" start="2025-03-20T08:27:18.083612" elapsed="0.089826"/>
</kw>
<status status="PASS" start="2025-03-20T08:27:18.083120" elapsed="0.090420"/>
</kw>
<status status="PASS" start="2025-03-20T08:27:00.555128" elapsed="17.618475"/>
</test>
<doc>To validate the Login form</doc>
<status status="PASS" start="2025-03-20T08:27:00.280005" elapsed="17.894756"/>
</suite>
<suite id="s1-s4" name="Testdemo4" source="/Users/mitran/pythonProject/RobotFramework/tests/testdemo4.robot">
<test id="s1-s4-t1" name="Invalid username" line="16">
<kw name="Open the browser with the Mortgage payment url" owner="generic" type="SETUP">
<kw name="Open Browser" owner="SeleniumLibrary">
<msg time="2025-03-20T08:27:00.564816" level="INFO">Opening browser 'chrome' to base url 'about:blank'.</msg>
<arg>about:blank</arg>
<arg>chrome</arg>
<doc>Opens a new browser instance to the optional ``url``.</doc>
<status status="PASS" start="2025-03-20T08:27:00.564411" elapsed="3.865693"/>
</kw>
<kw name="Go To" owner="SeleniumLibrary">
<msg time="2025-03-20T08:27:04.434621" level="INFO">Opening url 'https://rahulshettyacademy.com/loginpagePractise/'</msg>
<arg>${url}</arg>
<doc>Navigates the current browser window to the provided ``url``.</doc>
<status status="PASS" start="2025-03-20T08:27:04.432990" elapsed="1.939306"/>
</kw>
<status status="PASS" start="2025-03-20T08:27:00.562932" elapsed="5.809543"/>
</kw>
<kw name="Validate UnSuccessful Login">
<kw name="Fill the login form">
<kw name="Wait Until Element Is Visible" owner="SeleniumLibrary">
<arg>id:username</arg>
<doc>Waits until the element ``locator`` is visible.</doc>
<status status="PASS" start="2025-03-20T08:27:06.375215" elapsed="0.031245"/>
</kw>
<kw name="Wait Until Element Is Visible" owner="SeleniumLibrary">
<arg>id:password</arg>
<doc>Waits until the element ``locator`` is visible.</doc>
<status status="PASS" start="2025-03-20T08:27:06.406650" elapsed="0.019885"/>
</kw>
<kw name="Input Text" owner="SeleniumLibrary">
<msg time="2025-03-20T08:27:06.427036" level="INFO">Typing text 'mitest' into text field 'id:username'.</msg>
<arg>id:username</arg>
<arg>${username}</arg>
<doc>Types the given ``text`` into the text field identified by ``locator``.</doc>
<status status="PASS" start="2025-03-20T08:27:06.426721" elapsed="0.154614"/>
</kw>
<kw name="Input Password" owner="SeleniumLibrary">
<msg time="2025-03-20T08:27:06.581925" level="INFO">Typing password into text field 'id:password'.</msg>
<msg time="2025-03-20T08:27:06.602635" level="INFO">Temporally setting log level to: NONE</msg>
<arg>id:password</arg>
<arg>${password}</arg>
<doc>Types the given password into the text field identified by ``locator``.</doc>
<status status="PASS" start="2025-03-20T08:27:06.581515" elapsed="0.053820"/>
</kw>
<kw name="Click Button" owner="SeleniumLibrary">
<msg time="2025-03-20T08:27:06.635742" level="INFO">Clicking button 'id:signInBtn'.</msg>
<arg>id:signInBtn</arg>
<doc>Clicks the button identified by ``locator``.</doc>
<status status="PASS" start="2025-03-20T08:27:06.635505" elapsed="0.073715"/>
</kw>
<arg>${username}</arg>
<arg>${password}</arg>
<status status="PASS" start="2025-03-20T08:27:06.373643" elapsed="0.335696"/>
</kw>
<kw name="Wait until it checks and display error message">
<kw name="Wait Until Element Is Visible" owner="SeleniumLibrary">
<arg>${Error_message_login}</arg>
<arg>timeout=10s</arg>
<doc>Waits until the element ``locator`` is visible.</doc>
<status status="PASS" start="2025-03-20T08:27:06.709766" elapsed="2.061855"/>
</kw>
<status status="PASS" start="2025-03-20T08:27:06.709480" elapsed="2.062259"/>
</kw>
<kw name="Verify error message is correct">
<kw name="Element Text Should Be" owner="SeleniumLibrary">
<msg time="2025-03-20T08:27:08.772375" level="INFO">Verifying element 'css:.alert-danger' contains exact text 'Incorrect username/password.'.</msg>
<arg>${Error_message_login}</arg>
<arg>Incorrect username/password.</arg>
<doc>Verifies that element ``locator`` contains exact the text ``expected``.</doc>
<status status="PASS" start="2025-03-20T08:27:08.772170" elapsed="0.016678"/>
</kw>
<status status="PASS" start="2025-03-20T08:27:08.771878" elapsed="0.017071"/>
</kw>
<arg>${invalid_user_name}</arg>
<arg>${valid_password}</arg>
<status status="PASS" start="2025-03-20T08:27:06.372804" elapsed="2.416191"/>
</kw>
<kw name="Close Browser" owner="SeleniumLibrary" type="TEARDOWN">
<doc>Closes the current browser.</doc>
<status status="PASS" start="2025-03-20T08:27:08.789185" elapsed="0.078647"/>
</kw>
<status status="PASS" start="2025-03-20T08:27:00.561662" elapsed="8.306331"/>
</test>
<test id="s1-s4-t2" name="Invalid password" line="17">
<kw name="Open the browser with the Mortgage payment url" owner="generic" type="SETUP">
<kw name="Open Browser" owner="SeleniumLibrary">
<msg time="2025-03-20T08:27:08.869096" level="INFO">Opening browser 'chrome' to base url 'about:blank'.</msg>
<arg>about:blank</arg>
<arg>chrome</arg>
<doc>Opens a new browser instance to the optional ``url``.</doc>
<status status="PASS" start="2025-03-20T08:27:08.868938" elapsed="0.937961"/>
</kw>
<kw name="Go To" owner="SeleniumLibrary">
<msg time="2025-03-20T08:27:09.808099" level="INFO">Opening url 'https://rahulshettyacademy.com/loginpagePractise/'</msg>
<arg>${url}</arg>
<doc>Navigates the current browser window to the provided ``url``.</doc>
<status status="PASS" start="2025-03-20T08:27:09.807519" elapsed="2.851813"/>
</kw>
<status status="PASS" start="2025-03-20T08:27:08.868676" elapsed="3.790787"/>
</kw>
<kw name="Validate UnSuccessful Login">
<kw name="Fill the login form">
<kw name="Wait Until Element Is Visible" owner="SeleniumLibrary">
<arg>id:username</arg>
<doc>Waits until the element ``locator`` is visible.</doc>
<status status="PASS" start="2025-03-20T08:27:12.660968" elapsed="0.016315"/>
</kw>
<kw name="Wait Until Element Is Visible" owner="SeleniumLibrary">
<arg>id:password</arg>
<doc>Waits until the element ``locator`` is visible.</doc>
<status status="PASS" start="2025-03-20T08:27:12.677445" elapsed="0.017628"/>
</kw>
<kw name="Input Text" owner="SeleniumLibrary">
<msg time="2025-03-20T08:27:12.695475" level="INFO">Typing text 'rahulshettyacademy' into text field 'id:username'.</msg>
<arg>id:username</arg>
<arg>${username}</arg>
<doc>Types the given ``text`` into the text field identified by ``locator``.</doc>
<status status="PASS" start="2025-03-20T08:27:12.695225" elapsed="0.144756"/>
</kw>
<kw name="Input Password" owner="SeleniumLibrary">
<msg time="2025-03-20T08:27:12.842546" level="INFO">Typing password into text field 'id:password'.</msg>
<msg time="2025-03-20T08:27:12.870718" level="INFO">Temporally setting log level to: NONE</msg>
<arg>id:password</arg>
<arg>${password}</arg>
<doc>Types the given password into the text field identified by ``locator``.</doc>
<status status="PASS" start="2025-03-20T08:27:12.840248" elapsed="0.066238"/>
</kw>
<kw name="Click Button" owner="SeleniumLibrary">
<msg time="2025-03-20T08:27:12.907066" level="INFO">Clicking button 'id:signInBtn'.</msg>
<arg>id:signInBtn</arg>
<doc>Clicks the button identified by ``locator``.</doc>
<status status="PASS" start="2025-03-20T08:27:12.906844" elapsed="0.065503"/>
</kw>
<arg>${username}</arg>
<arg>${password}</arg>
<status status="PASS" start="2025-03-20T08:27:12.660619" elapsed="0.311855"/>
</kw>
<kw name="Wait until it checks and display error message">
<kw name="Wait Until Element Is Visible" owner="SeleniumLibrary">
<arg>${Error_message_login}</arg>
<arg>timeout=10s</arg>
<doc>Waits until the element ``locator`` is visible.</doc>
<status status="PASS" start="2025-03-20T08:27:12.972900" elapsed="2.171681"/>
</kw>
<status status="PASS" start="2025-03-20T08:27:12.972621" elapsed="2.172163"/>
</kw>
<kw name="Verify error message is correct">
<kw name="Element Text Should Be" owner="SeleniumLibrary">
<msg time="2025-03-20T08:27:15.145623" level="INFO">Verifying element 'css:.alert-danger' contains exact text 'Incorrect username/password.'.</msg>
<arg>${Error_message_login}</arg>
<arg>Incorrect username/password.</arg>
<doc>Verifies that element ``locator`` contains exact the text ``expected``.</doc>
<status status="PASS" start="2025-03-20T08:27:15.145396" elapsed="0.019117"/>
</kw>
<status status="PASS" start="2025-03-20T08:27:15.144985" elapsed="0.019868"/>
</kw>
<arg>${user_name}</arg>
<arg>${invalid_password}</arg>
<status status="PASS" start="2025-03-20T08:27:12.659723" elapsed="2.505570"/>
</kw>
<kw name="Close Browser" owner="SeleniumLibrary" type="TEARDOWN">
<doc>Closes the current browser.</doc>
<status status="PASS" start="2025-03-20T08:27:15.165885" elapsed="0.081788"/>
</kw>
<status status="PASS" start="2025-03-20T08:27:08.868362" elapsed="6.379474"/>
</test>
<test id="s1-s4-t3" name="Special characters" line="18">
<kw name="Open the browser with the Mortgage payment url" owner="generic" type="SETUP">
<kw name="Open Browser" owner="SeleniumLibrary">
<msg time="2025-03-20T08:27:15.248977" level="INFO">Opening browser 'chrome' to base url 'about:blank'.</msg>
<arg>about:blank</arg>
<arg>chrome</arg>
<doc>Opens a new browser instance to the optional ``url``.</doc>
<status status="PASS" start="2025-03-20T08:27:15.248819" elapsed="0.924094"/>
</kw>
<kw name="Go To" owner="SeleniumLibrary">
<msg time="2025-03-20T08:27:16.177567" level="INFO">Opening url 'https://rahulshettyacademy.com/loginpagePractise/'</msg>
<arg>${url}</arg>
<doc>Navigates the current browser window to the provided ``url``.</doc>
<status status="PASS" start="2025-03-20T08:27:16.176865" elapsed="0.789419"/>
</kw>
<status status="PASS" start="2025-03-20T08:27:15.248559" elapsed="1.717910"/>
</kw>
<kw name="Validate UnSuccessful Login">
<kw name="Fill the login form">
<kw name="Wait Until Element Is Visible" owner="SeleniumLibrary">
<arg>id:username</arg>
<doc>Waits until the element ``locator`` is visible.</doc>
<status status="PASS" start="2025-03-20T08:27:16.967307" elapsed="0.015444"/>
</kw>
<kw name="Wait Until Element Is Visible" owner="SeleniumLibrary">
<arg>id:password</arg>
<doc>Waits until the element ``locator`` is visible.</doc>
<status status="PASS" start="2025-03-20T08:27:16.982902" elapsed="0.013540"/>
</kw>
<kw name="Input Text" owner="SeleniumLibrary">
<msg time="2025-03-20T08:27:16.996832" level="INFO">Typing text '%^&amp;}test' into text field 'id:username'.</msg>
<arg>id:username</arg>
<arg>${username}</arg>
<doc>Types the given ``text`` into the text field identified by ``locator``.</doc>
<status status="PASS" start="2025-03-20T08:27:16.996597" elapsed="0.142770"/>
</kw>
<kw name="Input Password" owner="SeleniumLibrary">
<msg time="2025-03-20T08:27:17.140055" level="INFO">Typing password into text field 'id:password'.</msg>
<msg time="2025-03-20T08:27:17.163523" level="INFO">Temporally setting log level to: NONE</msg>
<arg>id:password</arg>
<arg>${password}</arg>
<doc>Types the given password into the text field identified by ``locator``.</doc>
<status status="PASS" start="2025-03-20T08:27:17.139713" elapsed="0.065004"/>
</kw>
<kw name="Click Button" owner="SeleniumLibrary">
<msg time="2025-03-20T08:27:17.205059" level="INFO">Clicking button 'id:signInBtn'.</msg>
<arg>id:signInBtn</arg>
<doc>Clicks the button identified by ``locator``.</doc>
<status status="PASS" start="2025-03-20T08:27:17.204860" elapsed="0.055719"/>
</kw>
<arg>${username}</arg>
<arg>${password}</arg>
<status status="PASS" start="2025-03-20T08:27:16.967103" elapsed="0.293577"/>
</kw>
<kw name="Wait until it checks and display error message">
<kw name="Wait Until Element Is Visible" owner="SeleniumLibrary">
<arg>${Error_message_login}</arg>
<arg>timeout=10s</arg>
<doc>Waits until the element ``locator`` is visible.</doc>
<status status="PASS" start="2025-03-20T08:27:17.261132" elapsed="2.174017"/>
</kw>
<status status="PASS" start="2025-03-20T08:27:17.260839" elapsed="2.174455"/>
</kw>
<kw name="Verify error message is correct">
<kw name="Element Text Should Be" owner="SeleniumLibrary">
<msg time="2025-03-20T08:27:19.436079" level="INFO">Verifying element 'css:.alert-danger' contains exact text 'Incorrect username/password.'.</msg>
<arg>${Error_message_login}</arg>
<arg>Incorrect username/password.</arg>
<doc>Verifies that element ``locator`` contains exact the text ``expected``.</doc>
<status status="PASS" start="2025-03-20T08:27:19.435839" elapsed="0.018722"/>
</kw>
<status status="PASS" start="2025-03-20T08:27:19.435464" elapsed="0.019211"/>
</kw>
<arg>${special_character}</arg>
<arg>${valid_password}</arg>
<status status="PASS" start="2025-03-20T08:27:16.966734" elapsed="2.487994"/>
</kw>
<kw name="Close Browser" owner="SeleniumLibrary" type="TEARDOWN">
<doc>Closes the current browser.</doc>
<status status="PASS" start="2025-03-20T08:27:19.454957" elapsed="0.076901"/>
</kw>
<status status="PASS" start="2025-03-20T08:27:15.248259" elapsed="4.283690"/>
</test>
<doc>To validate the Login form</doc>
<status status="PASS" start="2025-03-20T08:27:00.328593" elapsed="19.203877"/>
</suite>
<suite id="s1-s5" name="Testdemo6" source="/Users/mitran/pythonProject/RobotFramework/tests/testdemo6.robot">
<test id="s1-s5-t1" name="Validate UnSuccessful Login" line="19">
<kw name="Open the browser with the Mortgage payment url" owner="generic" type="SETUP">
<kw name="Open Browser" owner="SeleniumLibrary">
<msg time="2025-03-20T08:27:00.552800" level="INFO">Opening browser 'chrome' to base url 'about:blank'.</msg>
<arg>about:blank</arg>
<arg>chrome</arg>
<doc>Opens a new browser instance to the optional ``url``.</doc>
<status status="PASS" start="2025-03-20T08:27:00.552022" elapsed="3.897274"/>
</kw>
<kw name="Go To" owner="SeleniumLibrary">
<msg time="2025-03-20T08:27:04.474892" level="INFO">Opening url 'https://rahulshettyacademy.com/loginpagePractise/'</msg>
<arg>${url}</arg>
<doc>Navigates the current browser window to the provided ``url``.</doc>
<status status="PASS" start="2025-03-20T08:27:04.473729" elapsed="2.950972"/>
</kw>
<status status="PASS" start="2025-03-20T08:27:00.550321" elapsed="6.874602"/>
</kw>
<kw name="Fill the login form">
<kw name="Wait Until Element Is Visible" owner="SeleniumLibrary">
<arg>id:username</arg>
<arg>timeout=5s</arg>
<doc>Waits until the element ``locator`` is visible.</doc>
<status status="PASS" start="2025-03-20T08:27:07.435987" elapsed="0.021453"/>
</kw>
<kw name="Input Text" owner="SeleniumLibrary">
<msg time="2025-03-20T08:27:07.458440" level="INFO">Typing text 'rahulshettyacademy' into text field 'id:username'.</msg>
<arg>id:username</arg>
<arg>${user_name}</arg>
<doc>Types the given ``text`` into the text field identified by ``locator``.</doc>
<status status="PASS" start="2025-03-20T08:27:07.457782" elapsed="0.353611"/>
</kw>
<kw name="Input Password" owner="SeleniumLibrary">
<msg time="2025-03-20T08:27:07.812184" level="INFO">Typing password into text field 'id:password'.</msg>
<msg time="2025-03-20T08:27:07.848578" level="INFO">Temporally setting log level to: NONE</msg>
<arg>id:password</arg>
<arg>${password}</arg>
<doc>Types the given password into the text field identified by ``locator``.</doc>
<status status="PASS" start="2025-03-20T08:27:07.811806" elapsed="0.098747"/>
</kw>
<kw name="Click Button" owner="SeleniumLibrary">
<msg time="2025-03-20T08:27:07.911339" level="INFO">Clicking button 'id:signInBtn'.</msg>
<arg>id:signInBtn</arg>
<doc>Clicks the button identified by ``locator``.</doc>
<status status="PASS" start="2025-03-20T08:27:07.911089" elapsed="0.155076"/>
</kw>
<arg>${username}</arg>
<arg>${invalid_password}</arg>
<status status="PASS" start="2025-03-20T08:27:07.425391" elapsed="0.641174"/>
</kw>
<kw name="Wait for element to appear">
<kw name="Wait Until Element Is Visible" owner="SeleniumLibrary">
<arg>${element}</arg>
<doc>Waits until the element ``locator`` is visible.</doc>
<status status="PASS" start="2025-03-20T08:27:08.069494" elapsed="1.995626"/>
</kw>
<arg>${Error_message_login}</arg>
<status status="PASS" start="2025-03-20T08:27:08.066858" elapsed="1.998372"/>
</kw>
<kw name="Verify error message is correct">
<kw name="Element Text Should Be" owner="SeleniumLibrary">
<msg time="2025-03-20T08:27:10.065910" level="INFO">Verifying element 'css:.alert-danger' contains exact text 'Incorrect username/password.'.</msg>
<arg>${Error_message_login}</arg>
<arg>Incorrect username/password.</arg>
<doc>Verifies that element ``locator`` contains exact the text ``expected``.</doc>
<status status="PASS" start="2025-03-20T08:27:10.065696" elapsed="0.016240"/>
</kw>
<status status="PASS" start="2025-03-20T08:27:10.065390" elapsed="0.016652"/>
</kw>
<kw name="Close browser session" owner="generic" type="TEARDOWN">
<kw name="Close Browser" owner="SeleniumLibrary">
<doc>Closes the current browser.</doc>
<status status="PASS" start="2025-03-20T08:27:10.082540" elapsed="0.077761"/>
</kw>
<status status="PASS" start="2025-03-20T08:27:10.082265" elapsed="0.078206"/>
</kw>
<status status="PASS" start="2025-03-20T08:27:00.549341" elapsed="9.611301"/>
</test>
<test id="s1-s5-t2" name="Validate cards display in the shopping page" line="25">
<kw name="Open the browser with the Mortgage payment url" owner="generic" type="SETUP">
<kw name="Open Browser" owner="SeleniumLibrary">
<msg time="2025-03-20T08:27:10.162335" level="INFO">Opening browser 'chrome' to base url 'about:blank'.</msg>
<arg>about:blank</arg>
<arg>chrome</arg>
<doc>Opens a new browser instance to the optional ``url``.</doc>
<status status="PASS" start="2025-03-20T08:27:10.162175" elapsed="1.530887"/>
</kw>
<kw name="Go To" owner="SeleniumLibrary">
<msg time="2025-03-20T08:27:11.695949" level="INFO">Opening url 'https://rahulshettyacademy.com/loginpagePractise/'</msg>
<arg>${url}</arg>
<doc>Navigates the current browser window to the provided ``url``.</doc>
<status status="PASS" start="2025-03-20T08:27:11.695053" elapsed="2.313573"/>
</kw>
<status status="PASS" start="2025-03-20T08:27:10.161723" elapsed="3.847290"/>
</kw>
<kw name="Fill the login form">
<kw name="Wait Until Element Is Visible" owner="SeleniumLibrary">
<arg>id:username</arg>
<arg>timeout=5s</arg>
<doc>Waits until the element ``locator`` is visible.</doc>
<status status="PASS" start="2025-03-20T08:27:14.012454" elapsed="0.695159"/>
</kw>
<kw name="Input Text" owner="SeleniumLibrary">
<msg time="2025-03-20T08:27:14.708379" level="INFO">Typing text 'rahulshettyacademy' into text field 'id:username'.</msg>
<arg>id:username</arg>
<arg>${user_name}</arg>
<doc>Types the given ``text`` into the text field identified by ``locator``.</doc>
<status status="PASS" start="2025-03-20T08:27:14.708091" elapsed="0.150445"/>
</kw>
<kw name="Input Password" owner="SeleniumLibrary">
<msg time="2025-03-20T08:27:14.859265" level="INFO">Typing password into text field 'id:password'.</msg>
<msg time="2025-03-20T08:27:14.889391" level="INFO">Temporally setting log level to: NONE</msg>
<arg>id:password</arg>
<arg>${password}</arg>
<doc>Types the given password into the text field identified by ``locator``.</doc>
<status status="PASS" start="2025-03-20T08:27:14.858720" elapsed="0.081719"/>
</kw>
<kw name="Click Button" owner="SeleniumLibrary">
<msg time="2025-03-20T08:27:14.941033" level="INFO">Clicking button 'id:signInBtn'.</msg>
<arg>id:signInBtn</arg>
<doc>Clicks the button identified by ``locator``.</doc>
<status status="PASS" start="2025-03-20T08:27:14.940614" elapsed="0.088406"/>
</kw>
<arg>${username}</arg>
<arg>${valid_password}</arg>
<status status="PASS" start="2025-03-20T08:27:14.010506" elapsed="1.018825"/>
</kw>
<kw name="Wait for element to appear">
<kw name="Wait Until Element Is Visible" owner="SeleniumLibrary">
<arg>${element}</arg>
<doc>Waits until the element ``locator`` is visible.</doc>
<status status="PASS" start="2025-03-20T08:27:15.030484" elapsed="3.177320"/>
</kw>
<arg>${Shop_page_load}</arg>
<status status="PASS" start="2025-03-20T08:27:15.029686" elapsed="3.178228"/>
</kw>
<kw name="Verify Card titles in the Shop page">
<kw name="Create List" owner="BuiltIn">
<msg time="2025-03-20T08:27:18.208653" level="INFO">@{expected_list} = [ iphone X | Samsung Note 8 | Nokia Edge | Blackberry ]</msg>
<var>@{expected_list}</var>
<arg>iphone X</arg>
<arg>Samsung Note 8</arg>
<arg>Nokia Edge</arg>
<arg>Blackberry</arg>
<doc>Returns a list containing given items.</doc>
<status status="PASS" start="2025-03-20T08:27:18.208466" elapsed="0.000221"/>
</kw>
<kw name="Get WebElements" owner="SeleniumLibrary">
<msg time="2025-03-20T08:27:18.217192" level="INFO">${product_elements} = [&lt;selenium.webdriver.remote.webelement.WebElement (session="c97575806300c98a3deb8c0153e03791", element="f.F34EE50B3CF95C05038E2FC578611F2F.d.586BDFF1AA2D05838FBF2DB5C8B08084.e.70")&gt;, &lt;selenium.webdriv...</msg>
<var>${product_elements}</var>
<arg>css:.card-title</arg>
<doc>Returns a list of WebElement objects matching the ``locator``.</doc>
<status status="PASS" start="2025-03-20T08:27:18.208794" elapsed="0.008445"/>
</kw>
<kw name="Create List" owner="BuiltIn">
<msg time="2025-03-20T08:27:18.217706" level="INFO">@{actual_list} = [ ]</msg>
<var>@{actual_list}</var>
<doc>Returns a list containing given items.</doc>
<status status="PASS" start="2025-03-20T08:27:18.217395" elapsed="0.000334"/>
</kw>
<for flavor="IN">
<iter>
<kw name="Log" owner="BuiltIn">
<msg time="2025-03-20T08:27:18.229109" level="INFO">iphone X</msg>
<arg>${element.text}</arg>
<doc>Logs the given message with the given level.</doc>
<status status="PASS" start="2025-03-20T08:27:18.218291" elapsed="0.010879"/>
</kw>
<kw name="Append To List" owner="Collections">
<arg>${actual_list}</arg>
<arg>${element.text}</arg>
<doc>Adds ``values`` to the end of ``list``.</doc>
<status status="PASS" start="2025-03-20T08:27:18.229315" elapsed="0.006067"/>
</kw>
<var name="${element}">&lt;selenium.webdriver.remote.webelement.WebElement (session="c97575806300c98a3deb8c0153e03791", element="f.F34EE50B3CF95C05038E2FC578611F2F.d.586BDFF1AA2D05838FBF2DB5C8B08084.e.70")&gt;</var>
<status status="PASS" start="2025-03-20T08:27:18.218148" elapsed="0.017305"/>
</iter>
<iter>
<kw name="Log" owner="BuiltIn">
<msg time="2025-03-20T08:27:18.241904" level="INFO">Samsung Note 8</msg>
<arg>${element.text}</arg>
<doc>Logs the given message with the given level.</doc>
<status status="PASS" start="2025-03-20T08:27:18.235752" elapsed="0.006208"/>
</kw>
<kw name="Append To List" owner="Collections">
<arg>${actual_list}</arg>
<arg>${element.text}</arg>
<doc>Adds ``values`` to the end of ``list``.</doc>
<status status="PASS" start="2025-03-20T08:27:18.242089" elapsed="0.005527"/>
</kw>
<var name="${element}">&lt;selenium.webdriver.remote.webelement.WebElement (session="c97575806300c98a3deb8c0153e03791", element="f.F34EE50B3CF95C05038E2FC578611F2F.d.586BDFF1AA2D05838FBF2DB5C8B08084.e.71")&gt;</var>
<status status="PASS" start="2025-03-20T08:27:18.235588" elapsed="0.012094"/>
</iter>
<iter>
<kw name="Log" owner="BuiltIn">
<msg time="2025-03-20T08:27:18.253089" level="INFO">Nokia Edge</msg>
<arg>${element.text}</arg>
<doc>Logs the given message with the given level.</doc>
<status status="PASS" start="2025-03-20T08:27:18.247947" elapsed="0.005188"/>
</kw>
<kw name="Append To List" owner="Collections">
<arg>${actual_list}</arg>
<arg>${element.text}</arg>
<doc>Adds ``values`` to the end of ``list``.</doc>
<status status="PASS" start="2025-03-20T08:27:18.253233" elapsed="0.005895"/>
</kw>
<var name="${element}">&lt;selenium.webdriver.remote.webelement.WebElement (session="c97575806300c98a3deb8c0153e03791", element="f.F34EE50B3CF95C05038E2FC578611F2F.d.586BDFF1AA2D05838FBF2DB5C8B08084.e.72")&gt;</var>
<status status="PASS" start="2025-03-20T08:27:18.247798" elapsed="0.011402"/>
</iter>
<iter>
<kw name="Log" owner="BuiltIn">
<msg time="2025-03-20T08:27:18.264793" level="INFO">Blackberry</msg>
<arg>${element.text}</arg>
<doc>Logs the given message with the given level.</doc>
<status status="PASS" start="2025-03-20T08:27:18.259497" elapsed="0.005343"/>
</kw>
<kw name="Append To List" owner="Collections">
<arg>${actual_list}</arg>
<arg>${element.text}</arg>
<doc>Adds ``values`` to the end of ``list``.</doc>
<status status="PASS" start="2025-03-20T08:27:18.264952" elapsed="0.005554"/>
</kw>
<var name="${element}">&lt;selenium.webdriver.remote.webelement.WebElement (session="c97575806300c98a3deb8c0153e03791", element="f.F34EE50B3CF95C05038E2FC578611F2F.d.586BDFF1AA2D05838FBF2DB5C8B08084.e.73")&gt;</var>
<status status="PASS" start="2025-03-20T08:27:18.259334" elapsed="0.011237"/>
</iter>
<var>${element}</var>
<value>@{product_elements}</value>
<status status="PASS" start="2025-03-20T08:27:18.217879" elapsed="0.052745"/>
</for>
<kw name="Lists Should Be Equal" owner="Collections">
<arg>${actual_list}</arg>
<arg>${expected_list}</arg>
<doc>Fails if given lists are unequal.</doc>
<status status="PASS" start="2025-03-20T08:27:18.270758" elapsed="0.000236"/>
</kw>
<status status="PASS" start="2025-03-20T08:27:18.208140" elapsed="0.062911"/>
</kw>
<kw name="Select the Card">
<kw name="Get WebElements" owner="SeleniumLibrary">
<msg time="2025-03-20T08:27:18.275900" level="INFO">${elements} = [&lt;selenium.webdriver.remote.webelement.WebElement (session="c97575806300c98a3deb8c0153e03791", element="f.F34EE50B3CF95C05038E2FC578611F2F.d.586BDFF1AA2D05838FBF2DB5C8B08084.e.70")&gt;, &lt;selenium.webdriv...</msg>
<var>${elements}</var>
<arg>css:.card-title</arg>
<doc>Returns a list of WebElement objects matching the ``locator``.</doc>
<status status="PASS" start="2025-03-20T08:27:18.271381" elapsed="0.004553"/>
</kw>
<kw name="Set Variable" owner="BuiltIn">
<msg time="2025-03-20T08:27:18.276176" level="INFO">${index} = 0</msg>
<var>${index}</var>
<arg>0</arg>
<doc>Returns the given values which can then be assigned to a variables.</doc>
<status status="PASS" start="2025-03-20T08:27:18.276042" elapsed="0.000155"/>
</kw>
<for flavor="IN">
<iter>
<kw name="Get Text" owner="SeleniumLibrary">
<msg time="2025-03-20T08:27:18.281580" level="INFO">${text} = iphone X</msg>
<var>${text}</var>
<arg>${element}</arg>
<doc>Returns the text value of the element identified by ``locator``.</doc>
<status status="PASS" start="2025-03-20T08:27:18.276466" elapsed="0.005147"/>
</kw>
<kw name="Exit For Loop If" owner="BuiltIn">
<arg>'${text}' == '${Cardname}'</arg>
<doc>Stops executing the enclosing FOR loop if the ``condition`` is true.</doc>
<status status="PASS" start="2025-03-20T08:27:18.281740" elapsed="0.000290"/>
</kw>
<kw name="Evaluate" owner="BuiltIn">
<msg time="2025-03-20T08:27:18.282256" level="INFO">${index} = 1</msg>
<var>${index}</var>
<arg>${index}+1</arg>
<doc>Evaluates the given expression in Python and returns the result.</doc>
<status status="PASS" start="2025-03-20T08:27:18.282119" elapsed="0.000157"/>
</kw>
<var name="${element}">&lt;selenium.webdriver.remote.webelement.WebElement (session="c97575806300c98a3deb8c0153e03791", element="f.F34EE50B3CF95C05038E2FC578611F2F.d.586BDFF1AA2D05838FBF2DB5C8B08084.e.70")&gt;</var>
<status status="PASS" start="2025-03-20T08:27:18.276373" elapsed="0.005936"/>
</iter>
<iter>
<kw name="Get Text" owner="SeleniumLibrary">
<msg time="2025-03-20T08:27:18.287673" level="INFO">${text} = Samsung Note 8</msg>
<var>${text}</var>
<arg>${element}</arg>
<doc>Returns the text value of the element identified by ``locator``.</doc>
<status status="PASS" start="2025-03-20T08:27:18.282484" elapsed="0.005224"/>
</kw>
<kw name="Exit For Loop If" owner="BuiltIn">
<arg>'${text}' == '${Cardname}'</arg>
<doc>Stops executing the enclosing FOR loop if the ``condition`` is true.</doc>
<status status="PASS" start="2025-03-20T08:27:18.287831" elapsed="0.000253"/>
</kw>
<kw name="Evaluate" owner="BuiltIn">
<msg time="2025-03-20T08:27:18.288311" level="INFO">${index} = 2</msg>
<var>${index}</var>
<arg>${index}+1</arg>
<doc>Evaluates the given expression in Python and returns the result.</doc>
<status status="PASS" start="2025-03-20T08:27:18.288167" elapsed="0.000166"/>
</kw>
<var name="${element}">&lt;selenium.webdriver.remote.webelement.WebElement (session="c97575806300c98a3deb8c0153e03791", element="f.F34EE50B3CF95C05038E2FC578611F2F.d.586BDFF1AA2D05838FBF2DB5C8B08084.e.71")&gt;</var>
<status status="PASS" start="2025-03-20T08:27:18.282403" elapsed="0.005965"/>
</iter>
<iter>
<kw name="Get Text" owner="SeleniumLibrary">
<msg time="2025-03-20T08:27:18.293084" level="INFO">${text} = Nokia Edge</msg>
<var>${text}</var>
<arg>${element}</arg>
<doc>Returns the text value of the element identified by ``locator``.</doc>
<status status="PASS" start="2025-03-20T08:27:18.288537" elapsed="0.004574"/>
</kw>
<kw name="Exit For Loop If" owner="BuiltIn">
<msg time="2025-03-20T08:27:18.293413" level="INFO">Exiting for loop altogether.</msg>
<arg>'${text}' == '${Cardname}'</arg>
<doc>Stops executing the enclosing FOR loop if the ``condition`` is true.</doc>
<status status="PASS" start="2025-03-20T08:27:18.293208" elapsed="0.000318"/>
</kw>
<kw name="Evaluate" owner="BuiltIn">
<var>${index}</var>
<arg>${index}+1</arg>
<doc>Evaluates the given expression in Python and returns the result.</doc>
<status status="NOT RUN" start="2025-03-20T08:27:18.293612" elapsed="0.000191"/>
</kw>
<var name="${element}">&lt;selenium.webdriver.remote.webelement.WebElement (session="c97575806300c98a3deb8c0153e03791", element="f.F34EE50B3CF95C05038E2FC578611F2F.d.586BDFF1AA2D05838FBF2DB5C8B08084.e.72")&gt;</var>
<status status="PASS" start="2025-03-20T08:27:18.288459" elapsed="0.005651"/>
</iter>
<var>${element}</var>
<value>@{elements}</value>
<status status="PASS" start="2025-03-20T08:27:18.276249" elapsed="0.018007"/>
</for>
<kw name="Get WebElements" owner="SeleniumLibrary">
<msg time="2025-03-20T08:27:18.301991" level="INFO">${buttons} = [&lt;selenium.webdriver.remote.webelement.WebElement (session="c97575806300c98a3deb8c0153e03791", element="f.F34EE50B3CF95C05038E2FC578611F2F.d.586BDFF1AA2D05838FBF2DB5C8B08084.e.74")&gt;, &lt;selenium.webdriv...</msg>
<var>${buttons}</var>
<arg>css:.btn-info</arg>
<doc>Returns a list of WebElement objects matching the ``locator``.</doc>
<status status="PASS" start="2025-03-20T08:27:18.294610" elapsed="0.007416"/>
</kw>
<kw name="Click Button" owner="SeleniumLibrary">
<msg time="2025-03-20T08:27:18.302361" level="INFO">Clicking button '&lt;selenium.webdriver.remote.webelement.WebElement (session="c97575806300c98a3deb8c0153e03791", element="f.F34EE50B3CF95C05038E2FC578611F2F.d.586BDFF1AA2D05838FBF2DB5C8B08084.e.76")&gt;'.</msg>
<arg>${buttons}[${index}]</arg>
<doc>Clicks the button identified by ``locator``.</doc>
<status status="PASS" start="2025-03-20T08:27:18.302139" elapsed="0.035574"/>
</kw>
<kw name="Sleep" owner="BuiltIn">
<msg time="2025-03-20T08:27:23.338754" level="INFO">Slept 5 seconds.</msg>
<arg>5s</arg>
<doc>Pauses the test executed for the given time.</doc>
<status status="PASS" start="2025-03-20T08:27:18.337858" elapsed="5.001217"/>
</kw>
<arg>Nokia Edge</arg>
<status status="PASS" start="2025-03-20T08:27:18.271194" elapsed="5.068854"/>
</kw>
<kw name="Close browser session" owner="generic" type="TEARDOWN">
<kw name="Close Browser" owner="SeleniumLibrary">
<doc>Closes the current browser.</doc>
<status status="PASS" start="2025-03-20T08:27:23.342512" elapsed="0.085381"/>
</kw>
<status status="PASS" start="2025-03-20T08:27:23.341183" elapsed="0.086828"/>
</kw>
<status status="PASS" start="2025-03-20T08:27:10.161101" elapsed="13.266967"/>
</test>
<test id="s1-s5-t3" name="Log in with selected drop-down value" line="31">
<kw name="Open the browser with the Mortgage payment url" owner="generic" type="SETUP">
<kw name="Open Browser" owner="SeleniumLibrary">
<msg time="2025-03-20T08:27:23.429323" level="INFO">Opening browser 'chrome' to base url 'about:blank'.</msg>
<arg>about:blank</arg>
<arg>chrome</arg>
<doc>Opens a new browser instance to the optional ``url``.</doc>
<status status="PASS" start="2025-03-20T08:27:23.429128" elapsed="1.332492"/>
</kw>
<kw name="Go To" owner="SeleniumLibrary">
<msg time="2025-03-20T08:27:24.763459" level="INFO">Opening url 'https://rahulshettyacademy.com/loginpagePractise/'</msg>
<arg>${url}</arg>
<doc>Navigates the current browser window to the provided ``url``.</doc>
<status status="PASS" start="2025-03-20T08:27:24.762315" elapsed="2.965859"/>
</kw>
<status status="PASS" start="2025-03-20T08:27:23.428838" elapsed="4.299629"/>
</kw>
<kw name="Fill the login details and login page">
<kw name="Input Text" owner="SeleniumLibrary">
<msg time="2025-03-20T08:27:27.729334" level="INFO">Typing text 'rahulshettyacademy' into text field 'id:username'.</msg>
<arg>id:username</arg>
<arg>${user_name}</arg>
<doc>Types the given ``text`` into the text field identified by ``locator``.</doc>
<status status="PASS" start="2025-03-20T08:27:27.729085" elapsed="0.149761"/>
</kw>
<kw name="Input Password" owner="SeleniumLibrary">
<msg time="2025-03-20T08:27:27.879263" level="INFO">Typing password into text field 'id:password'.</msg>
<msg time="2025-03-20T08:27:27.907082" level="INFO">Temporally setting log level to: NONE</msg>
<arg>id:password</arg>
<arg>learning</arg>
<doc>Types the given password into the text field identified by ``locator``.</doc>
<status status="PASS" start="2025-03-20T08:27:27.879011" elapsed="0.087148"/>
</kw>
<kw name="Click Element" owner="SeleniumLibrary">
<msg time="2025-03-20T08:27:27.967210" level="INFO">Clicking element 'css:input[value="user"] + .checkmark'.</msg>
<arg>css:input[value="user"] + .checkmark</arg>
<doc>Click the element identified by ``locator``.</doc>
<status status="PASS" start="2025-03-20T08:27:27.966655" elapsed="0.061399"/>
</kw>
<kw name="Wait Until Element Is Visible" owner="SeleniumLibrary">
<arg>css:.modal-body</arg>
<doc>Waits until the element ``locator`` is visible.</doc>
<status status="PASS" start="2025-03-20T08:27:28.028771" elapsed="0.234970"/>
</kw>
<kw name="Sleep" owner="BuiltIn">
<msg time="2025-03-20T08:27:29.266026" level="INFO">Slept 1 second.</msg>
<arg>1s</arg>
<doc>Pauses the test executed for the given time.</doc>
<status status="PASS" start="2025-03-20T08:27:28.263909" elapsed="1.002503"/>
</kw>
<kw name="Click Element" owner="SeleniumLibrary">
<msg time="2025-03-20T08:27:29.268185" level="INFO">Clicking element 'id:okayBtn'.</msg>
<arg>id:okayBtn</arg>
<doc>Click the element identified by ``locator``.</doc>
<status status="PASS" start="2025-03-20T08:27:29.267550" elapsed="0.055980"/>
</kw>
<kw name="Wait Until Element Is Not Visible" owner="SeleniumLibrary">
<arg>css:.modal-body</arg>
<doc>Waits until the element ``locator`` is not visible.</doc>
<status status="PASS" start="2025-03-20T08:27:29.323693" elapsed="0.222481"/>
</kw>
<kw name="Select From List By Value" owner="SeleniumLibrary">
<msg time="2025-03-20T08:27:29.546655" level="INFO">Selecting options from selection list 'css:select.form-control' by value teach.</msg>
<arg>css:select.form-control</arg>
<arg>teach</arg>
<doc>Selects options from selection list ``locator`` by ``values``.</doc>
<status status="PASS" start="2025-03-20T08:27:29.546378" elapsed="0.048375"/>
</kw>
<kw name="Select Checkbox" owner="SeleniumLibrary">
<msg time="2025-03-20T08:27:29.595109" level="INFO">Selecting checkbox 'id:terms'.</msg>
<arg>id:terms</arg>
<doc>Selects the checkbox identified by ``locator``.</doc>
<status status="PASS" start="2025-03-20T08:27:29.594903" elapsed="0.053364"/>
</kw>
<kw name="Checkbox Should Be Selected" owner="SeleniumLibrary">
<msg time="2025-03-20T08:27:29.648635" level="INFO">Verifying checkbox 'id:terms' is selected.</msg>
<arg>id:terms</arg>
<doc>Verifies checkbox ``locator`` is selected/checked.</doc>
<status status="PASS" start="2025-03-20T08:27:29.648420" elapsed="0.015954"/>
</kw>
<status status="PASS" start="2025-03-20T08:27:27.728745" elapsed="1.935800"/>
</kw>
<kw name="Close browser session" owner="generic" type="TEARDOWN">
<kw name="Close Browser" owner="SeleniumLibrary">
<doc>Closes the current browser.</doc>
<status status="PASS" start="2025-03-20T08:27:29.665024" elapsed="0.080837"/>
</kw>
<status status="PASS" start="2025-03-20T08:27:29.664760" elapsed="0.081213"/>
</kw>
<status status="PASS" start="2025-03-20T08:27:23.428456" elapsed="6.317568"/>
</test>
<doc>To validate the Login form</doc>
<status status="PASS" start="2025-03-20T08:27:00.298463" elapsed="29.448112"/>
</suite>
<suite id="s1-s6" name="Testdemo7" source="/Users/mitran/pythonProject/RobotFramework/tests/testdemo7.robot">
<test id="s1-s6-t1" name="Log in and add product to card:" line="22">
<kw name="Open the browser with the Mortgage payment url" owner="generic" type="SETUP">
<kw name="Open Browser" owner="SeleniumLibrary">
<msg time="2025-03-20T08:27:00.568610" level="INFO">Opening browser 'chrome' to base url 'about:blank'.</msg>
<arg>about:blank</arg>
<arg>chrome</arg>
<doc>Opens a new browser instance to the optional ``url``.</doc>
<status status="PASS" start="2025-03-20T08:27:00.568193" elapsed="3.862281"/>
</kw>
<kw name="Go To" owner="SeleniumLibrary">
<msg time="2025-03-20T08:27:04.446664" level="INFO">Opening url 'https://rahulshettyacademy.com/loginpagePractise/'</msg>
<arg>${url}</arg>
<doc>Navigates the current browser window to the provided ``url``.</doc>
<status status="PASS" start="2025-03-20T08:27:04.445427" elapsed="2.965876"/>
</kw>
<status status="PASS" start="2025-03-20T08:27:00.566880" elapsed="6.844845"/>
</kw>
<kw name="Fill the login details and login page" owner="LandingPage">
<kw name="Input Text" owner="SeleniumLibrary">
<msg time="2025-03-20T08:27:07.435706" level="INFO">Typing text 'rahulshettyacademy' into text field 'id:username'.</msg>
<arg>id:username</arg>
<arg>${user_name}</arg>
<doc>Types the given ``text`` into the text field identified by ``locator``.</doc>
<status status="PASS" start="2025-03-20T08:27:07.419699" elapsed="0.391502"/>
</kw>
<kw name="Input Password" owner="SeleniumLibrary">
<msg time="2025-03-20T08:27:07.811818" level="INFO">Typing password into text field 'id:password'.</msg>
<msg time="2025-03-20T08:27:07.848018" level="INFO">Temporally setting log level to: NONE</msg>
<arg>id:password</arg>
<arg>learning</arg>
<doc>Types the given password into the text field identified by ``locator``.</doc>
<status status="PASS" start="2025-03-20T08:27:07.811530" elapsed="0.098160"/>
</kw>
<kw name="Click Element" owner="SeleniumLibrary">
<msg time="2025-03-20T08:27:07.911138" level="INFO">Clicking element 'css:input[value="user"] + .checkmark'.</msg>
<arg>css:input[value="user"] + .checkmark</arg>
<doc>Click the element identified by ``locator``.</doc>
<status status="PASS" start="2025-03-20T08:27:07.910544" elapsed="0.127994"/>
</kw>
<kw name="Wait Until Element Is Visible" owner="SeleniumLibrary">
<arg>css:.modal-body</arg>
<doc>Waits until the element ``locator`` is visible.</doc>
<status status="PASS" start="2025-03-20T08:27:08.038928" elapsed="0.279478"/>
</kw>
<kw name="Sleep" owner="BuiltIn">
<msg time="2025-03-20T08:27:10.320201" level="INFO">Slept 2 seconds.</msg>
<arg>2s</arg>
<doc>Pauses the test executed for the given time.</doc>
<status status="PASS" start="2025-03-20T08:27:08.318597" elapsed="2.001841"/>
</kw>
<kw name="Click Element" owner="SeleniumLibrary">
<msg time="2025-03-20T08:27:10.320971" level="INFO">Clicking element 'id:okayBtn'.</msg>
<arg>id:okayBtn</arg>
<doc>Click the element identified by ``locator``.</doc>
<status status="PASS" start="2025-03-20T08:27:10.320742" elapsed="0.048867"/>
</kw>
<kw name="Wait Until Element Is Not Visible" owner="SeleniumLibrary">
<arg>css:.modal-body</arg>
<doc>Waits until the element ``locator`` is not visible.</doc>
<status status="PASS" start="2025-03-20T08:27:10.369783" elapsed="0.221788"/>
</kw>
<kw name="Select From List By Value" owner="SeleniumLibrary">
<msg time="2025-03-20T08:27:10.591952" level="INFO">Selecting options from selection list 'css:select.form-control' by value teach.</msg>
<arg>css:select.form-control</arg>
<arg>teach</arg>
<doc>Selects options from selection list ``locator`` by ``values``.</doc>
<status status="PASS" start="2025-03-20T08:27:10.591738" elapsed="0.344735"/>
</kw>
<kw name="Select Checkbox" owner="SeleniumLibrary">
<msg time="2025-03-20T08:27:10.938027" level="INFO">Selecting checkbox 'id:terms'.</msg>
<arg>id:terms</arg>
<doc>Selects the checkbox identified by ``locator``.</doc>
<status status="PASS" start="2025-03-20T08:27:10.937080" elapsed="0.279296"/>
</kw>
<kw name="Checkbox Should Be Selected" owner="SeleniumLibrary">
<msg time="2025-03-20T08:27:11.218832" level="INFO">Verifying checkbox 'id:terms' is selected.</msg>
<arg>id:terms</arg>
<doc>Verifies checkbox ``locator`` is selected/checked.</doc>
<status status="PASS" start="2025-03-20T08:27:11.218373" elapsed="0.069542"/>
</kw>
<kw name="Click Button" owner="SeleniumLibrary">
<msg time="2025-03-20T08:27:11.288473" level="INFO">Clicking button 'id:signInBtn'.</msg>
<arg>id:signInBtn</arg>
<doc>Clicks the button identified by ``locator``.</doc>
<status status="PASS" start="2025-03-20T08:27:11.288149" elapsed="0.154344"/>
</kw>
<status status="PASS" start="2025-03-20T08:27:07.413408" elapsed="4.029261"/>
</kw>
<kw name="Wait for element to appear" owner="ShopPage">
<kw name="Wait Until Element Is Visible" owner="SeleniumLibrary">
<arg>${element}</arg>
<doc>Waits until the element ``locator`` is visible.</doc>
<status status="PASS" start="2025-03-20T08:27:11.443946" elapsed="3.242563"/>
</kw>
<arg>${Shop_page_load}</arg>
<status status="PASS" start="2025-03-20T08:27:11.443157" elapsed="3.243578"/>
</kw>
<kw name="Verify Card titles in the Shop page" owner="ShopPage">
<kw name="Create List" owner="BuiltIn">
<msg time="2025-03-20T08:27:14.687590" level="INFO">@{expected_list} = [ iphone X | Samsung Note 8 | Nokia Edge | Blackberry ]</msg>
<var>@{expected_list}</var>
<arg>iphone X</arg>
<arg>Samsung Note 8</arg>
<arg>Nokia Edge</arg>
<arg>Blackberry</arg>
<doc>Returns a list containing given items.</doc>
<status status="PASS" start="2025-03-20T08:27:14.687414" elapsed="0.000204"/>
</kw>
<kw name="Get WebElements" owner="SeleniumLibrary">
<msg time="2025-03-20T08:27:14.695342" level="INFO">${product_elements} = [&lt;selenium.webdriver.remote.webelement.WebElement (session="74897f850dee07a1f47b3622fadbeefb", element="f.35A9C3641322DC77A52634CC3BBDD8D8.d.14E32E0B40EFD71FD8AD397E89B9F732.e.77")&gt;, &lt;selenium.webdriv...</msg>
<var>${product_elements}</var>
<arg>css:.card-title</arg>
<doc>Returns a list of WebElement objects matching the ``locator``.</doc>
<status status="PASS" start="2025-03-20T08:27:14.687727" elapsed="0.007657"/>
</kw>
<kw name="Create List" owner="BuiltIn">
<msg time="2025-03-20T08:27:14.695702" level="INFO">@{actual_list} = [ ]</msg>
<var>@{actual_list}</var>
<doc>Returns a list containing given items.</doc>
<status status="PASS" start="2025-03-20T08:27:14.695524" elapsed="0.000201"/>
</kw>
<for flavor="IN">
<iter>
<kw name="Log" owner="BuiltIn">
<msg time="2025-03-20T08:27:14.706351" level="INFO">iphone X</msg>
<arg>${element.text}</arg>
<doc>Logs the given message with the given level.</doc>
<status status="PASS" start="2025-03-20T08:27:14.696100" elapsed="0.010317"/>
</kw>
<kw name="Append To List" owner="Collections">
<arg>${actual_list}</arg>
<arg>${element.text}</arg>
<doc>Adds ``values`` to the end of ``list``.</doc>
<status status="PASS" start="2025-03-20T08:27:14.707546" elapsed="0.006025"/>
</kw>
<var name="${element}">&lt;selenium.webdriver.remote.webelement.WebElement (session="74897f850dee07a1f47b3622fadbeefb", element="f.35A9C3641322DC77A52634CC3BBDD8D8.d.14E32E0B40EFD71FD8AD397E89B9F732.e.77")&gt;</var>
<status status="PASS" start="2025-03-20T08:27:14.695990" elapsed="0.017651"/>
</iter>
<iter>
<kw name="Log" owner="BuiltIn">
<msg time="2025-03-20T08:27:14.722000" level="INFO">Samsung Note 8</msg>
<arg>${element.text}</arg>
<doc>Logs the given message with the given level.</doc>
<status status="PASS" start="2025-03-20T08:27:14.713943" elapsed="0.008113"/>
</kw>
<kw name="Append To List" owner="Collections">
<arg>${actual_list}</arg>
<arg>${element.text}</arg>
<doc>Adds ``values`` to the end of ``list``.</doc>
<status status="PASS" start="2025-03-20T08:27:14.722195" elapsed="0.005646"/>
</kw>
<var name="${element}">&lt;selenium.webdriver.remote.webelement.WebElement (session="74897f850dee07a1f47b3622fadbeefb", element="f.35A9C3641322DC77A52634CC3BBDD8D8.d.14E32E0B40EFD71FD8AD397E89B9F732.e.78")&gt;</var>
<status status="PASS" start="2025-03-20T08:27:14.713767" elapsed="0.014143"/>
</iter>
<iter>
<kw name="Log" owner="BuiltIn">
<msg time="2025-03-20T08:27:14.735271" level="INFO">Nokia Edge</msg>
<arg>${element.text}</arg>
<doc>Logs the given message with the given level.</doc>
<status status="PASS" start="2025-03-20T08:27:14.728309" elapsed="0.007019"/>
</kw>
<kw name="Append To List" owner="Collections">
<arg>${actual_list}</arg>
<arg>${element.text}</arg>
<doc>Adds ``values`` to the end of ``list``.</doc>
<status status="PASS" start="2025-03-20T08:27:14.735465" elapsed="0.006637"/>
</kw>
<var name="${element}">&lt;selenium.webdriver.remote.webelement.WebElement (session="74897f850dee07a1f47b3622fadbeefb", element="f.35A9C3641322DC77A52634CC3BBDD8D8.d.14E32E0B40EFD71FD8AD397E89B9F732.e.79")&gt;</var>
<status status="PASS" start="2025-03-20T08:27:14.728145" elapsed="0.014025"/>
</iter>
<iter>
<kw name="Log" owner="BuiltIn">
<msg time="2025-03-20T08:27:14.748299" level="INFO">Blackberry</msg>
<arg>${element.text}</arg>
<doc>Logs the given message with the given level.</doc>
<status status="PASS" start="2025-03-20T08:27:14.742451" elapsed="0.005908"/>
</kw>
<kw name="Append To List" owner="Collections">
<arg>${actual_list}</arg>
<arg>${element.text}</arg>
<doc>Adds ``values`` to the end of ``list``.</doc>
<status status="PASS" start="2025-03-20T08:27:14.748491" elapsed="0.005433"/>
</kw>
<var name="${element}">&lt;selenium.webdriver.remote.webelement.WebElement (session="74897f850dee07a1f47b3622fadbeefb", element="f.35A9C3641322DC77A52634CC3BBDD8D8.d.14E32E0B40EFD71FD8AD397E89B9F732.e.80")&gt;</var>
<status status="PASS" start="2025-03-20T08:27:14.742292" elapsed="0.011701"/>
</iter>
<var>${element}</var>
<value>@{product_elements}</value>
<status status="PASS" start="2025-03-20T08:27:14.695818" elapsed="0.058227"/>
</for>
<kw name="Lists Should Be Equal" owner="Collections">
<arg>${actual_list}</arg>
<arg>${expected_list}</arg>
<doc>Fails if given lists are unequal.</doc>
<status status="PASS" start="2025-03-20T08:27:14.754182" elapsed="0.000234"/>
</kw>
<status status="PASS" start="2025-03-20T08:27:14.687053" elapsed="0.067425"/>
</kw>
<kw name="Add Items To Cart And Checkout" owner="shop">
<msg time="2025-03-20T08:27:14.778090" level="INFO">Clicking button '&lt;selenium.webdriver.remote.webelement.WebElement (session="74897f850dee07a1f47b3622fadbeefb", element="f.35A9C3641322DC77A52634CC3BBDD8D8.d.14E32E0B40EFD71FD8AD397E89B9F732.e.81")&gt;'.</msg>
<msg time="2025-03-20T08:27:14.825443" level="INFO">Clicking button '&lt;selenium.webdriver.remote.webelement.WebElement (session="74897f850dee07a1f47b3622fadbeefb", element="f.35A9C3641322DC77A52634CC3BBDD8D8.d.14E32E0B40EFD71FD8AD397E89B9F732.e.82")&gt;'.</msg>
<msg time="2025-03-20T08:27:14.890034" level="INFO">Clicking link 'css:li.active a'.</msg>
<arg>${productslist}</arg>
<status status="PASS" start="2025-03-20T08:27:14.754556" elapsed="0.210786"/>
</kw>
<kw name="Verify items in the checkout page and proceed" owner="CheckoutPage">
<kw name="Click Element" owner="SeleniumLibrary">
<msg time="2025-03-20T08:27:14.966925" level="INFO">Clicking element 'css:.btn-success'.</msg>
<arg>css:.btn-success</arg>
<doc>Click the element identified by ``locator``.</doc>
<status status="PASS" start="2025-03-20T08:27:14.966386" elapsed="0.090744"/>
</kw>
<status status="PASS" start="2025-03-20T08:27:14.965767" elapsed="0.091470"/>
</kw>
<kw name="Enter the country and select the term" owner="ConfirmationPage">
<kw name="Input Text" owner="SeleniumLibrary">
<msg time="2025-03-20T08:27:15.058233" level="INFO">Typing text 'India' into text field 'country'.</msg>
<arg>country</arg>
<arg>${country_name}</arg>
<doc>Types the given ``text`` into the text field identified by ``locator``.</doc>
<status status="PASS" start="2025-03-20T08:27:15.057918" elapsed="0.075591"/>
</kw>
<kw name="Sleep" owner="BuiltIn">
<msg time="2025-03-20T08:27:20.136573" level="INFO">Slept 5 seconds.</msg>
<arg>5s</arg>
<doc>Pauses the test executed for the given time.</doc>
<status status="PASS" start="2025-03-20T08:27:15.134652" elapsed="5.002197"/>
</kw>
<kw name="Wait for element to appear" owner="generic">
<kw name="Wait Until Element Is Visible" owner="SeleniumLibrary">
<arg>${element}</arg>
<doc>Waits until the element ``locator`` is visible.</doc>
<status status="PASS" start="2025-03-20T08:27:20.138441" elapsed="0.021907"/>
</kw>
<arg>//a[text()="${country_name}"]</arg>
<status status="PASS" start="2025-03-20T08:27:20.137399" elapsed="0.023107"/>
</kw>
<kw name="Click Element" owner="SeleniumLibrary">
<msg time="2025-03-20T08:27:20.161054" level="INFO">Clicking element '//a[text()="India"]'.</msg>
<arg>//a[text()="${country_name}"]</arg>
<doc>Click the element identified by ``locator``.</doc>
<status status="PASS" start="2025-03-20T08:27:20.160683" elapsed="0.040129"/>
</kw>
<kw name="Click Element" owner="SeleniumLibrary">
<msg time="2025-03-20T08:27:20.201300" level="INFO">Clicking element 'css:.checkbox label'.</msg>
<arg>css:.checkbox label</arg>
<doc>Click the element identified by ``locator``.</doc>
<status status="PASS" start="2025-03-20T08:27:20.201043" elapsed="0.039276"/>
</kw>
<arg>${country_name}</arg>
<status status="PASS" start="2025-03-20T08:27:15.057419" elapsed="5.183003"/>
</kw>
<kw name="ConfirmationPage.Purchase product and confirmation" owner="ConfirmationPage">
<kw name="Click Element" owner="SeleniumLibrary">
<msg time="2025-03-20T08:27:20.241039" level="INFO">Clicking element 'css:.btn-success'.</msg>
<arg>css:.btn-success</arg>
<doc>Click the element identified by ``locator``.</doc>
<status status="PASS" start="2025-03-20T08:27:20.240897" elapsed="0.040653"/>
</kw>
<kw name="Page Should Contain" owner="SeleniumLibrary">
<msg time="2025-03-20T08:27:20.294445" level="INFO">Current page contains text 'Success!'.</msg>
<arg>Success!</arg>
<doc>Verifies that current page contains ``text``.</doc>
<status status="PASS" start="2025-03-20T08:27:20.281722" elapsed="0.012806"/>
</kw>
<status status="PASS" start="2025-03-20T08:27:20.240616" elapsed="0.053990"/>
</kw>
<kw name="Close browser session" owner="generic" type="TEARDOWN">
<kw name="Close Browser" owner="SeleniumLibrary">
<doc>Closes the current browser.</doc>
<status status="PASS" start="2025-03-20T08:27:20.295108" elapsed="0.084174"/>
</kw>
<status status="PASS" start="2025-03-20T08:27:20.294840" elapsed="0.084537"/>
</kw>
<status status="PASS" start="2025-03-20T08:27:00.565880" elapsed="19.813543"/>
</test>
<doc>To validate the Login form</doc>
<status status="PASS" start="2025-03-20T08:27:00.280313" elapsed="20.099537"/>
</suite>
<doc>[https://pabot.org/?ref=log|Pabot] result from 6 executions.</doc>
<status status="PASS" start="2025-03-20T08:27:00.247000" elapsed="29.547000"/>
</suite>
<statistics>
<total>
<stat pass="12" fail="0" skip="0">All Tests</stat>
</total>
<tag>
</tag>
<suite>
<stat name="Tests" id="s1" pass="12" fail="0" skip="0">Tests</stat>
<stat name="Testdemo1" id="s1-s1" pass="1" fail="0" skip="0">Tests.Testdemo1</stat>
<stat name="Testdemo2" id="s1-s2" pass="3" fail="0" skip="0">Tests.Testdemo2</stat>
<stat name="Testdemo3" id="s1-s3" pass="1" fail="0" skip="0">Tests.Testdemo3</stat>
<stat name="Testdemo4" id="s1-s4" pass="3" fail="0" skip="0">Tests.Testdemo4</stat>
<stat name="Testdemo6" id="s1-s5" pass="3" fail="0" skip="0">Tests.Testdemo6</stat>
<stat name="Testdemo7" id="s1-s6" pass="1" fail="0" skip="0">Tests.Testdemo7</stat>
</suite>
</statistics>
<errors>
</errors>
</robot>
