<?xml version="1.0" encoding="UTF-8"?>
<robot generator="Robot 7.2.2 (Python 3.11.0 on darwin)" generated="2025-03-11T07:15:32.602813" rpa="false" schemaversion="5">
<suite id="s1" name="Testdemo4" source="/Users/mitran/pythonProject/RobotFramework/tests/testdemo4.robot">
<test id="s1-t1" name="Invalid username" line="16">
<kw name="Open the browser with the Mortgage payment url" owner="resource" type="SETUP">
<kw name="Open Browser" owner="SeleniumLibrary">
<msg time="2025-03-11T07:15:32.743195" level="INFO">Opening browser 'chrome' to base url 'about:blank'.</msg>
<arg>about:blank</arg>
<arg>chrome</arg>
<doc>Opens a new browser instance to the optional ``url``.</doc>
<status status="PASS" start="2025-03-11T07:15:32.743041" elapsed="1.674127"/>
</kw>
<kw name="Go To" owner="SeleniumLibrary">
<msg time="2025-03-11T07:15:34.419655" level="INFO">Opening url 'https://rahulshettyacademy.com/loginpagePractise/'</msg>
<arg>${url}</arg>
<doc>Navigates the current browser window to the provided ``url``.</doc>
<status status="PASS" start="2025-03-11T07:15:34.419128" elapsed="1.964551"/>
</kw>
<status status="PASS" start="2025-03-11T07:15:32.742506" elapsed="3.641312"/>
</kw>
<kw name="Validate UnSuccessful Login">
<kw name="Fill the login form">
<kw name="Wait Until Element Is Visible" owner="SeleniumLibrary">
<arg>id:username</arg>
<doc>Waits until the element ``locator`` is visible.</doc>
<status status="PASS" start="2025-03-11T07:15:36.386201" elapsed="0.022126"/>
</kw>
<kw name="Wait Until Element Is Visible" owner="SeleniumLibrary">
<arg>id:password</arg>
<doc>Waits until the element ``locator`` is visible.</doc>
<status status="PASS" start="2025-03-11T07:15:36.408540" elapsed="0.017482"/>
</kw>
<kw name="Input Text" owner="SeleniumLibrary">
<msg time="2025-03-11T07:15:36.426422" level="INFO">Typing text 'mitest' into text field 'id:username'.</msg>
<arg>id:username</arg>
<arg>${username}</arg>
<doc>Types the given ``text`` into the text field identified by ``locator``.</doc>
<status status="PASS" start="2025-03-11T07:15:36.426208" elapsed="0.169672"/>
</kw>
<kw name="Input Password" owner="SeleniumLibrary">
<msg time="2025-03-11T07:15:36.596244" level="INFO">Typing password into text field 'id:password'.</msg>
<msg time="2025-03-11T07:15:36.614963" level="INFO">Temporally setting log level to: NONE</msg>
<arg>id:password</arg>
<arg>${password}</arg>
<doc>Types the given password into the text field identified by ``locator``.</doc>
<status status="PASS" start="2025-03-11T07:15:36.596047" elapsed="0.047718"/>
</kw>
<kw name="Click Button" owner="SeleniumLibrary">
<msg time="2025-03-11T07:15:36.644057" level="INFO">Clicking button 'id:signInBtn'.</msg>
<arg>id:signInBtn</arg>
<doc>Clicks the button identified by ``locator``.</doc>
<status status="PASS" start="2025-03-11T07:15:36.643917" elapsed="0.053559"/>
</kw>
<arg>${username}</arg>
<arg>${password}</arg>
<status status="PASS" start="2025-03-11T07:15:36.385668" elapsed="0.311912"/>
</kw>
<kw name="Wait until it checks and display error message">
<kw name="Wait Until Element Is Visible" owner="SeleniumLibrary">
<arg>${Error_message_login}</arg>
<arg>timeout=10s</arg>
<doc>Waits until the element ``locator`` is visible.</doc>
<status status="PASS" start="2025-03-11T07:15:36.697912" elapsed="2.199816"/>
</kw>
<status status="PASS" start="2025-03-11T07:15:36.697706" elapsed="2.200246"/>
</kw>
<kw name="Verify error message is correct">
<kw name="Element Text Should Be" owner="SeleniumLibrary">
<msg time="2025-03-11T07:15:38.898779" level="INFO">Verifying element 'css:.alert-danger' contains exact text 'Incorrect username/password.'.</msg>
<arg>${Error_message_login}</arg>
<arg>Incorrect username/password.</arg>
<doc>Verifies that element ``locator`` contains exact the text ``expected``.</doc>
<status status="PASS" start="2025-03-11T07:15:38.898520" elapsed="0.022383"/>
</kw>
<status status="PASS" start="2025-03-11T07:15:38.898175" elapsed="0.022845"/>
</kw>
<arg>${invalid_user_name}</arg>
<arg>${valid_password}</arg>
<status status="PASS" start="2025-03-11T07:15:36.384889" elapsed="2.536182"/>
</kw>
<kw name="Close Browser" owner="SeleniumLibrary" type="TEARDOWN">
<doc>Closes the current browser.</doc>
<status status="PASS" start="2025-03-11T07:15:38.921345" elapsed="0.075758"/>
</kw>
<status status="PASS" start="2025-03-11T07:15:32.742028" elapsed="6.256324"/>
</test>
<test id="s1-t2" name="Invalid password" line="17">
<kw name="Open the browser with the Mortgage payment url" owner="resource" type="SETUP">
<kw name="Open Browser" owner="SeleniumLibrary">
<msg time="2025-03-11T07:15:38.999573" level="INFO">Opening browser 'chrome' to base url 'about:blank'.</msg>
<arg>about:blank</arg>
<arg>chrome</arg>
<doc>Opens a new browser instance to the optional ``url``.</doc>
<status status="PASS" start="2025-03-11T07:15:38.999438" elapsed="0.956292"/>
</kw>
<kw name="Go To" owner="SeleniumLibrary">
<msg time="2025-03-11T07:15:39.956490" level="INFO">Opening url 'https://rahulshettyacademy.com/loginpagePractise/'</msg>
<arg>${url}</arg>
<doc>Navigates the current browser window to the provided ``url``.</doc>
<status status="PASS" start="2025-03-11T07:15:39.956109" elapsed="2.866117"/>
</kw>
<status status="PASS" start="2025-03-11T07:15:38.999222" elapsed="3.823151"/>
</kw>
<kw name="Validate UnSuccessful Login">
<kw name="Fill the login form">
<kw name="Wait Until Element Is Visible" owner="SeleniumLibrary">
<arg>id:username</arg>
<doc>Waits until the element ``locator`` is visible.</doc>
<status status="PASS" start="2025-03-11T07:15:42.823955" elapsed="0.017187"/>
</kw>
<kw name="Wait Until Element Is Visible" owner="SeleniumLibrary">
<arg>id:password</arg>
<doc>Waits until the element ``locator`` is visible.</doc>
<status status="PASS" start="2025-03-11T07:15:42.841336" elapsed="0.018114"/>
</kw>
<kw name="Input Text" owner="SeleniumLibrary">
<msg time="2025-03-11T07:15:42.859798" level="INFO">Typing text 'rahulshettyacademy' into text field 'id:username'.</msg>
<arg>id:username</arg>
<arg>${username}</arg>
<doc>Types the given ``text`` into the text field identified by ``locator``.</doc>
<status status="PASS" start="2025-03-11T07:15:42.859604" elapsed="0.149407"/>
</kw>
<kw name="Input Password" owner="SeleniumLibrary">
<msg time="2025-03-11T07:15:43.009318" level="INFO">Typing password into text field 'id:password'.</msg>
<msg time="2025-03-11T07:15:43.031547" level="INFO">Temporally setting log level to: NONE</msg>
<arg>id:password</arg>
<arg>${password}</arg>
<doc>Types the given password into the text field identified by ``locator``.</doc>
<status status="PASS" start="2025-03-11T07:15:43.009148" elapsed="0.051425"/>
</kw>
<kw name="Click Button" owner="SeleniumLibrary">
<msg time="2025-03-11T07:15:43.060840" level="INFO">Clicking button 'id:signInBtn'.</msg>
<arg>id:signInBtn</arg>
<doc>Clicks the button identified by ``locator``.</doc>
<status status="PASS" start="2025-03-11T07:15:43.060705" elapsed="0.053047"/>
</kw>
<arg>${username}</arg>
<arg>${password}</arg>
<status status="PASS" start="2025-03-11T07:15:42.823290" elapsed="0.290552"/>
</kw>
<kw name="Wait until it checks and display error message">
<kw name="Wait Until Element Is Visible" owner="SeleniumLibrary">
<arg>${Error_message_login}</arg>
<arg>timeout=10s</arg>
<doc>Waits until the element ``locator`` is visible.</doc>
<status status="PASS" start="2025-03-11T07:15:43.114154" elapsed="2.204422"/>
</kw>
<status status="PASS" start="2025-03-11T07:15:43.113961" elapsed="2.204743"/>
</kw>
<kw name="Verify error message is correct">
<kw name="Element Text Should Be" owner="SeleniumLibrary">
<msg time="2025-03-11T07:15:45.319453" level="INFO">Verifying element 'css:.alert-danger' contains exact text 'Incorrect username/password.'.</msg>
<arg>${Error_message_login}</arg>
<arg>Incorrect username/password.</arg>
<doc>Verifies that element ``locator`` contains exact the text ``expected``.</doc>
<status status="PASS" start="2025-03-11T07:15:45.319216" elapsed="0.018598"/>
</kw>
<status status="PASS" start="2025-03-11T07:15:45.318870" elapsed="0.019045"/>
</kw>
<arg>${user_name}</arg>
<arg>${invalid_password}</arg>
<status status="PASS" start="2025-03-11T07:15:42.822700" elapsed="2.515264"/>
</kw>
<kw name="Close Browser" owner="SeleniumLibrary" type="TEARDOWN">
<doc>Closes the current browser.</doc>
<status status="PASS" start="2025-03-11T07:15:45.338306" elapsed="0.078619"/>
</kw>
<status status="PASS" start="2025-03-11T07:15:38.998768" elapsed="6.418269"/>
</test>
<test id="s1-t3" name="Special characters" line="18">
<kw name="Open the browser with the Mortgage payment url" owner="resource" type="SETUP">
<kw name="Open Browser" owner="SeleniumLibrary">
<msg time="2025-03-11T07:15:45.417846" level="INFO">Opening browser 'chrome' to base url 'about:blank'.</msg>
<arg>about:blank</arg>
<arg>chrome</arg>
<doc>Opens a new browser instance to the optional ``url``.</doc>
<status status="PASS" start="2025-03-11T07:15:45.417719" elapsed="0.928303"/>
</kw>
<kw name="Go To" owner="SeleniumLibrary">
<msg time="2025-03-11T07:15:46.346802" level="INFO">Opening url 'https://rahulshettyacademy.com/loginpagePractise/'</msg>
<arg>${url}</arg>
<doc>Navigates the current browser window to the provided ``url``.</doc>
<status status="PASS" start="2025-03-11T07:15:46.346410" elapsed="2.359526"/>
</kw>
<status status="PASS" start="2025-03-11T07:15:45.417528" elapsed="3.289048"/>
</kw>
<kw name="Validate UnSuccessful Login">
<kw name="Fill the login form">
<kw name="Wait Until Element Is Visible" owner="SeleniumLibrary">
<arg>id:username</arg>
<doc>Waits until the element ``locator`` is visible.</doc>
<status status="PASS" start="2025-03-11T07:15:48.711206" elapsed="0.725305"/>
</kw>
<kw name="Wait Until Element Is Visible" owner="SeleniumLibrary">
<arg>id:password</arg>
<doc>Waits until the element ``locator`` is visible.</doc>
<status status="PASS" start="2025-03-11T07:15:49.436714" elapsed="0.017260"/>
</kw>
<kw name="Input Text" owner="SeleniumLibrary">
<msg time="2025-03-11T07:15:49.454345" level="INFO">Typing text '%^&amp;}test' into text field 'id:username'.</msg>
<arg>id:username</arg>
<arg>${username}</arg>
<doc>Types the given ``text`` into the text field identified by ``locator``.</doc>
<status status="PASS" start="2025-03-11T07:15:49.454139" elapsed="0.141411"/>
</kw>
<kw name="Input Password" owner="SeleniumLibrary">
<msg time="2025-03-11T07:15:49.595870" level="INFO">Typing password into text field 'id:password'.</msg>
<msg time="2025-03-11T07:15:49.615215" level="INFO">Temporally setting log level to: NONE</msg>
<arg>id:password</arg>
<arg>${password}</arg>
<doc>Types the given password into the text field identified by ``locator``.</doc>
<status status="PASS" start="2025-03-11T07:15:49.595700" elapsed="0.050260"/>
</kw>
<kw name="Click Button" owner="SeleniumLibrary">
<msg time="2025-03-11T07:15:49.646245" level="INFO">Clicking button 'id:signInBtn'.</msg>
<arg>id:signInBtn</arg>
<doc>Clicks the button identified by ``locator``.</doc>
<status status="PASS" start="2025-03-11T07:15:49.646099" elapsed="0.052179"/>
</kw>
<arg>${username}</arg>
<arg>${password}</arg>
<status status="PASS" start="2025-03-11T07:15:48.710896" elapsed="0.987468"/>
</kw>
<kw name="Wait until it checks and display error message">
<kw name="Wait Until Element Is Visible" owner="SeleniumLibrary">
<arg>${Error_message_login}</arg>
<arg>timeout=10s</arg>
<doc>Waits until the element ``locator`` is visible.</doc>
<status status="PASS" start="2025-03-11T07:15:49.698669" elapsed="2.198718"/>
</kw>
<status status="PASS" start="2025-03-11T07:15:49.698484" elapsed="2.199040"/>
</kw>
<kw name="Verify error message is correct">
<kw name="Element Text Should Be" owner="SeleniumLibrary">
<msg time="2025-03-11T07:15:51.898263" level="INFO">Verifying element 'css:.alert-danger' contains exact text 'Incorrect username/password.'.</msg>
<arg>${Error_message_login}</arg>
<arg>Incorrect username/password.</arg>
<doc>Verifies that element ``locator`` contains exact the text ``expected``.</doc>
<status status="PASS" start="2025-03-11T07:15:51.898018" elapsed="0.021520"/>
</kw>
<status status="PASS" start="2025-03-11T07:15:51.897707" elapsed="0.021934"/>
</kw>
<arg>${special_character}</arg>
<arg>${valid_password}</arg>
<status status="PASS" start="2025-03-11T07:15:48.710364" elapsed="3.209324"/>
</kw>
<kw name="Close Browser" owner="SeleniumLibrary" type="TEARDOWN">
<doc>Closes the current browser.</doc>
<status status="PASS" start="2025-03-11T07:15:51.919943" elapsed="0.077628"/>
</kw>
<status status="PASS" start="2025-03-11T07:15:45.417270" elapsed="6.580413"/>
</test>
<doc>To validate the Login form</doc>
<status status="PASS" start="2025-03-11T07:15:32.604044" elapsed="19.394082"/>
</suite>
<statistics>
<total>
<stat pass="3" fail="0" skip="0">All Tests</stat>
</total>
<tag>
</tag>
<suite>
<stat name="Testdemo4" id="s1" pass="3" fail="0" skip="0">Testdemo4</stat>
</suite>
</statistics>
<errors>
</errors>
</robot>
