<?xml version="1.0" encoding="UTF-8"?>
<robot generator="Robot 7.2.2 (Python 3.11.0 on darwin)" generated="2025-03-22T12:19:53.332747" rpa="false" schemaversion="5">
<suite id="s1" name="Testdemo8" source="/Users/mitran/pythonProject/RobotFramework/tests/testdemo8.robot">
<test id="s1-t1" name="TC01: Test Add book into library database" line="19">
<kw name="Add book into library database">
<kw name="Create Dictionary" owner="BuiltIn">
<msg time="2025-03-22T12:19:53.513135" level="INFO">&amp;{req_body} = { name=tenbook2 | isbn=daylaisbn2 | aisle=89548982 | author=daylaauthor2 }</msg>
<var>&amp;{req_body}</var>
<arg>name=${book_name}</arg>
<arg>isbn=${isbn}</arg>
<arg>aisle=${aisle}</arg>
<arg>author=${author}</arg>
<doc>Creates and returns a dictionary based on the given ``items``.</doc>
<status status="PASS" start="2025-03-22T12:19:53.512812" elapsed="0.000352"/>
</kw>
<kw name="POST" owner="RequestsLibrary">
<msg time="2025-03-22T12:19:53.877317" level="INFO">POST Request : url=https://rahulshettyacademy.com/Library/Addbook.php 
 path_url=/Library/Addbook.php 
 headers={'User-Agent': 'python-requests/2.32.3', 'Accept-Encoding': 'gzip, deflate', 'Accept': '*/*', 'Connection': 'keep-alive', 'Content-Length': '89', 'Content-Type': 'application/json'} 
 body=b'{"name": "tenbook2", "isbn": "daylaisbn2", "aisle": "89548982", "author": "daylaauthor2"}' 
 </msg>
<msg time="2025-03-22T12:19:53.877676" level="INFO">POST Response : url=https://rahulshettyacademy.com/Library/Addbook.php 
 status=200, reason=OK 
 headers={'Date': 'Sat, 22 Mar 2025 05:19:53 GMT', 'Server': 'Apache/2.4.52 (Ubuntu)', 'Access-Control-Allow-Origin': '*', 'Access-Control-Allow-Methods': 'POST', 'Access-Control-Max-Age': '3600', 'Access-Control-Allow-Headers': 'Content-Type, Access-Control-Allow-Headers, Authorization, X-Requested-With', 'Content-Length': '54', 'Keep-Alive': 'timeout=5, max=100', 'Connection': 'Keep-Alive', 'Content-Type': 'application/json;charset=UTF-8'} 
 body={"Msg":"successfully added","ID":"daylaisbn289548982"} 
 </msg>
<msg time="2025-03-22T12:19:53.878080" level="INFO">${response} = &lt;Response [200]&gt;</msg>
<var>${response}</var>
<arg>${base_url}/Library/Addbook.php</arg>
<arg>json=${req_body}</arg>
<arg>expected_status=200</arg>
<doc>Sends a POST request.</doc>
<status status="PASS" start="2025-03-22T12:19:53.513293" elapsed="0.364862"/>
</kw>
<kw name="Log To Console" owner="BuiltIn">
<arg>${response.json()}</arg>
<doc>Logs the given message to the console.</doc>
<status status="PASS" start="2025-03-22T12:19:53.878856" elapsed="0.004796"/>
</kw>
<kw name="Get From Dictionary" owner="Collections">
<msg time="2025-03-22T12:19:53.884599" level="INFO">${book_id} = daylaisbn289548982</msg>
<var>${book_id}</var>
<arg>${response.json()}</arg>
<arg>ID</arg>
<doc>Returns a value from the given ``dictionary`` based on the given ``key``.</doc>
<status status="PASS" start="2025-03-22T12:19:53.883929" elapsed="0.000727"/>
</kw>
<kw name="Set Global Variable" owner="BuiltIn">
<msg time="2025-03-22T12:19:53.885253" level="INFO">${book_id} = daylaisbn289548982</msg>
<arg>${book_id}</arg>
<arg>${book_id}</arg>
<doc>Makes a variable available globally in all tests and suites.</doc>
<status status="PASS" start="2025-03-22T12:19:53.884834" elapsed="0.000557"/>
</kw>
<kw name="Log To Console" owner="BuiltIn">
<arg>${book_id}</arg>
<arg>${book_id}</arg>
<doc>Logs the given message to the console.</doc>
<status status="PASS" start="2025-03-22T12:19:53.885649" elapsed="0.000382"/>
</kw>
<kw name="Should Be Equal As Strings" owner="BuiltIn">
<arg>successfully added</arg>
<arg>${response.json()}[Msg]</arg>
<doc>Fails if objects are unequal after converting them to strings.</doc>
<status status="PASS" start="2025-03-22T12:19:53.886253" elapsed="0.000842"/>
</kw>
<kw name="Status Should Be" owner="RequestsLibrary">
<arg>200</arg>
<arg>${response}</arg>
<doc>Fails if response status code is different than the expected.</doc>
<status status="PASS" start="2025-03-22T12:19:53.887254" elapsed="0.000298"/>
</kw>
<kw name="Log To Console" owner="BuiltIn">
<arg>${book_id}</arg>
<doc>Logs the given message to the console.</doc>
<status status="PASS" start="2025-03-22T12:19:53.887704" elapsed="0.000173"/>
</kw>
<status status="PASS" start="2025-03-22T12:19:53.512187" elapsed="0.375781"/>
</kw>
<status status="PASS" start="2025-03-22T12:19:53.511715" elapsed="0.376430"/>
</test>
<test id="s1-t2" name="TC02: Test Get the book details which got added" line="22">
<kw name="Get the book details which got added">
<kw name="GET" owner="RequestsLibrary">
<msg time="2025-03-22T12:19:54.261670" level="INFO">GET Request : url=https://rahulshettyacademy.com/Library/GetBook.php?ID=daylaisbn289548982 
 path_url=/Library/GetBook.php?ID=daylaisbn289548982 
 headers={'User-Agent': 'python-requests/2.32.3', 'Accept-Encoding': 'gzip, deflate', 'Accept': '*/*', 'Connection': 'keep-alive'} 
 body=None 
 </msg>
<msg time="2025-03-22T12:19:54.262002" level="INFO">GET Response : url=https://rahulshettyacademy.com/Library/GetBook.php?ID=daylaisbn289548982 
 status=200, reason=OK 
 headers={'Date': 'Sat, 22 Mar 2025 05:19:54 GMT', 'Server': 'Apache/2.4.52 (Ubuntu)', 'Access-Control-Allow-Origin': '*', 'Access-Control-Allow-Methods': 'POST', 'Access-Control-Max-Age': '3600', 'Access-Control-Allow-Headers': 'Content-Type, Access-Control-Allow-Headers, Authorization, X-Requested-With', 'Content-Length': '89', 'Keep-Alive': 'timeout=5, max=100', 'Connection': 'Keep-Alive', 'Content-Type': 'application/json;charset=UTF-8'} 
 body=[{"book_name":"tenbook2","isbn":"daylaisbn2","aisle":"89548982","author":"daylaauthor2"}] 
 </msg>
<msg time="2025-03-22T12:19:54.262422" level="INFO">${get_response} = &lt;Response [200]&gt;</msg>
<var>${get_response}</var>
<arg>${base_url}/Library/GetBook.php?</arg>
<arg>params=ID=${book_id}</arg>
<arg>expected_status=200</arg>
<doc>Sends a GET request.</doc>
<status status="PASS" start="2025-03-22T12:19:53.889119" elapsed="0.373379"/>
</kw>
<kw name="Log" owner="BuiltIn">
<msg time="2025-03-22T12:19:54.264210" level="INFO">[{'book_name': 'tenbook2', 'isbn': 'daylaisbn2', 'aisle': '89548982', 'author': 'daylaauthor2'}]</msg>
<arg>${get_response.json()}</arg>
<doc>Logs the given message with the given level.</doc>
<status status="PASS" start="2025-03-22T12:19:54.263010" elapsed="0.001289"/>
</kw>
<kw name="Should Be Equal As Strings" owner="BuiltIn">
<arg>${book_name}</arg>
<arg>${get_response.json()}[0][book_name]</arg>
<doc>Fails if objects are unequal after converting them to strings.</doc>
<status status="PASS" start="2025-03-22T12:19:54.264496" elapsed="0.000711"/>
</kw>
<kw name="Log" owner="BuiltIn">
<msg time="2025-03-22T12:19:54.265951" level="INFO">tenbook2</msg>
<arg>${get_response.json()}[0][book_name]</arg>
<doc>Logs the given message with the given level.</doc>
<status status="PASS" start="2025-03-22T12:19:54.265354" elapsed="0.000666"/>
</kw>
<status status="PASS" start="2025-03-22T12:19:53.888853" elapsed="0.377319"/>
</kw>
<status status="PASS" start="2025-03-22T12:19:53.888407" elapsed="0.378067"/>
</test>
<test id="s1-t3" name="TC03: Test Delete the book from database" line="25">
<kw name="Delete the book from database">
<kw name="Create Dictionary" owner="BuiltIn">
<msg time="2025-03-22T12:19:54.268336" level="INFO">&amp;{request_body} = { ID=daylaisbn289548982 }</msg>
<var>&amp;{request_body}</var>
<arg>ID=${book_id}</arg>
<doc>Creates and returns a dictionary based on the given ``items``.</doc>
<status status="PASS" start="2025-03-22T12:19:54.267956" elapsed="0.000430"/>
</kw>
<kw name="POST" owner="RequestsLibrary">
<msg time="2025-03-22T12:19:54.581356" level="INFO">POST Request : url=https://rahulshettyacademy.com/Library/DeleteBook.php 
 path_url=/Library/DeleteBook.php 
 headers={'User-Agent': 'python-requests/2.32.3', 'Accept-Encoding': 'gzip, deflate', 'Accept': '*/*', 'Connection': 'keep-alive', 'Content-Length': '28', 'Content-Type': 'application/json'} 
 body=b'{"ID": "daylaisbn289548982"}' 
 </msg>
<msg time="2025-03-22T12:19:54.581689" level="INFO">POST Response : url=https://rahulshettyacademy.com/Library/DeleteBook.php 
 status=200, reason=OK 
 headers={'Date': 'Sat, 22 Mar 2025 05:19:54 GMT', 'Server': 'Apache/2.4.52 (Ubuntu)', 'Access-Control-Allow-Origin': '*', 'Access-Control-Allow-Methods': 'POST', 'Access-Control-Max-Age': '3600', 'Access-Control-Allow-Headers': 'Content-Type, Access-Control-Allow-Headers, Authorization, X-Requested-With', 'Content-Length': '38', 'Keep-Alive': 'timeout=5, max=100', 'Connection': 'Keep-Alive', 'Content-Type': 'application/json;charset=UTF-8'} 
 body={"msg":"book is successfully deleted"} 
 </msg>
<msg time="2025-03-22T12:19:54.582340" level="INFO">${delete_response} = &lt;Response [200]&gt;</msg>
<var>${delete_response}</var>
<arg>${base_url}/Library/DeleteBook.php</arg>
<arg>json=${request_body}</arg>
<arg>expected_status=200</arg>
<doc>Sends a POST request.</doc>
<status status="PASS" start="2025-03-22T12:19:54.268551" elapsed="0.313865"/>
</kw>
<kw name="Should Be Equal As Strings" owner="BuiltIn">
<arg>${delete_response.json()}[msg]</arg>
<arg>book is successfully deleted</arg>
<doc>Fails if objects are unequal after converting them to strings.</doc>
<status status="PASS" start="2025-03-22T12:19:54.582932" elapsed="0.001327"/>
</kw>
<status status="PASS" start="2025-03-22T12:19:54.267571" elapsed="0.316870"/>
</kw>
<status status="PASS" start="2025-03-22T12:19:54.267000" elapsed="0.317767"/>
</test>
<test id="s1-t4" name="TC04: Test Get the book details which got added" line="28">
<kw name="Get the book details which got added">
<kw name="GET" owner="RequestsLibrary">
<msg time="2025-03-22T12:19:54.932970" level="INFO">GET Request : url=https://rahulshettyacademy.com/Library/GetBook.php?ID=daylaisbn289548982 
 path_url=/Library/GetBook.php?ID=daylaisbn289548982 
 headers={'User-Agent': 'python-requests/2.32.3', 'Accept-Encoding': 'gzip, deflate', 'Accept': '*/*', 'Connection': 'keep-alive'} 
 body=None 
 </msg>
<msg time="2025-03-22T12:19:54.933279" level="INFO">GET Response : url=https://rahulshettyacademy.com/Library/GetBook.php?ID=daylaisbn289548982 
 status=404, reason=Not Found 
 headers={'Date': 'Sat, 22 Mar 2025 05:19:54 GMT', 'Server': 'Apache/2.4.52 (Ubuntu)', 'Access-Control-Allow-Origin': '*', 'Access-Control-Allow-Methods': 'POST', 'Access-Control-Max-Age': '3600', 'Access-Control-Allow-Headers': 'Content-Type, Access-Control-Allow-Headers, Authorization, X-Requested-With', 'Content-Length': '70', 'Keep-Alive': 'timeout=5, max=100', 'Connection': 'Keep-Alive', 'Content-Type': 'application/json;charset=UTF-8'} 
 body={"msg":"The book by requested bookid \/ author name does not exists!"} 
 </msg>
<msg time="2025-03-22T12:19:54.934131" level="FAIL">Url: https://rahulshettyacademy.com/Library/GetBook.php?ID=daylaisbn289548982 Expected status: 404 != 200</msg>
<var>${get_response}</var>
<arg>${base_url}/Library/GetBook.php?</arg>
<arg>params=ID=${book_id}</arg>
<arg>expected_status=200</arg>
<doc>Sends a GET request.</doc>
<status status="FAIL" start="2025-03-22T12:19:54.586256" elapsed="0.353772">Url: https://rahulshettyacademy.com/Library/GetBook.php?ID=daylaisbn289548982 Expected status: 404 != 200</status>
</kw>
<kw name="Log" owner="BuiltIn">
<arg>${get_response.json()}</arg>
<doc>Logs the given message with the given level.</doc>
<status status="NOT RUN" start="2025-03-22T12:19:54.940547" elapsed="0.000060"/>
</kw>
<kw name="Should Be Equal As Strings" owner="BuiltIn">
<arg>${book_name}</arg>
<arg>${get_response.json()}[0][book_name]</arg>
<doc>Fails if objects are unequal after converting them to strings.</doc>
<status status="NOT RUN" start="2025-03-22T12:19:54.940731" elapsed="0.000031"/>
</kw>
<kw name="Log" owner="BuiltIn">
<arg>${get_response.json()}[0][book_name]</arg>
<doc>Logs the given message with the given level.</doc>
<status status="NOT RUN" start="2025-03-22T12:19:54.940959" elapsed="0.000088"/>
</kw>
<status status="FAIL" start="2025-03-22T12:19:54.585852" elapsed="0.355462">Url: https://rahulshettyacademy.com/Library/GetBook.php?ID=daylaisbn289548982 Expected status: 404 != 200</status>
</kw>
<status status="FAIL" start="2025-03-22T12:19:54.585135" elapsed="0.356508">Url: https://rahulshettyacademy.com/Library/GetBook.php?ID=daylaisbn289548982 Expected status: 404 != 200</status>
</test>
<doc>Perform API Testing</doc>
<status status="FAIL" start="2025-03-22T12:19:53.333842" elapsed="1.608410"/>
</suite>
<statistics>
<total>
<stat pass="3" fail="1" skip="0">All Tests</stat>
</total>
<tag>
</tag>
<suite>
<stat name="Testdemo8" id="s1" pass="3" fail="1" skip="0">Testdemo8</stat>
</suite>
</statistics>
<errors>
</errors>
</robot>
