<?xml version="1.0" encoding="UTF-8"?>
<robot generator="Robot 7.2.2 (Python 3.11.0 on darwin)" generated="2025-03-20T08:27:00.242582" rpa="false" schemaversion="5">
<suite id="s1" name="Tests" source="/Users/mitran/pythonProject/RobotFramework/tests">
<suite id="s1-s1" name="Testdemo3" source="/Users/mitran/pythonProject/RobotFramework/tests/testdemo3.robot">
<test id="s1-s1-t1" name="Valivate child windown functionality" line="16">
<kw name="Open the browser with the Mortgage payment url" owner="generic" type="SETUP">
<kw name="Open Browser" owner="SeleniumLibrary">
<msg time="2025-03-20T08:27:00.558812" level="INFO">Opening browser 'chrome' to base url 'about:blank'.</msg>
<arg>about:blank</arg>
<arg>chrome</arg>
<doc>Opens a new browser instance to the optional ``url``.</doc>
<status status="PASS" start="2025-03-20T08:27:00.558122" elapsed="3.859444"/>
</kw>
<kw name="Go To" owner="SeleniumLibrary">
<msg time="2025-03-20T08:27:04.431342" level="INFO">Opening url 'https://rahulshettyacademy.com/loginpagePractise/'</msg>
<arg>${url}</arg>
<doc>Navigates the current browser window to the provided ``url``.</doc>
<status status="PASS" start="2025-03-20T08:27:04.422219" elapsed="1.982865"/>
</kw>
<status status="PASS" start="2025-03-20T08:27:00.556564" elapsed="5.848667"/>
</kw>
<kw name="Select the link of child windown">
<kw name="Click Element" owner="SeleniumLibrary">
<msg time="2025-03-20T08:27:06.406540" level="INFO">Clicking element 'css:.blinkingText'.</msg>
<arg>css:.blinkingText</arg>
<doc>Click the element identified by ``locator``.</doc>
<status status="PASS" start="2025-03-20T08:27:06.405906" elapsed="0.091221"/>
</kw>
<kw name="Sleep" owner="BuiltIn">
<msg time="2025-03-20T08:27:11.516413" level="INFO">Slept 5 seconds.</msg>
<arg>5s</arg>
<doc>Pauses the test executed for the given time.</doc>
<status status="PASS" start="2025-03-20T08:27:06.497696" elapsed="5.018954"/>
</kw>
<status status="PASS" start="2025-03-20T08:27:06.405487" elapsed="5.111393"/>
</kw>
<kw name="Verify the user is switched to the child windown">
<kw name="Switch Window" owner="SeleniumLibrary">
<arg>NEW</arg>
<doc>Switches to browser window matching ``locator``.</doc>
<status status="PASS" start="2025-03-20T08:27:11.518041" elapsed="1.341213"/>
</kw>
<kw name="Element Text Should Be" owner="SeleniumLibrary">
<msg time="2025-03-20T08:27:12.859812" level="INFO">Verifying element 'css:h1' contains exact text 'DOCUMENTS REQUEST'.</msg>
<arg>css:h1</arg>
<arg>DOCUMENTS REQUEST</arg>
<doc>Verifies that element ``locator`` contains exact the text ``expected``.</doc>
<status status="PASS" start="2025-03-20T08:27:12.859506" elapsed="0.032160"/>
</kw>
<status status="PASS" start="2025-03-20T08:27:11.517463" elapsed="1.374346"/>
</kw>
<kw name="Grab the email id in the child windown">
<kw name="Get Text" owner="SeleniumLibrary">
<msg time="2025-03-20T08:27:12.909650" level="INFO">${full_header_text} = Please email us at mentor@rahulshettyacademy.com with below template to receive response</msg>
<var>${full_header_text}</var>
<arg>css:.red</arg>
<doc>Returns the text value of the element identified by ``locator``.</doc>
<status status="PASS" start="2025-03-20T08:27:12.892292" elapsed="0.017406"/>
</kw>
<kw name="Split String" owner="String">
<msg time="2025-03-20T08:27:12.910128" level="INFO">@{word} = [ Please email us  |  mentor@rahulshettyacademy.com with below templ | e to receive response ]</msg>
<var>@{word}</var>
<arg>${full_header_text}</arg>
<arg>at</arg>
<doc>Splits the ``string`` using ``separator`` as a delimiter string.</doc>
<status status="PASS" start="2025-03-20T08:27:12.909854" elapsed="0.000299"/>
</kw>
<kw name="Get From List" owner="Collections">
<msg time="2025-03-20T08:27:12.910379" level="INFO">${text_split} =  mentor@rahulshettyacademy.com with below templ</msg>
<var>${text_split}</var>
<arg>${word}</arg>
<arg>1</arg>
<doc>Returns the value specified with an ``index`` from ``list``.</doc>
<status status="PASS" start="2025-03-20T08:27:12.910247" elapsed="0.000154"/>
</kw>
<kw name="Log" owner="BuiltIn">
<msg time="2025-03-20T08:27:12.910596" level="INFO"> mentor@rahulshettyacademy.com with below templ</msg>
<arg>${text_split}</arg>
<doc>Logs the given message with the given level.</doc>
<status status="PASS" start="2025-03-20T08:27:12.910483" elapsed="0.000146"/>
</kw>
<kw name="Split String" owner="String">
<msg time="2025-03-20T08:27:12.910821" level="INFO">@{words_2} = [ mentor@rahulshettyacademy.com | with | below | templ ]</msg>
<var>@{words_2}</var>
<arg>${text_split}</arg>
<doc>Splits the ``string`` using ``separator`` as a delimiter string.</doc>
<status status="PASS" start="2025-03-20T08:27:12.910699" elapsed="0.000143"/>
</kw>
<kw name="Get From List" owner="Collections">
<msg time="2025-03-20T08:27:12.911020" level="INFO">${selected_email} = mentor@rahulshettyacademy.com</msg>
<var>${selected_email}</var>
<arg>${words_2}</arg>
<arg>0</arg>
<doc>Returns the value specified with an ``index`` from ``list``.</doc>
<status status="PASS" start="2025-03-20T08:27:12.910911" elapsed="0.000129"/>
</kw>
<kw name="Log" owner="BuiltIn">
<msg time="2025-03-20T08:27:12.911202" level="INFO">mentor@rahulshettyacademy.com</msg>
<arg>${selected_email}</arg>
<doc>Logs the given message with the given level.</doc>
<status status="PASS" start="2025-03-20T08:27:12.911110" elapsed="0.000123"/>
</kw>
<kw name="Set Global Variable" owner="BuiltIn">
<msg time="2025-03-20T08:27:12.911478" level="INFO">${selected_email} = mentor@rahulshettyacademy.com</msg>
<arg>${selected_email}</arg>
<doc>Makes a variable available globally in all tests and suites.</doc>
<status status="PASS" start="2025-03-20T08:27:12.911315" elapsed="0.000194"/>
</kw>
<status status="PASS" start="2025-03-20T08:27:12.891996" elapsed="0.019568"/>
</kw>
<kw name="Switch to parent windown and enter the email">
<kw name="Switch Window" owner="SeleniumLibrary">
<arg>MAIN</arg>
<doc>Switches to browser window matching ``locator``.</doc>
<status status="PASS" start="2025-03-20T08:27:12.911859" elapsed="0.009662"/>
</kw>
<kw name="Title Should Be" owner="SeleniumLibrary">
<msg time="2025-03-20T08:27:12.929019" level="INFO">Page title is 'LoginPage Practise | Rahul Shetty Academy'.</msg>
<arg>LoginPage Practise | Rahul Shetty Academy</arg>
<doc>Verifies that the current page title equals ``title``.</doc>
<status status="PASS" start="2025-03-20T08:27:12.922510" elapsed="0.006769"/>
</kw>
<kw name="Input Text" owner="SeleniumLibrary">
<msg time="2025-03-20T08:27:12.930047" level="INFO">Typing text 'mentor@rahulshettyacademy.com' into text field 'id:username'.</msg>
<arg>id:username</arg>
<arg>${selected_email}</arg>
<doc>Types the given ``text`` into the text field identified by ``locator``.</doc>
<status status="PASS" start="2025-03-20T08:27:12.929727" elapsed="0.148608"/>
</kw>
<kw name="Sleep" owner="BuiltIn">
<msg time="2025-03-20T08:27:18.081257" level="INFO">Slept 5 seconds.</msg>
<arg>5s</arg>
<doc>Pauses the test executed for the given time.</doc>
<status status="PASS" start="2025-03-20T08:27:13.078553" elapsed="5.003322"/>
</kw>
<status status="PASS" start="2025-03-20T08:27:12.911679" elapsed="5.170673"/>
</kw>
<kw name="Close browser session" owner="generic" type="TEARDOWN">
<kw name="Close Browser" owner="SeleniumLibrary">
<doc>Closes the current browser.</doc>
<status status="PASS" start="2025-03-20T08:27:18.083612" elapsed="0.089826"/>
</kw>
<status status="PASS" start="2025-03-20T08:27:18.083120" elapsed="0.090420"/>
</kw>
<status status="PASS" start="2025-03-20T08:27:00.555128" elapsed="17.618475"/>
</test>
<doc>To validate the Login form</doc>
<status status="PASS" start="2025-03-20T08:27:00.280005" elapsed="17.894756"/>
</suite>
<status status="PASS" start="2025-03-20T08:27:00.254616" elapsed="17.920721"/>
</suite>
<statistics>
<total>
<stat pass="1" fail="0" skip="0">All Tests</stat>
</total>
<tag>
</tag>
<suite>
<stat name="Tests" id="s1" pass="1" fail="0" skip="0">Tests</stat>
<stat name="Testdemo3" id="s1-s1" pass="1" fail="0" skip="0">Tests.Testdemo3</stat>
</suite>
</statistics>
<errors>
</errors>
</robot>
