<?xml version="1.0" encoding="UTF-8"?>
<robot generator="Robot 7.2.2 (Python 3.11.0 on darwin)" generated="2025-03-20T08:27:00.243113" rpa="false" schemaversion="5">
<suite id="s1" name="Tests" source="/Users/mitran/pythonProject/RobotFramework/tests">
<suite id="s1-s1" name="Testdemo7" source="/Users/mitran/pythonProject/RobotFramework/tests/testdemo7.robot">
<test id="s1-s1-t1" name="Log in and add product to card:" line="22">
<kw name="Open the browser with the Mortgage payment url" owner="generic" type="SETUP">
<kw name="Open Browser" owner="SeleniumLibrary">
<msg time="2025-03-20T08:27:00.568610" level="INFO">Opening browser 'chrome' to base url 'about:blank'.</msg>
<arg>about:blank</arg>
<arg>chrome</arg>
<doc>Opens a new browser instance to the optional ``url``.</doc>
<status status="PASS" start="2025-03-20T08:27:00.568193" elapsed="3.862281"/>
</kw>
<kw name="Go To" owner="SeleniumLibrary">
<msg time="2025-03-20T08:27:04.446664" level="INFO">Opening url 'https://rahulshettyacademy.com/loginpagePractise/'</msg>
<arg>${url}</arg>
<doc>Navigates the current browser window to the provided ``url``.</doc>
<status status="PASS" start="2025-03-20T08:27:04.445427" elapsed="2.965876"/>
</kw>
<status status="PASS" start="2025-03-20T08:27:00.566880" elapsed="6.844845"/>
</kw>
<kw name="Fill the login details and login page" owner="LandingPage">
<kw name="Input Text" owner="SeleniumLibrary">
<msg time="2025-03-20T08:27:07.435706" level="INFO">Typing text 'rahulshettyacademy' into text field 'id:username'.</msg>
<arg>id:username</arg>
<arg>${user_name}</arg>
<doc>Types the given ``text`` into the text field identified by ``locator``.</doc>
<status status="PASS" start="2025-03-20T08:27:07.419699" elapsed="0.391502"/>
</kw>
<kw name="Input Password" owner="SeleniumLibrary">
<msg time="2025-03-20T08:27:07.811818" level="INFO">Typing password into text field 'id:password'.</msg>
<msg time="2025-03-20T08:27:07.848018" level="INFO">Temporally setting log level to: NONE</msg>
<arg>id:password</arg>
<arg>learning</arg>
<doc>Types the given password into the text field identified by ``locator``.</doc>
<status status="PASS" start="2025-03-20T08:27:07.811530" elapsed="0.098160"/>
</kw>
<kw name="Click Element" owner="SeleniumLibrary">
<msg time="2025-03-20T08:27:07.911138" level="INFO">Clicking element 'css:input[value="user"] + .checkmark'.</msg>
<arg>css:input[value="user"] + .checkmark</arg>
<doc>Click the element identified by ``locator``.</doc>
<status status="PASS" start="2025-03-20T08:27:07.910544" elapsed="0.127994"/>
</kw>
<kw name="Wait Until Element Is Visible" owner="SeleniumLibrary">
<arg>css:.modal-body</arg>
<doc>Waits until the element ``locator`` is visible.</doc>
<status status="PASS" start="2025-03-20T08:27:08.038928" elapsed="0.279478"/>
</kw>
<kw name="Sleep" owner="BuiltIn">
<msg time="2025-03-20T08:27:10.320201" level="INFO">Slept 2 seconds.</msg>
<arg>2s</arg>
<doc>Pauses the test executed for the given time.</doc>
<status status="PASS" start="2025-03-20T08:27:08.318597" elapsed="2.001841"/>
</kw>
<kw name="Click Element" owner="SeleniumLibrary">
<msg time="2025-03-20T08:27:10.320971" level="INFO">Clicking element 'id:okayBtn'.</msg>
<arg>id:okayBtn</arg>
<doc>Click the element identified by ``locator``.</doc>
<status status="PASS" start="2025-03-20T08:27:10.320742" elapsed="0.048867"/>
</kw>
<kw name="Wait Until Element Is Not Visible" owner="SeleniumLibrary">
<arg>css:.modal-body</arg>
<doc>Waits until the element ``locator`` is not visible.</doc>
<status status="PASS" start="2025-03-20T08:27:10.369783" elapsed="0.221788"/>
</kw>
<kw name="Select From List By Value" owner="SeleniumLibrary">
<msg time="2025-03-20T08:27:10.591952" level="INFO">Selecting options from selection list 'css:select.form-control' by value teach.</msg>
<arg>css:select.form-control</arg>
<arg>teach</arg>
<doc>Selects options from selection list ``locator`` by ``values``.</doc>
<status status="PASS" start="2025-03-20T08:27:10.591738" elapsed="0.344735"/>
</kw>
<kw name="Select Checkbox" owner="SeleniumLibrary">
<msg time="2025-03-20T08:27:10.938027" level="INFO">Selecting checkbox 'id:terms'.</msg>
<arg>id:terms</arg>
<doc>Selects the checkbox identified by ``locator``.</doc>
<status status="PASS" start="2025-03-20T08:27:10.937080" elapsed="0.279296"/>
</kw>
<kw name="Checkbox Should Be Selected" owner="SeleniumLibrary">
<msg time="2025-03-20T08:27:11.218832" level="INFO">Verifying checkbox 'id:terms' is selected.</msg>
<arg>id:terms</arg>
<doc>Verifies checkbox ``locator`` is selected/checked.</doc>
<status status="PASS" start="2025-03-20T08:27:11.218373" elapsed="0.069542"/>
</kw>
<kw name="Click Button" owner="SeleniumLibrary">
<msg time="2025-03-20T08:27:11.288473" level="INFO">Clicking button 'id:signInBtn'.</msg>
<arg>id:signInBtn</arg>
<doc>Clicks the button identified by ``locator``.</doc>
<status status="PASS" start="2025-03-20T08:27:11.288149" elapsed="0.154344"/>
</kw>
<status status="PASS" start="2025-03-20T08:27:07.413408" elapsed="4.029261"/>
</kw>
<kw name="Wait for element to appear" owner="ShopPage">
<kw name="Wait Until Element Is Visible" owner="SeleniumLibrary">
<arg>${element}</arg>
<doc>Waits until the element ``locator`` is visible.</doc>
<status status="PASS" start="2025-03-20T08:27:11.443946" elapsed="3.242563"/>
</kw>
<arg>${Shop_page_load}</arg>
<status status="PASS" start="2025-03-20T08:27:11.443157" elapsed="3.243578"/>
</kw>
<kw name="Verify Card titles in the Shop page" owner="ShopPage">
<kw name="Create List" owner="BuiltIn">
<msg time="2025-03-20T08:27:14.687590" level="INFO">@{expected_list} = [ iphone X | Samsung Note 8 | Nokia Edge | Blackberry ]</msg>
<var>@{expected_list}</var>
<arg>iphone X</arg>
<arg>Samsung Note 8</arg>
<arg>Nokia Edge</arg>
<arg>Blackberry</arg>
<doc>Returns a list containing given items.</doc>
<status status="PASS" start="2025-03-20T08:27:14.687414" elapsed="0.000204"/>
</kw>
<kw name="Get WebElements" owner="SeleniumLibrary">
<msg time="2025-03-20T08:27:14.695342" level="INFO">${product_elements} = [&lt;selenium.webdriver.remote.webelement.WebElement (session="74897f850dee07a1f47b3622fadbeefb", element="f.35A9C3641322DC77A52634CC3BBDD8D8.d.14E32E0B40EFD71FD8AD397E89B9F732.e.77")&gt;, &lt;selenium.webdriv...</msg>
<var>${product_elements}</var>
<arg>css:.card-title</arg>
<doc>Returns a list of WebElement objects matching the ``locator``.</doc>
<status status="PASS" start="2025-03-20T08:27:14.687727" elapsed="0.007657"/>
</kw>
<kw name="Create List" owner="BuiltIn">
<msg time="2025-03-20T08:27:14.695702" level="INFO">@{actual_list} = [ ]</msg>
<var>@{actual_list}</var>
<doc>Returns a list containing given items.</doc>
<status status="PASS" start="2025-03-20T08:27:14.695524" elapsed="0.000201"/>
</kw>
<for flavor="IN">
<iter>
<kw name="Log" owner="BuiltIn">
<msg time="2025-03-20T08:27:14.706351" level="INFO">iphone X</msg>
<arg>${element.text}</arg>
<doc>Logs the given message with the given level.</doc>
<status status="PASS" start="2025-03-20T08:27:14.696100" elapsed="0.010317"/>
</kw>
<kw name="Append To List" owner="Collections">
<arg>${actual_list}</arg>
<arg>${element.text}</arg>
<doc>Adds ``values`` to the end of ``list``.</doc>
<status status="PASS" start="2025-03-20T08:27:14.707546" elapsed="0.006025"/>
</kw>
<var name="${element}">&lt;selenium.webdriver.remote.webelement.WebElement (session="74897f850dee07a1f47b3622fadbeefb", element="f.35A9C3641322DC77A52634CC3BBDD8D8.d.14E32E0B40EFD71FD8AD397E89B9F732.e.77")&gt;</var>
<status status="PASS" start="2025-03-20T08:27:14.695990" elapsed="0.017651"/>
</iter>
<iter>
<kw name="Log" owner="BuiltIn">
<msg time="2025-03-20T08:27:14.722000" level="INFO">Samsung Note 8</msg>
<arg>${element.text}</arg>
<doc>Logs the given message with the given level.</doc>
<status status="PASS" start="2025-03-20T08:27:14.713943" elapsed="0.008113"/>
</kw>
<kw name="Append To List" owner="Collections">
<arg>${actual_list}</arg>
<arg>${element.text}</arg>
<doc>Adds ``values`` to the end of ``list``.</doc>
<status status="PASS" start="2025-03-20T08:27:14.722195" elapsed="0.005646"/>
</kw>
<var name="${element}">&lt;selenium.webdriver.remote.webelement.WebElement (session="74897f850dee07a1f47b3622fadbeefb", element="f.35A9C3641322DC77A52634CC3BBDD8D8.d.14E32E0B40EFD71FD8AD397E89B9F732.e.78")&gt;</var>
<status status="PASS" start="2025-03-20T08:27:14.713767" elapsed="0.014143"/>
</iter>
<iter>
<kw name="Log" owner="BuiltIn">
<msg time="2025-03-20T08:27:14.735271" level="INFO">Nokia Edge</msg>
<arg>${element.text}</arg>
<doc>Logs the given message with the given level.</doc>
<status status="PASS" start="2025-03-20T08:27:14.728309" elapsed="0.007019"/>
</kw>
<kw name="Append To List" owner="Collections">
<arg>${actual_list}</arg>
<arg>${element.text}</arg>
<doc>Adds ``values`` to the end of ``list``.</doc>
<status status="PASS" start="2025-03-20T08:27:14.735465" elapsed="0.006637"/>
</kw>
<var name="${element}">&lt;selenium.webdriver.remote.webelement.WebElement (session="74897f850dee07a1f47b3622fadbeefb", element="f.35A9C3641322DC77A52634CC3BBDD8D8.d.14E32E0B40EFD71FD8AD397E89B9F732.e.79")&gt;</var>
<status status="PASS" start="2025-03-20T08:27:14.728145" elapsed="0.014025"/>
</iter>
<iter>
<kw name="Log" owner="BuiltIn">
<msg time="2025-03-20T08:27:14.748299" level="INFO">Blackberry</msg>
<arg>${element.text}</arg>
<doc>Logs the given message with the given level.</doc>
<status status="PASS" start="2025-03-20T08:27:14.742451" elapsed="0.005908"/>
</kw>
<kw name="Append To List" owner="Collections">
<arg>${actual_list}</arg>
<arg>${element.text}</arg>
<doc>Adds ``values`` to the end of ``list``.</doc>
<status status="PASS" start="2025-03-20T08:27:14.748491" elapsed="0.005433"/>
</kw>
<var name="${element}">&lt;selenium.webdriver.remote.webelement.WebElement (session="74897f850dee07a1f47b3622fadbeefb", element="f.35A9C3641322DC77A52634CC3BBDD8D8.d.14E32E0B40EFD71FD8AD397E89B9F732.e.80")&gt;</var>
<status status="PASS" start="2025-03-20T08:27:14.742292" elapsed="0.011701"/>
</iter>
<var>${element}</var>
<value>@{product_elements}</value>
<status status="PASS" start="2025-03-20T08:27:14.695818" elapsed="0.058227"/>
</for>
<kw name="Lists Should Be Equal" owner="Collections">
<arg>${actual_list}</arg>
<arg>${expected_list}</arg>
<doc>Fails if given lists are unequal.</doc>
<status status="PASS" start="2025-03-20T08:27:14.754182" elapsed="0.000234"/>
</kw>
<status status="PASS" start="2025-03-20T08:27:14.687053" elapsed="0.067425"/>
</kw>
<kw name="Add Items To Cart And Checkout" owner="shop">
<msg time="2025-03-20T08:27:14.778090" level="INFO">Clicking button '&lt;selenium.webdriver.remote.webelement.WebElement (session="74897f850dee07a1f47b3622fadbeefb", element="f.35A9C3641322DC77A52634CC3BBDD8D8.d.14E32E0B40EFD71FD8AD397E89B9F732.e.81")&gt;'.</msg>
<msg time="2025-03-20T08:27:14.825443" level="INFO">Clicking button '&lt;selenium.webdriver.remote.webelement.WebElement (session="74897f850dee07a1f47b3622fadbeefb", element="f.35A9C3641322DC77A52634CC3BBDD8D8.d.14E32E0B40EFD71FD8AD397E89B9F732.e.82")&gt;'.</msg>
<msg time="2025-03-20T08:27:14.890034" level="INFO">Clicking link 'css:li.active a'.</msg>
<arg>${productslist}</arg>
<status status="PASS" start="2025-03-20T08:27:14.754556" elapsed="0.210786"/>
</kw>
<kw name="Verify items in the checkout page and proceed" owner="CheckoutPage">
<kw name="Click Element" owner="SeleniumLibrary">
<msg time="2025-03-20T08:27:14.966925" level="INFO">Clicking element 'css:.btn-success'.</msg>
<arg>css:.btn-success</arg>
<doc>Click the element identified by ``locator``.</doc>
<status status="PASS" start="2025-03-20T08:27:14.966386" elapsed="0.090744"/>
</kw>
<status status="PASS" start="2025-03-20T08:27:14.965767" elapsed="0.091470"/>
</kw>
<kw name="Enter the country and select the term" owner="ConfirmationPage">
<kw name="Input Text" owner="SeleniumLibrary">
<msg time="2025-03-20T08:27:15.058233" level="INFO">Typing text 'India' into text field 'country'.</msg>
<arg>country</arg>
<arg>${country_name}</arg>
<doc>Types the given ``text`` into the text field identified by ``locator``.</doc>
<status status="PASS" start="2025-03-20T08:27:15.057918" elapsed="0.075591"/>
</kw>
<kw name="Sleep" owner="BuiltIn">
<msg time="2025-03-20T08:27:20.136573" level="INFO">Slept 5 seconds.</msg>
<arg>5s</arg>
<doc>Pauses the test executed for the given time.</doc>
<status status="PASS" start="2025-03-20T08:27:15.134652" elapsed="5.002197"/>
</kw>
<kw name="Wait for element to appear" owner="generic">
<kw name="Wait Until Element Is Visible" owner="SeleniumLibrary">
<arg>${element}</arg>
<doc>Waits until the element ``locator`` is visible.</doc>
<status status="PASS" start="2025-03-20T08:27:20.138441" elapsed="0.021907"/>
</kw>
<arg>//a[text()="${country_name}"]</arg>
<status status="PASS" start="2025-03-20T08:27:20.137399" elapsed="0.023107"/>
</kw>
<kw name="Click Element" owner="SeleniumLibrary">
<msg time="2025-03-20T08:27:20.161054" level="INFO">Clicking element '//a[text()="India"]'.</msg>
<arg>//a[text()="${country_name}"]</arg>
<doc>Click the element identified by ``locator``.</doc>
<status status="PASS" start="2025-03-20T08:27:20.160683" elapsed="0.040129"/>
</kw>
<kw name="Click Element" owner="SeleniumLibrary">
<msg time="2025-03-20T08:27:20.201300" level="INFO">Clicking element 'css:.checkbox label'.</msg>
<arg>css:.checkbox label</arg>
<doc>Click the element identified by ``locator``.</doc>
<status status="PASS" start="2025-03-20T08:27:20.201043" elapsed="0.039276"/>
</kw>
<arg>${country_name}</arg>
<status status="PASS" start="2025-03-20T08:27:15.057419" elapsed="5.183003"/>
</kw>
<kw name="ConfirmationPage.Purchase product and confirmation" owner="ConfirmationPage">
<kw name="Click Element" owner="SeleniumLibrary">
<msg time="2025-03-20T08:27:20.241039" level="INFO">Clicking element 'css:.btn-success'.</msg>
<arg>css:.btn-success</arg>
<doc>Click the element identified by ``locator``.</doc>
<status status="PASS" start="2025-03-20T08:27:20.240897" elapsed="0.040653"/>
</kw>
<kw name="Page Should Contain" owner="SeleniumLibrary">
<msg time="2025-03-20T08:27:20.294445" level="INFO">Current page contains text 'Success!'.</msg>
<arg>Success!</arg>
<doc>Verifies that current page contains ``text``.</doc>
<status status="PASS" start="2025-03-20T08:27:20.281722" elapsed="0.012806"/>
</kw>
<status status="PASS" start="2025-03-20T08:27:20.240616" elapsed="0.053990"/>
</kw>
<kw name="Close browser session" owner="generic" type="TEARDOWN">
<kw name="Close Browser" owner="SeleniumLibrary">
<doc>Closes the current browser.</doc>
<status status="PASS" start="2025-03-20T08:27:20.295108" elapsed="0.084174"/>
</kw>
<status status="PASS" start="2025-03-20T08:27:20.294840" elapsed="0.084537"/>
</kw>
<status status="PASS" start="2025-03-20T08:27:00.565880" elapsed="19.813543"/>
</test>
<doc>To validate the Login form</doc>
<status status="PASS" start="2025-03-20T08:27:00.280313" elapsed="20.099537"/>
</suite>
<status status="PASS" start="2025-03-20T08:27:00.254683" elapsed="20.125599"/>
</suite>
<statistics>
<total>
<stat pass="1" fail="0" skip="0">All Tests</stat>
</total>
<tag>
</tag>
<suite>
<stat name="Tests" id="s1" pass="1" fail="0" skip="0">Tests</stat>
<stat name="Testdemo7" id="s1-s1" pass="1" fail="0" skip="0">Tests.Testdemo7</stat>
</suite>
</statistics>
<errors>
</errors>
</robot>
