<?xml version="1.0" encoding="UTF-8"?>
<robot generator="Robot 7.2.2 (Python 3.11.0 on darwin)" generated="2025-03-20T08:19:06.932428" rpa="false" schemaversion="5">
<suite id="s1" name="Tests" source="/Users/mitran/pythonProject/RobotFramework/tests">
<suite id="s1-s1" name="Testdemo4" source="/Users/mitran/pythonProject/RobotFramework/tests/testdemo4.robot">
<test id="s1-s1-t1" name="Invalid username" line="16">
<kw name="Open the browser with the Mortgage payment url" owner="generic" type="SETUP">
<kw name="Open Browser" owner="SeleniumLibrary">
<msg time="2025-03-20T08:19:07.241434" level="INFO">Opening browser 'chrome' to base url 'about:blank'.</msg>
<arg>about:blank</arg>
<arg>chrome</arg>
<doc>Opens a new browser instance to the optional ``url``.</doc>
<status status="PASS" start="2025-03-20T08:19:07.241057" elapsed="14.814749"/>
</kw>
<kw name="Go To" owner="SeleniumLibrary">
<msg time="2025-03-20T08:19:22.059035" level="INFO">Opening url 'https://rahulshettyacademy.com/loginpagePractise/'</msg>
<arg>${url}</arg>
<doc>Navigates the current browser window to the provided ``url``.</doc>
<status status="PASS" start="2025-03-20T08:19:22.057584" elapsed="2.877119"/>
</kw>
<status status="PASS" start="2025-03-20T08:19:07.239777" elapsed="17.695338"/>
</kw>
<kw name="Validate UnSuccessful Login">
<kw name="Fill the login form">
<kw name="Wait Until Element Is Visible" owner="SeleniumLibrary">
<arg>id:username</arg>
<doc>Waits until the element ``locator`` is visible.</doc>
<status status="PASS" start="2025-03-20T08:19:24.937440" elapsed="0.043631"/>
</kw>
<kw name="Wait Until Element Is Visible" owner="SeleniumLibrary">
<arg>id:password</arg>
<doc>Waits until the element ``locator`` is visible.</doc>
<status status="PASS" start="2025-03-20T08:19:24.982442" elapsed="0.381596"/>
</kw>
<kw name="Input Text" owner="SeleniumLibrary">
<msg time="2025-03-20T08:19:25.366239" level="INFO">Typing text 'mitest' into text field 'id:username'.</msg>
<arg>id:username</arg>
<arg>${username}</arg>
<doc>Types the given ``text`` into the text field identified by ``locator``.</doc>
<status status="PASS" start="2025-03-20T08:19:25.365353" elapsed="1.256156"/>
</kw>
<kw name="Input Password" owner="SeleniumLibrary">
<msg time="2025-03-20T08:19:26.626473" level="INFO">Typing password into text field 'id:password'.</msg>
<msg time="2025-03-20T08:19:26.717528" level="INFO">Temporally setting log level to: NONE</msg>
<arg>id:password</arg>
<arg>${password}</arg>
<doc>Types the given password into the text field identified by ``locator``.</doc>
<status status="PASS" start="2025-03-20T08:19:26.622763" elapsed="0.180777"/>
</kw>
<kw name="Click Button" owner="SeleniumLibrary">
<msg time="2025-03-20T08:19:26.805072" level="INFO">Clicking button 'id:signInBtn'.</msg>
<arg>id:signInBtn</arg>
<doc>Clicks the button identified by ``locator``.</doc>
<status status="PASS" start="2025-03-20T08:19:26.804084" elapsed="0.159670"/>
</kw>
<arg>${username}</arg>
<arg>${password}</arg>
<status status="PASS" start="2025-03-20T08:19:24.936390" elapsed="2.028005"/>
</kw>
<kw name="Wait until it checks and display error message">
<kw name="Wait Until Element Is Visible" owner="SeleniumLibrary">
<arg>${Error_message_login}</arg>
<arg>timeout=10s</arg>
<doc>Waits until the element ``locator`` is visible.</doc>
<status status="PASS" start="2025-03-20T08:19:26.967329" elapsed="2.007871"/>
</kw>
<status status="PASS" start="2025-03-20T08:19:26.965572" elapsed="2.009730"/>
</kw>
<kw name="Verify error message is correct">
<kw name="Element Text Should Be" owner="SeleniumLibrary">
<msg time="2025-03-20T08:19:28.975854" level="INFO">Verifying element 'css:.alert-danger' contains exact text 'Incorrect username/password.'.</msg>
<arg>${Error_message_login}</arg>
<arg>Incorrect username/password.</arg>
<doc>Verifies that element ``locator`` contains exact the text ``expected``.</doc>
<status status="PASS" start="2025-03-20T08:19:28.975681" elapsed="0.015163"/>
</kw>
<status status="PASS" start="2025-03-20T08:19:28.975427" elapsed="0.015535"/>
</kw>
<arg>${invalid_user_name}</arg>
<arg>${valid_password}</arg>
<status status="PASS" start="2025-03-20T08:19:24.935618" elapsed="4.055394"/>
</kw>
<kw name="Close Browser" owner="SeleniumLibrary" type="TEARDOWN">
<doc>Closes the current browser.</doc>
<status status="PASS" start="2025-03-20T08:19:28.991319" elapsed="0.098764"/>
</kw>
<status status="PASS" start="2025-03-20T08:19:07.238730" elapsed="21.851454"/>
</test>
<test id="s1-s1-t2" name="Invalid password" line="17">
<kw name="Open the browser with the Mortgage payment url" owner="generic" type="SETUP">
<kw name="Open Browser" owner="SeleniumLibrary">
<msg time="2025-03-20T08:19:29.093028" level="INFO">Opening browser 'chrome' to base url 'about:blank'.</msg>
<arg>about:blank</arg>
<arg>chrome</arg>
<doc>Opens a new browser instance to the optional ``url``.</doc>
<status status="PASS" start="2025-03-20T08:19:29.092695" elapsed="2.333291"/>
</kw>
<kw name="Go To" owner="SeleniumLibrary">
<msg time="2025-03-20T08:19:31.435685" level="INFO">Opening url 'https://rahulshettyacademy.com/loginpagePractise/'</msg>
<arg>${url}</arg>
<doc>Navigates the current browser window to the provided ``url``.</doc>
<status status="PASS" start="2025-03-20T08:19:31.427304" elapsed="2.333423"/>
</kw>
<status status="PASS" start="2025-03-20T08:19:29.091729" elapsed="4.675675"/>
</kw>
<kw name="Validate UnSuccessful Login">
<kw name="Fill the login form">
<kw name="Wait Until Element Is Visible" owner="SeleniumLibrary">
<arg>id:username</arg>
<doc>Waits until the element ``locator`` is visible.</doc>
<status status="PASS" start="2025-03-20T08:19:33.781087" elapsed="0.526673"/>
</kw>
<kw name="Wait Until Element Is Visible" owner="SeleniumLibrary">
<arg>id:password</arg>
<doc>Waits until the element ``locator`` is visible.</doc>
<status status="PASS" start="2025-03-20T08:19:34.308090" elapsed="0.026118"/>
</kw>
<kw name="Input Text" owner="SeleniumLibrary">
<msg time="2025-03-20T08:19:34.334958" level="INFO">Typing text 'rahulshettyacademy' into text field 'id:username'.</msg>
<arg>id:username</arg>
<arg>${username}</arg>
<doc>Types the given ``text`` into the text field identified by ``locator``.</doc>
<status status="PASS" start="2025-03-20T08:19:34.334458" elapsed="0.238512"/>
</kw>
<kw name="Input Password" owner="SeleniumLibrary">
<msg time="2025-03-20T08:19:34.573990" level="INFO">Typing password into text field 'id:password'.</msg>
<msg time="2025-03-20T08:19:34.614096" level="INFO">Temporally setting log level to: NONE</msg>
<arg>id:password</arg>
<arg>${password}</arg>
<doc>Types the given password into the text field identified by ``locator``.</doc>
<status status="PASS" start="2025-03-20T08:19:34.573308" elapsed="0.107663"/>
</kw>
<kw name="Click Button" owner="SeleniumLibrary">
<msg time="2025-03-20T08:19:34.686212" level="INFO">Clicking button 'id:signInBtn'.</msg>
<arg>id:signInBtn</arg>
<doc>Clicks the button identified by ``locator``.</doc>
<status status="PASS" start="2025-03-20T08:19:34.684219" elapsed="0.133190"/>
</kw>
<arg>${username}</arg>
<arg>${password}</arg>
<status status="PASS" start="2025-03-20T08:19:33.780221" elapsed="1.037360"/>
</kw>
<kw name="Wait until it checks and display error message">
<kw name="Wait Until Element Is Visible" owner="SeleniumLibrary">
<arg>${Error_message_login}</arg>
<arg>timeout=10s</arg>
<doc>Waits until the element ``locator`` is visible.</doc>
<status status="PASS" start="2025-03-20T08:19:34.818247" elapsed="2.202283"/>
</kw>
<status status="PASS" start="2025-03-20T08:19:34.817809" elapsed="2.202830"/>
</kw>
<kw name="Verify error message is correct">
<kw name="Element Text Should Be" owner="SeleniumLibrary">
<msg time="2025-03-20T08:19:37.021667" level="INFO">Verifying element 'css:.alert-danger' contains exact text 'Incorrect username/password.'.</msg>
<arg>${Error_message_login}</arg>
<arg>Incorrect username/password.</arg>
<doc>Verifies that element ``locator`` contains exact the text ``expected``.</doc>
<status status="PASS" start="2025-03-20T08:19:37.021300" elapsed="0.023881"/>
</kw>
<status status="PASS" start="2025-03-20T08:19:37.020768" elapsed="0.024608"/>
</kw>
<arg>${user_name}</arg>
<arg>${invalid_password}</arg>
<status status="PASS" start="2025-03-20T08:19:33.769425" elapsed="3.276146"/>
</kw>
<kw name="Close Browser" owner="SeleniumLibrary" type="TEARDOWN">
<doc>Closes the current browser.</doc>
<status status="PASS" start="2025-03-20T08:19:37.045801" elapsed="0.081288"/>
</kw>
<status status="PASS" start="2025-03-20T08:19:29.090500" elapsed="8.036683"/>
</test>
<test id="s1-s1-t3" name="Special characters" line="18">
<kw name="Open the browser with the Mortgage payment url" owner="generic" type="SETUP">
<kw name="Open Browser" owner="SeleniumLibrary">
<msg time="2025-03-20T08:19:37.128143" level="INFO">Opening browser 'chrome' to base url 'about:blank'.</msg>
<arg>about:blank</arg>
<arg>chrome</arg>
<doc>Opens a new browser instance to the optional ``url``.</doc>
<status status="PASS" start="2025-03-20T08:19:37.127999" elapsed="0.942388"/>
</kw>
<kw name="Go To" owner="SeleniumLibrary">
<msg time="2025-03-20T08:19:38.072205" level="INFO">Opening url 'https://rahulshettyacademy.com/loginpagePractise/'</msg>
<arg>${url}</arg>
<doc>Navigates the current browser window to the provided ``url``.</doc>
<status status="PASS" start="2025-03-20T08:19:38.071831" elapsed="2.369320"/>
</kw>
<status status="PASS" start="2025-03-20T08:19:37.127749" elapsed="3.313881"/>
</kw>
<kw name="Validate UnSuccessful Login">
<kw name="Fill the login form">
<kw name="Wait Until Element Is Visible" owner="SeleniumLibrary">
<arg>id:username</arg>
<doc>Waits until the element ``locator`` is visible.</doc>
<status status="PASS" start="2025-03-20T08:19:40.445296" elapsed="0.724726"/>
</kw>
<kw name="Wait Until Element Is Visible" owner="SeleniumLibrary">
<arg>id:password</arg>
<doc>Waits until the element ``locator`` is visible.</doc>
<status status="PASS" start="2025-03-20T08:19:41.170496" elapsed="0.020128"/>
</kw>
<kw name="Input Text" owner="SeleniumLibrary">
<msg time="2025-03-20T08:19:41.191055" level="INFO">Typing text '%^&amp;}test' into text field 'id:username'.</msg>
<arg>id:username</arg>
<arg>${username}</arg>
<doc>Types the given ``text`` into the text field identified by ``locator``.</doc>
<status status="PASS" start="2025-03-20T08:19:41.190798" elapsed="0.132195"/>
</kw>
<kw name="Input Password" owner="SeleniumLibrary">
<msg time="2025-03-20T08:19:41.323371" level="INFO">Typing password into text field 'id:password'.</msg>
<msg time="2025-03-20T08:19:41.342990" level="INFO">Temporally setting log level to: NONE</msg>
<arg>id:password</arg>
<arg>${password}</arg>
<doc>Types the given password into the text field identified by ``locator``.</doc>
<status status="PASS" start="2025-03-20T08:19:41.323141" elapsed="0.051152"/>
</kw>
<kw name="Click Button" owner="SeleniumLibrary">
<msg time="2025-03-20T08:19:41.374661" level="INFO">Clicking button 'id:signInBtn'.</msg>
<arg>id:signInBtn</arg>
<doc>Clicks the button identified by ``locator``.</doc>
<status status="PASS" start="2025-03-20T08:19:41.374462" elapsed="0.049121"/>
</kw>
<arg>${username}</arg>
<arg>${password}</arg>
<status status="PASS" start="2025-03-20T08:19:40.444313" elapsed="0.979368"/>
</kw>
<kw name="Wait until it checks and display error message">
<kw name="Wait Until Element Is Visible" owner="SeleniumLibrary">
<arg>${Error_message_login}</arg>
<arg>timeout=10s</arg>
<doc>Waits until the element ``locator`` is visible.</doc>
<status status="PASS" start="2025-03-20T08:19:41.424059" elapsed="2.166549"/>
</kw>
<status status="PASS" start="2025-03-20T08:19:41.423805" elapsed="2.166910"/>
</kw>
<kw name="Verify error message is correct">
<kw name="Element Text Should Be" owner="SeleniumLibrary">
<msg time="2025-03-20T08:19:43.591260" level="INFO">Verifying element 'css:.alert-danger' contains exact text 'Incorrect username/password.'.</msg>
<arg>${Error_message_login}</arg>
<arg>Incorrect username/password.</arg>
<doc>Verifies that element ``locator`` contains exact the text ``expected``.</doc>
<status status="PASS" start="2025-03-20T08:19:43.591087" elapsed="0.014689"/>
</kw>
<status status="PASS" start="2025-03-20T08:19:43.590842" elapsed="0.015036"/>
</kw>
<arg>${special_character}</arg>
<arg>${valid_password}</arg>
<status status="PASS" start="2025-03-20T08:19:40.442286" elapsed="3.163636"/>
</kw>
<kw name="Close Browser" owner="SeleniumLibrary" type="TEARDOWN">
<doc>Closes the current browser.</doc>
<status status="PASS" start="2025-03-20T08:19:43.606196" elapsed="0.078191"/>
</kw>
<status status="PASS" start="2025-03-20T08:19:37.127463" elapsed="6.557020"/>
</test>
<doc>To validate the Login form</doc>
<status status="PASS" start="2025-03-20T08:19:06.977908" elapsed="36.707118"/>
</suite>
<status status="PASS" start="2025-03-20T08:19:06.944960" elapsed="36.740577"/>
</suite>
<statistics>
<total>
<stat pass="3" fail="0" skip="0">All Tests</stat>
</total>
<tag>
</tag>
<suite>
<stat name="Tests" id="s1" pass="3" fail="0" skip="0">Tests</stat>
<stat name="Testdemo4" id="s1-s1" pass="3" fail="0" skip="0">Tests.Testdemo4</stat>
</suite>
</statistics>
<errors>
</errors>
</robot>
