<?xml version="1.0" encoding="UTF-8"?>
<robot generator="Robot 7.2.2 (Python 3.11.0 on darwin)" generated="2025-03-20T08:27:00.283906" rpa="false" schemaversion="5">
<suite id="s1" name="Tests" source="/Users/mitran/pythonProject/RobotFramework/tests">
<suite id="s1-s1" name="Testdemo4" source="/Users/mitran/pythonProject/RobotFramework/tests/testdemo4.robot">
<test id="s1-s1-t1" name="Invalid username" line="16">
<kw name="Open the browser with the Mortgage payment url" owner="generic" type="SETUP">
<kw name="Open Browser" owner="SeleniumLibrary">
<msg time="2025-03-20T08:27:00.564816" level="INFO">Opening browser 'chrome' to base url 'about:blank'.</msg>
<arg>about:blank</arg>
<arg>chrome</arg>
<doc>Opens a new browser instance to the optional ``url``.</doc>
<status status="PASS" start="2025-03-20T08:27:00.564411" elapsed="3.865693"/>
</kw>
<kw name="Go To" owner="SeleniumLibrary">
<msg time="2025-03-20T08:27:04.434621" level="INFO">Opening url 'https://rahulshettyacademy.com/loginpagePractise/'</msg>
<arg>${url}</arg>
<doc>Navigates the current browser window to the provided ``url``.</doc>
<status status="PASS" start="2025-03-20T08:27:04.432990" elapsed="1.939306"/>
</kw>
<status status="PASS" start="2025-03-20T08:27:00.562932" elapsed="5.809543"/>
</kw>
<kw name="Validate UnSuccessful Login">
<kw name="Fill the login form">
<kw name="Wait Until Element Is Visible" owner="SeleniumLibrary">
<arg>id:username</arg>
<doc>Waits until the element ``locator`` is visible.</doc>
<status status="PASS" start="2025-03-20T08:27:06.375215" elapsed="0.031245"/>
</kw>
<kw name="Wait Until Element Is Visible" owner="SeleniumLibrary">
<arg>id:password</arg>
<doc>Waits until the element ``locator`` is visible.</doc>
<status status="PASS" start="2025-03-20T08:27:06.406650" elapsed="0.019885"/>
</kw>
<kw name="Input Text" owner="SeleniumLibrary">
<msg time="2025-03-20T08:27:06.427036" level="INFO">Typing text 'mitest' into text field 'id:username'.</msg>
<arg>id:username</arg>
<arg>${username}</arg>
<doc>Types the given ``text`` into the text field identified by ``locator``.</doc>
<status status="PASS" start="2025-03-20T08:27:06.426721" elapsed="0.154614"/>
</kw>
<kw name="Input Password" owner="SeleniumLibrary">
<msg time="2025-03-20T08:27:06.581925" level="INFO">Typing password into text field 'id:password'.</msg>
<msg time="2025-03-20T08:27:06.602635" level="INFO">Temporally setting log level to: NONE</msg>
<arg>id:password</arg>
<arg>${password}</arg>
<doc>Types the given password into the text field identified by ``locator``.</doc>
<status status="PASS" start="2025-03-20T08:27:06.581515" elapsed="0.053820"/>
</kw>
<kw name="Click Button" owner="SeleniumLibrary">
<msg time="2025-03-20T08:27:06.635742" level="INFO">Clicking button 'id:signInBtn'.</msg>
<arg>id:signInBtn</arg>
<doc>Clicks the button identified by ``locator``.</doc>
<status status="PASS" start="2025-03-20T08:27:06.635505" elapsed="0.073715"/>
</kw>
<arg>${username}</arg>
<arg>${password}</arg>
<status status="PASS" start="2025-03-20T08:27:06.373643" elapsed="0.335696"/>
</kw>
<kw name="Wait until it checks and display error message">
<kw name="Wait Until Element Is Visible" owner="SeleniumLibrary">
<arg>${Error_message_login}</arg>
<arg>timeout=10s</arg>
<doc>Waits until the element ``locator`` is visible.</doc>
<status status="PASS" start="2025-03-20T08:27:06.709766" elapsed="2.061855"/>
</kw>
<status status="PASS" start="2025-03-20T08:27:06.709480" elapsed="2.062259"/>
</kw>
<kw name="Verify error message is correct">
<kw name="Element Text Should Be" owner="SeleniumLibrary">
<msg time="2025-03-20T08:27:08.772375" level="INFO">Verifying element 'css:.alert-danger' contains exact text 'Incorrect username/password.'.</msg>
<arg>${Error_message_login}</arg>
<arg>Incorrect username/password.</arg>
<doc>Verifies that element ``locator`` contains exact the text ``expected``.</doc>
<status status="PASS" start="2025-03-20T08:27:08.772170" elapsed="0.016678"/>
</kw>
<status status="PASS" start="2025-03-20T08:27:08.771878" elapsed="0.017071"/>
</kw>
<arg>${invalid_user_name}</arg>
<arg>${valid_password}</arg>
<status status="PASS" start="2025-03-20T08:27:06.372804" elapsed="2.416191"/>
</kw>
<kw name="Close Browser" owner="SeleniumLibrary" type="TEARDOWN">
<doc>Closes the current browser.</doc>
<status status="PASS" start="2025-03-20T08:27:08.789185" elapsed="0.078647"/>
</kw>
<status status="PASS" start="2025-03-20T08:27:00.561662" elapsed="8.306331"/>
</test>
<test id="s1-s1-t2" name="Invalid password" line="17">
<kw name="Open the browser with the Mortgage payment url" owner="generic" type="SETUP">
<kw name="Open Browser" owner="SeleniumLibrary">
<msg time="2025-03-20T08:27:08.869096" level="INFO">Opening browser 'chrome' to base url 'about:blank'.</msg>
<arg>about:blank</arg>
<arg>chrome</arg>
<doc>Opens a new browser instance to the optional ``url``.</doc>
<status status="PASS" start="2025-03-20T08:27:08.868938" elapsed="0.937961"/>
</kw>
<kw name="Go To" owner="SeleniumLibrary">
<msg time="2025-03-20T08:27:09.808099" level="INFO">Opening url 'https://rahulshettyacademy.com/loginpagePractise/'</msg>
<arg>${url}</arg>
<doc>Navigates the current browser window to the provided ``url``.</doc>
<status status="PASS" start="2025-03-20T08:27:09.807519" elapsed="2.851813"/>
</kw>
<status status="PASS" start="2025-03-20T08:27:08.868676" elapsed="3.790787"/>
</kw>
<kw name="Validate UnSuccessful Login">
<kw name="Fill the login form">
<kw name="Wait Until Element Is Visible" owner="SeleniumLibrary">
<arg>id:username</arg>
<doc>Waits until the element ``locator`` is visible.</doc>
<status status="PASS" start="2025-03-20T08:27:12.660968" elapsed="0.016315"/>
</kw>
<kw name="Wait Until Element Is Visible" owner="SeleniumLibrary">
<arg>id:password</arg>
<doc>Waits until the element ``locator`` is visible.</doc>
<status status="PASS" start="2025-03-20T08:27:12.677445" elapsed="0.017628"/>
</kw>
<kw name="Input Text" owner="SeleniumLibrary">
<msg time="2025-03-20T08:27:12.695475" level="INFO">Typing text 'rahulshettyacademy' into text field 'id:username'.</msg>
<arg>id:username</arg>
<arg>${username}</arg>
<doc>Types the given ``text`` into the text field identified by ``locator``.</doc>
<status status="PASS" start="2025-03-20T08:27:12.695225" elapsed="0.144756"/>
</kw>
<kw name="Input Password" owner="SeleniumLibrary">
<msg time="2025-03-20T08:27:12.842546" level="INFO">Typing password into text field 'id:password'.</msg>
<msg time="2025-03-20T08:27:12.870718" level="INFO">Temporally setting log level to: NONE</msg>
<arg>id:password</arg>
<arg>${password}</arg>
<doc>Types the given password into the text field identified by ``locator``.</doc>
<status status="PASS" start="2025-03-20T08:27:12.840248" elapsed="0.066238"/>
</kw>
<kw name="Click Button" owner="SeleniumLibrary">
<msg time="2025-03-20T08:27:12.907066" level="INFO">Clicking button 'id:signInBtn'.</msg>
<arg>id:signInBtn</arg>
<doc>Clicks the button identified by ``locator``.</doc>
<status status="PASS" start="2025-03-20T08:27:12.906844" elapsed="0.065503"/>
</kw>
<arg>${username}</arg>
<arg>${password}</arg>
<status status="PASS" start="2025-03-20T08:27:12.660619" elapsed="0.311855"/>
</kw>
<kw name="Wait until it checks and display error message">
<kw name="Wait Until Element Is Visible" owner="SeleniumLibrary">
<arg>${Error_message_login}</arg>
<arg>timeout=10s</arg>
<doc>Waits until the element ``locator`` is visible.</doc>
<status status="PASS" start="2025-03-20T08:27:12.972900" elapsed="2.171681"/>
</kw>
<status status="PASS" start="2025-03-20T08:27:12.972621" elapsed="2.172163"/>
</kw>
<kw name="Verify error message is correct">
<kw name="Element Text Should Be" owner="SeleniumLibrary">
<msg time="2025-03-20T08:27:15.145623" level="INFO">Verifying element 'css:.alert-danger' contains exact text 'Incorrect username/password.'.</msg>
<arg>${Error_message_login}</arg>
<arg>Incorrect username/password.</arg>
<doc>Verifies that element ``locator`` contains exact the text ``expected``.</doc>
<status status="PASS" start="2025-03-20T08:27:15.145396" elapsed="0.019117"/>
</kw>
<status status="PASS" start="2025-03-20T08:27:15.144985" elapsed="0.019868"/>
</kw>
<arg>${user_name}</arg>
<arg>${invalid_password}</arg>
<status status="PASS" start="2025-03-20T08:27:12.659723" elapsed="2.505570"/>
</kw>
<kw name="Close Browser" owner="SeleniumLibrary" type="TEARDOWN">
<doc>Closes the current browser.</doc>
<status status="PASS" start="2025-03-20T08:27:15.165885" elapsed="0.081788"/>
</kw>
<status status="PASS" start="2025-03-20T08:27:08.868362" elapsed="6.379474"/>
</test>
<test id="s1-s1-t3" name="Special characters" line="18">
<kw name="Open the browser with the Mortgage payment url" owner="generic" type="SETUP">
<kw name="Open Browser" owner="SeleniumLibrary">
<msg time="2025-03-20T08:27:15.248977" level="INFO">Opening browser 'chrome' to base url 'about:blank'.</msg>
<arg>about:blank</arg>
<arg>chrome</arg>
<doc>Opens a new browser instance to the optional ``url``.</doc>
<status status="PASS" start="2025-03-20T08:27:15.248819" elapsed="0.924094"/>
</kw>
<kw name="Go To" owner="SeleniumLibrary">
<msg time="2025-03-20T08:27:16.177567" level="INFO">Opening url 'https://rahulshettyacademy.com/loginpagePractise/'</msg>
<arg>${url}</arg>
<doc>Navigates the current browser window to the provided ``url``.</doc>
<status status="PASS" start="2025-03-20T08:27:16.176865" elapsed="0.789419"/>
</kw>
<status status="PASS" start="2025-03-20T08:27:15.248559" elapsed="1.717910"/>
</kw>
<kw name="Validate UnSuccessful Login">
<kw name="Fill the login form">
<kw name="Wait Until Element Is Visible" owner="SeleniumLibrary">
<arg>id:username</arg>
<doc>Waits until the element ``locator`` is visible.</doc>
<status status="PASS" start="2025-03-20T08:27:16.967307" elapsed="0.015444"/>
</kw>
<kw name="Wait Until Element Is Visible" owner="SeleniumLibrary">
<arg>id:password</arg>
<doc>Waits until the element ``locator`` is visible.</doc>
<status status="PASS" start="2025-03-20T08:27:16.982902" elapsed="0.013540"/>
</kw>
<kw name="Input Text" owner="SeleniumLibrary">
<msg time="2025-03-20T08:27:16.996832" level="INFO">Typing text '%^&amp;}test' into text field 'id:username'.</msg>
<arg>id:username</arg>
<arg>${username}</arg>
<doc>Types the given ``text`` into the text field identified by ``locator``.</doc>
<status status="PASS" start="2025-03-20T08:27:16.996597" elapsed="0.142770"/>
</kw>
<kw name="Input Password" owner="SeleniumLibrary">
<msg time="2025-03-20T08:27:17.140055" level="INFO">Typing password into text field 'id:password'.</msg>
<msg time="2025-03-20T08:27:17.163523" level="INFO">Temporally setting log level to: NONE</msg>
<arg>id:password</arg>
<arg>${password}</arg>
<doc>Types the given password into the text field identified by ``locator``.</doc>
<status status="PASS" start="2025-03-20T08:27:17.139713" elapsed="0.065004"/>
</kw>
<kw name="Click Button" owner="SeleniumLibrary">
<msg time="2025-03-20T08:27:17.205059" level="INFO">Clicking button 'id:signInBtn'.</msg>
<arg>id:signInBtn</arg>
<doc>Clicks the button identified by ``locator``.</doc>
<status status="PASS" start="2025-03-20T08:27:17.204860" elapsed="0.055719"/>
</kw>
<arg>${username}</arg>
<arg>${password}</arg>
<status status="PASS" start="2025-03-20T08:27:16.967103" elapsed="0.293577"/>
</kw>
<kw name="Wait until it checks and display error message">
<kw name="Wait Until Element Is Visible" owner="SeleniumLibrary">
<arg>${Error_message_login}</arg>
<arg>timeout=10s</arg>
<doc>Waits until the element ``locator`` is visible.</doc>
<status status="PASS" start="2025-03-20T08:27:17.261132" elapsed="2.174017"/>
</kw>
<status status="PASS" start="2025-03-20T08:27:17.260839" elapsed="2.174455"/>
</kw>
<kw name="Verify error message is correct">
<kw name="Element Text Should Be" owner="SeleniumLibrary">
<msg time="2025-03-20T08:27:19.436079" level="INFO">Verifying element 'css:.alert-danger' contains exact text 'Incorrect username/password.'.</msg>
<arg>${Error_message_login}</arg>
<arg>Incorrect username/password.</arg>
<doc>Verifies that element ``locator`` contains exact the text ``expected``.</doc>
<status status="PASS" start="2025-03-20T08:27:19.435839" elapsed="0.018722"/>
</kw>
<status status="PASS" start="2025-03-20T08:27:19.435464" elapsed="0.019211"/>
</kw>
<arg>${special_character}</arg>
<arg>${valid_password}</arg>
<status status="PASS" start="2025-03-20T08:27:16.966734" elapsed="2.487994"/>
</kw>
<kw name="Close Browser" owner="SeleniumLibrary" type="TEARDOWN">
<doc>Closes the current browser.</doc>
<status status="PASS" start="2025-03-20T08:27:19.454957" elapsed="0.076901"/>
</kw>
<status status="PASS" start="2025-03-20T08:27:15.248259" elapsed="4.283690"/>
</test>
<doc>To validate the Login form</doc>
<status status="PASS" start="2025-03-20T08:27:00.328593" elapsed="19.203877"/>
</suite>
<status status="PASS" start="2025-03-20T08:27:00.298988" elapsed="19.233961"/>
</suite>
<statistics>
<total>
<stat pass="3" fail="0" skip="0">All Tests</stat>
</total>
<tag>
</tag>
<suite>
<stat name="Tests" id="s1" pass="3" fail="0" skip="0">Tests</stat>
<stat name="Testdemo4" id="s1-s1" pass="3" fail="0" skip="0">Tests.Testdemo4</stat>
</suite>
</statistics>
<errors>
</errors>
</robot>
