<?xml version="1.0" encoding="UTF-8"?>
<robot generator="Robot 7.2.2 (Python 3.11.0 on darwin)" generated="2025-03-20T08:19:06.943586" rpa="false" schemaversion="5">
<suite id="s1" name="Tests" source="/Users/mitran/pythonProject/RobotFramework/tests">
<suite id="s1-s1" name="Testdemo7" source="/Users/mitran/pythonProject/RobotFramework/tests/testdemo7.robot">
<test id="s1-s1-t1" name="Log in and add product to card:" line="22">
<kw name="Open the browser with the Mortgage payment url" owner="generic" type="SETUP">
<kw name="Open Browser" owner="SeleniumLibrary">
<msg time="2025-03-20T08:19:07.267693" level="INFO">Opening browser 'chrome' to base url 'about:blank'.</msg>
<arg>about:blank</arg>
<arg>chrome</arg>
<doc>Opens a new browser instance to the optional ``url``.</doc>
<status status="PASS" start="2025-03-20T08:19:07.267386" elapsed="14.828105"/>
</kw>
<kw name="Go To" owner="SeleniumLibrary">
<msg time="2025-03-20T08:19:22.116780" level="INFO">Opening url 'https://rahulshettyacademy.com/loginpagePractise/'</msg>
<arg>${url}</arg>
<doc>Navigates the current browser window to the provided ``url``.</doc>
<status status="PASS" start="2025-03-20T08:19:22.112553" elapsed="2.947184"/>
</kw>
<status status="PASS" start="2025-03-20T08:19:07.266277" elapsed="17.798097"/>
</kw>
<kw name="Fill the login details and login page" owner="LandingPage">
<kw name="Input Text" owner="SeleniumLibrary">
<msg time="2025-03-20T08:19:25.169924" level="INFO">Typing text 'rahulshettyacademy' into text field 'id:username'.</msg>
<arg>id:username</arg>
<arg>${user_name}</arg>
<doc>Types the given ``text`` into the text field identified by ``locator``.</doc>
<status status="PASS" start="2025-03-20T08:19:25.158272" elapsed="1.312666"/>
</kw>
<kw name="Input Password" owner="SeleniumLibrary">
<msg time="2025-03-20T08:19:26.472099" level="INFO">Typing password into text field 'id:password'.</msg>
<msg time="2025-03-20T08:19:26.533636" level="INFO">Temporally setting log level to: NONE</msg>
<arg>id:password</arg>
<arg>learning</arg>
<doc>Types the given password into the text field identified by ``locator``.</doc>
<status status="PASS" start="2025-03-20T08:19:26.471389" elapsed="0.238143"/>
</kw>
<kw name="Click Element" owner="SeleniumLibrary">
<msg time="2025-03-20T08:19:26.711084" level="INFO">Clicking element 'css:input[value="user"] + .checkmark'.</msg>
<arg>css:input[value="user"] + .checkmark</arg>
<doc>Click the element identified by ``locator``.</doc>
<status status="PASS" start="2025-03-20T08:19:26.709925" elapsed="0.127012"/>
</kw>
<kw name="Wait Until Element Is Visible" owner="SeleniumLibrary">
<arg>css:.modal-body</arg>
<doc>Waits until the element ``locator`` is visible.</doc>
<status status="PASS" start="2025-03-20T08:19:26.843252" elapsed="0.278730"/>
</kw>
<kw name="Sleep" owner="BuiltIn">
<msg time="2025-03-20T08:19:29.124500" level="INFO">Slept 2 seconds.</msg>
<arg>2s</arg>
<doc>Pauses the test executed for the given time.</doc>
<status status="PASS" start="2025-03-20T08:19:27.122359" elapsed="2.002252"/>
</kw>
<kw name="Click Element" owner="SeleniumLibrary">
<msg time="2025-03-20T08:19:29.125023" level="INFO">Clicking element 'id:okayBtn'.</msg>
<arg>id:okayBtn</arg>
<doc>Click the element identified by ``locator``.</doc>
<status status="PASS" start="2025-03-20T08:19:29.124794" elapsed="0.045234"/>
</kw>
<kw name="Wait Until Element Is Not Visible" owner="SeleniumLibrary">
<arg>css:.modal-body</arg>
<doc>Waits until the element ``locator`` is not visible.</doc>
<status status="PASS" start="2025-03-20T08:19:29.170213" elapsed="0.227451"/>
</kw>
<kw name="Select From List By Value" owner="SeleniumLibrary">
<msg time="2025-03-20T08:19:29.398604" level="INFO">Selecting options from selection list 'css:select.form-control' by value teach.</msg>
<arg>css:select.form-control</arg>
<arg>teach</arg>
<doc>Selects options from selection list ``locator`` by ``values``.</doc>
<status status="PASS" start="2025-03-20T08:19:29.398253" elapsed="0.098228"/>
</kw>
<kw name="Select Checkbox" owner="SeleniumLibrary">
<msg time="2025-03-20T08:19:29.497460" level="INFO">Selecting checkbox 'id:terms'.</msg>
<arg>id:terms</arg>
<doc>Selects the checkbox identified by ``locator``.</doc>
<status status="PASS" start="2025-03-20T08:19:29.496872" elapsed="0.128340"/>
</kw>
<kw name="Checkbox Should Be Selected" owner="SeleniumLibrary">
<msg time="2025-03-20T08:19:29.625827" level="INFO">Verifying checkbox 'id:terms' is selected.</msg>
<arg>id:terms</arg>
<doc>Verifies checkbox ``locator`` is selected/checked.</doc>
<status status="PASS" start="2025-03-20T08:19:29.625512" elapsed="0.034480"/>
</kw>
<kw name="Click Button" owner="SeleniumLibrary">
<msg time="2025-03-20T08:19:29.660711" level="INFO">Clicking button 'id:signInBtn'.</msg>
<arg>id:signInBtn</arg>
<doc>Clicks the button identified by ``locator``.</doc>
<status status="PASS" start="2025-03-20T08:19:29.660278" elapsed="0.128729"/>
</kw>
<status status="PASS" start="2025-03-20T08:19:25.156172" elapsed="4.633007"/>
</kw>
<kw name="Wait for element to appear" owner="ShopPage">
<kw name="Wait Until Element Is Visible" owner="SeleniumLibrary">
<arg>${element}</arg>
<doc>Waits until the element ``locator`` is visible.</doc>
<status status="PASS" start="2025-03-20T08:19:29.789979" elapsed="3.268893"/>
</kw>
<arg>${Shop_page_load}</arg>
<status status="PASS" start="2025-03-20T08:19:29.789460" elapsed="3.269518"/>
</kw>
<kw name="Verify Card titles in the Shop page" owner="ShopPage">
<kw name="Create List" owner="BuiltIn">
<msg time="2025-03-20T08:19:33.059786" level="INFO">@{expected_list} = [ iphone X | Samsung Note 8 | Nokia Edge | Blackberry ]</msg>
<var>@{expected_list}</var>
<arg>iphone X</arg>
<arg>Samsung Note 8</arg>
<arg>Nokia Edge</arg>
<arg>Blackberry</arg>
<doc>Returns a list containing given items.</doc>
<status status="PASS" start="2025-03-20T08:19:33.059588" elapsed="0.000228"/>
</kw>
<kw name="Get WebElements" owner="SeleniumLibrary">
<msg time="2025-03-20T08:19:33.068599" level="INFO">${product_elements} = [&lt;selenium.webdriver.remote.webelement.WebElement (session="90e5d1da6530d1417bf38510ad4dd94a", element="f.87479D1139856235756B67D62CF0FC07.d.E2D21D1DE71694F943CAF00EEBE8CFBC.e.77")&gt;, &lt;selenium.webdriv...</msg>
<var>${product_elements}</var>
<arg>css:.card-title</arg>
<doc>Returns a list of WebElement objects matching the ``locator``.</doc>
<status status="PASS" start="2025-03-20T08:19:33.059931" elapsed="0.008717"/>
</kw>
<kw name="Create List" owner="BuiltIn">
<msg time="2025-03-20T08:19:33.069006" level="INFO">@{actual_list} = [ ]</msg>
<var>@{actual_list}</var>
<doc>Returns a list containing given items.</doc>
<status status="PASS" start="2025-03-20T08:19:33.068805" elapsed="0.000226"/>
</kw>
<for flavor="IN">
<iter>
<kw name="Log" owner="BuiltIn">
<msg time="2025-03-20T08:19:33.082025" level="INFO">iphone X</msg>
<arg>${element.text}</arg>
<doc>Logs the given message with the given level.</doc>
<status status="PASS" start="2025-03-20T08:19:33.069462" elapsed="0.012630"/>
</kw>
<kw name="Append To List" owner="Collections">
<arg>${actual_list}</arg>
<arg>${element.text}</arg>
<doc>Adds ``values`` to the end of ``list``.</doc>
<status status="PASS" start="2025-03-20T08:19:33.082243" elapsed="0.008656"/>
</kw>
<var name="${element}">&lt;selenium.webdriver.remote.webelement.WebElement (session="90e5d1da6530d1417bf38510ad4dd94a", element="f.87479D1139856235756B67D62CF0FC07.d.E2D21D1DE71694F943CAF00EEBE8CFBC.e.77")&gt;</var>
<status status="PASS" start="2025-03-20T08:19:33.069317" elapsed="0.021774"/>
</iter>
<iter>
<kw name="Log" owner="BuiltIn">
<msg time="2025-03-20T08:19:33.102764" level="INFO">Samsung Note 8</msg>
<arg>${element.text}</arg>
<doc>Logs the given message with the given level.</doc>
<status status="PASS" start="2025-03-20T08:19:33.092333" elapsed="0.010530"/>
</kw>
<kw name="Append To List" owner="Collections">
<arg>${actual_list}</arg>
<arg>${element.text}</arg>
<doc>Adds ``values`` to the end of ``list``.</doc>
<status status="PASS" start="2025-03-20T08:19:33.103090" elapsed="0.010454"/>
</kw>
<var name="${element}">&lt;selenium.webdriver.remote.webelement.WebElement (session="90e5d1da6530d1417bf38510ad4dd94a", element="f.87479D1139856235756B67D62CF0FC07.d.E2D21D1DE71694F943CAF00EEBE8CFBC.e.78")&gt;</var>
<status status="PASS" start="2025-03-20T08:19:33.091770" elapsed="0.021905"/>
</iter>
<iter>
<kw name="Log" owner="BuiltIn">
<msg time="2025-03-20T08:19:33.129458" level="INFO">Nokia Edge</msg>
<arg>${element.text}</arg>
<doc>Logs the given message with the given level.</doc>
<status status="PASS" start="2025-03-20T08:19:33.115402" elapsed="0.014164"/>
</kw>
<kw name="Append To List" owner="Collections">
<arg>${actual_list}</arg>
<arg>${element.text}</arg>
<doc>Adds ``values`` to the end of ``list``.</doc>
<status status="PASS" start="2025-03-20T08:19:33.129815" elapsed="0.010437"/>
</kw>
<var name="${element}">&lt;selenium.webdriver.remote.webelement.WebElement (session="90e5d1da6530d1417bf38510ad4dd94a", element="f.87479D1139856235756B67D62CF0FC07.d.E2D21D1DE71694F943CAF00EEBE8CFBC.e.79")&gt;</var>
<status status="PASS" start="2025-03-20T08:19:33.114444" elapsed="0.025908"/>
</iter>
<iter>
<kw name="Log" owner="BuiltIn">
<msg time="2025-03-20T08:19:33.149532" level="INFO">Blackberry</msg>
<arg>${element.text}</arg>
<doc>Logs the given message with the given level.</doc>
<status status="PASS" start="2025-03-20T08:19:33.140774" elapsed="0.008831"/>
</kw>
<kw name="Append To List" owner="Collections">
<arg>${actual_list}</arg>
<arg>${element.text}</arg>
<doc>Adds ``values`` to the end of ``list``.</doc>
<status status="PASS" start="2025-03-20T08:19:33.149781" elapsed="0.010822"/>
</kw>
<var name="${element}">&lt;selenium.webdriver.remote.webelement.WebElement (session="90e5d1da6530d1417bf38510ad4dd94a", element="f.87479D1139856235756B67D62CF0FC07.d.E2D21D1DE71694F943CAF00EEBE8CFBC.e.80")&gt;</var>
<status status="PASS" start="2025-03-20T08:19:33.140531" elapsed="0.020165"/>
</iter>
<var>${element}</var>
<value>@{product_elements}</value>
<status status="PASS" start="2025-03-20T08:19:33.069142" elapsed="0.091744"/>
</for>
<kw name="Lists Should Be Equal" owner="Collections">
<arg>${actual_list}</arg>
<arg>${expected_list}</arg>
<doc>Fails if given lists are unequal.</doc>
<status status="PASS" start="2025-03-20T08:19:33.161162" elapsed="0.000632"/>
</kw>
<status status="PASS" start="2025-03-20T08:19:33.059276" elapsed="0.102603"/>
</kw>
<kw name="Add Items To Cart And Checkout" owner="shop">
<msg time="2025-03-20T08:19:33.194827" level="INFO">Clicking button '&lt;selenium.webdriver.remote.webelement.WebElement (session="90e5d1da6530d1417bf38510ad4dd94a", element="f.87479D1139856235756B67D62CF0FC07.d.E2D21D1DE71694F943CAF00EEBE8CFBC.e.81")&gt;'.</msg>
<msg time="2025-03-20T08:19:33.323941" level="INFO">Clicking button '&lt;selenium.webdriver.remote.webelement.WebElement (session="90e5d1da6530d1417bf38510ad4dd94a", element="f.87479D1139856235756B67D62CF0FC07.d.E2D21D1DE71694F943CAF00EEBE8CFBC.e.82")&gt;'.</msg>
<msg time="2025-03-20T08:19:33.547861" level="INFO">Clicking link 'css:li.active a'.</msg>
<arg>${productslist}</arg>
<status status="PASS" start="2025-03-20T08:19:33.161993" elapsed="0.509852"/>
</kw>
<kw name="Verify items in the checkout page and proceed" owner="CheckoutPage">
<kw name="Click Element" owner="SeleniumLibrary">
<msg time="2025-03-20T08:19:33.672922" level="INFO">Clicking element 'css:.btn-success'.</msg>
<arg>css:.btn-success</arg>
<doc>Click the element identified by ``locator``.</doc>
<status status="PASS" start="2025-03-20T08:19:33.672682" elapsed="0.096894"/>
</kw>
<status status="PASS" start="2025-03-20T08:19:33.672224" elapsed="0.097525"/>
</kw>
<kw name="Enter the country and select the term" owner="ConfirmationPage">
<kw name="Input Text" owner="SeleniumLibrary">
<msg time="2025-03-20T08:19:33.777618" level="INFO">Typing text 'India' into text field 'country'.</msg>
<arg>country</arg>
<arg>${country_name}</arg>
<doc>Types the given ``text`` into the text field identified by ``locator``.</doc>
<status status="PASS" start="2025-03-20T08:19:33.777258" elapsed="0.133445"/>
</kw>
<kw name="Sleep" owner="BuiltIn">
<msg time="2025-03-20T08:19:38.913619" level="INFO">Slept 5 seconds.</msg>
<arg>5s</arg>
<doc>Pauses the test executed for the given time.</doc>
<status status="PASS" start="2025-03-20T08:19:33.911110" elapsed="5.002646"/>
</kw>
<kw name="Wait for element to appear" owner="generic">
<kw name="Wait Until Element Is Visible" owner="SeleniumLibrary">
<arg>${element}</arg>
<doc>Waits until the element ``locator`` is visible.</doc>
<status status="PASS" start="2025-03-20T08:19:38.914519" elapsed="0.016969"/>
</kw>
<arg>//a[text()="${country_name}"]</arg>
<status status="PASS" start="2025-03-20T08:19:38.914025" elapsed="0.017589"/>
</kw>
<kw name="Click Element" owner="SeleniumLibrary">
<msg time="2025-03-20T08:19:38.932094" level="INFO">Clicking element '//a[text()="India"]'.</msg>
<arg>//a[text()="${country_name}"]</arg>
<doc>Click the element identified by ``locator``.</doc>
<status status="PASS" start="2025-03-20T08:19:38.931761" elapsed="0.038825"/>
</kw>
<kw name="Click Element" owner="SeleniumLibrary">
<msg time="2025-03-20T08:19:38.971147" level="INFO">Clicking element 'css:.checkbox label'.</msg>
<arg>css:.checkbox label</arg>
<doc>Click the element identified by ``locator``.</doc>
<status status="PASS" start="2025-03-20T08:19:38.970748" elapsed="0.041809"/>
</kw>
<arg>${country_name}</arg>
<status status="PASS" start="2025-03-20T08:19:33.770191" elapsed="5.242465"/>
</kw>
<kw name="ConfirmationPage.Purchase product and confirmation" owner="ConfirmationPage">
<kw name="Click Element" owner="SeleniumLibrary">
<msg time="2025-03-20T08:19:39.013238" level="INFO">Clicking element 'css:.btn-success'.</msg>
<arg>css:.btn-success</arg>
<doc>Click the element identified by ``locator``.</doc>
<status status="PASS" start="2025-03-20T08:19:39.013097" elapsed="0.043667"/>
</kw>
<kw name="Page Should Contain" owner="SeleniumLibrary">
<msg time="2025-03-20T08:19:39.069372" level="INFO">Current page contains text 'Success!'.</msg>
<arg>Success!</arg>
<doc>Verifies that current page contains ``text``.</doc>
<status status="PASS" start="2025-03-20T08:19:39.056920" elapsed="0.012529"/>
</kw>
<status status="PASS" start="2025-03-20T08:19:39.012835" elapsed="0.056696"/>
</kw>
<kw name="Close browser session" owner="generic" type="TEARDOWN">
<kw name="Close Browser" owner="SeleniumLibrary">
<doc>Closes the current browser.</doc>
<status status="PASS" start="2025-03-20T08:19:39.070075" elapsed="0.085978"/>
</kw>
<status status="PASS" start="2025-03-20T08:19:39.069777" elapsed="0.086370"/>
</kw>
<status status="PASS" start="2025-03-20T08:19:07.265343" elapsed="31.890848"/>
</test>
<doc>To validate the Login form</doc>
<status status="PASS" start="2025-03-20T08:19:06.985047" elapsed="32.171785"/>
</suite>
<status status="PASS" start="2025-03-20T08:19:06.954688" elapsed="32.202570"/>
</suite>
<statistics>
<total>
<stat pass="1" fail="0" skip="0">All Tests</stat>
</total>
<tag>
</tag>
<suite>
<stat name="Tests" id="s1" pass="1" fail="0" skip="0">Tests</stat>
<stat name="Testdemo7" id="s1-s1" pass="1" fail="0" skip="0">Tests.Testdemo7</stat>
</suite>
</statistics>
<errors>
</errors>
</robot>
